ARM GAS  C:\Users\ADMINI~1\AppData\Local\Temp\ccVFIPCI.s 			page 1


   1              		.syntax unified
   2              		.cpu cortex-m0
   3              		.fpu softvfp
   4              		.eabi_attribute 20, 1
   5              		.eabi_attribute 21, 1
   6              		.eabi_attribute 23, 3
   7              		.eabi_attribute 24, 1
   8              		.eabi_attribute 25, 1
   9              		.eabi_attribute 26, 1
  10              		.eabi_attribute 30, 6
  11              		.eabi_attribute 34, 0
  12              		.eabi_attribute 18, 4
  13              		.thumb
  14              		.syntax unified
  15              		.file	"Opamp_PM.c"
  16              		.text
  17              	.Ltext0:
  18              		.cfi_sections	.debug_frame
  19              		.bss
  20              		.align	2
  21              	Opamp_backup:
  22 0000 00       		.space	1
  23              		.section	.text.Opamp_SaveConfig,"ax",%progbits
  24              		.align	2
  25              		.global	Opamp_SaveConfig
  26              		.code	16
  27              		.thumb_func
  28              		.type	Opamp_SaveConfig, %function
  29              	Opamp_SaveConfig:
  30              	.LFB0:
  31              		.file 1 "Generated_Source\\PSoC4\\Opamp_PM.c"
   1:Generated_Source\PSoC4/Opamp_PM.c **** /*******************************************************************************
   2:Generated_Source\PSoC4/Opamp_PM.c **** * File Name: Opamp_PM.c
   3:Generated_Source\PSoC4/Opamp_PM.c **** * Version 1.20
   4:Generated_Source\PSoC4/Opamp_PM.c **** *
   5:Generated_Source\PSoC4/Opamp_PM.c **** * Description:
   6:Generated_Source\PSoC4/Opamp_PM.c **** *  This file provides the power management source code to the API for the
   7:Generated_Source\PSoC4/Opamp_PM.c **** *  Opamp (Analog Buffer) component.
   8:Generated_Source\PSoC4/Opamp_PM.c **** *
   9:Generated_Source\PSoC4/Opamp_PM.c **** *
  10:Generated_Source\PSoC4/Opamp_PM.c **** ********************************************************************************
  11:Generated_Source\PSoC4/Opamp_PM.c **** * Copyright 2013-2015, Cypress Semiconductor Corporation.  All rights reserved.
  12:Generated_Source\PSoC4/Opamp_PM.c **** * You may use this file only in accordance with the license, terms, conditions,
  13:Generated_Source\PSoC4/Opamp_PM.c **** * disclaimers, and limitations in the end user license agreement accompanying
  14:Generated_Source\PSoC4/Opamp_PM.c **** * the software package with which this file was provided.
  15:Generated_Source\PSoC4/Opamp_PM.c **** *******************************************************************************/
  16:Generated_Source\PSoC4/Opamp_PM.c **** 
  17:Generated_Source\PSoC4/Opamp_PM.c **** #include "Opamp.h"
  18:Generated_Source\PSoC4/Opamp_PM.c **** 
  19:Generated_Source\PSoC4/Opamp_PM.c **** #if(!Opamp_CHECK_DEEPSLEEP_SUPPORT)
  20:Generated_Source\PSoC4/Opamp_PM.c ****     static Opamp_BACKUP_STRUCT Opamp_backup =
  21:Generated_Source\PSoC4/Opamp_PM.c ****     {
  22:Generated_Source\PSoC4/Opamp_PM.c ****         0u, /* enableState */
  23:Generated_Source\PSoC4/Opamp_PM.c ****     };
  24:Generated_Source\PSoC4/Opamp_PM.c **** #endif /* (Opamp_CHECK_DEEPSLEEP_SUPPORT) */
  25:Generated_Source\PSoC4/Opamp_PM.c **** 
  26:Generated_Source\PSoC4/Opamp_PM.c **** 
ARM GAS  C:\Users\ADMINI~1\AppData\Local\Temp\ccVFIPCI.s 			page 2


  27:Generated_Source\PSoC4/Opamp_PM.c **** /*******************************************************************************
  28:Generated_Source\PSoC4/Opamp_PM.c **** * Function Name: Opamp_SaveConfig
  29:Generated_Source\PSoC4/Opamp_PM.c **** ********************************************************************************
  30:Generated_Source\PSoC4/Opamp_PM.c **** *
  31:Generated_Source\PSoC4/Opamp_PM.c **** * Summary:
  32:Generated_Source\PSoC4/Opamp_PM.c **** *  Empty function. Included for consistency with other components.
  33:Generated_Source\PSoC4/Opamp_PM.c **** *
  34:Generated_Source\PSoC4/Opamp_PM.c **** * Parameters:
  35:Generated_Source\PSoC4/Opamp_PM.c **** *  None
  36:Generated_Source\PSoC4/Opamp_PM.c **** *
  37:Generated_Source\PSoC4/Opamp_PM.c **** * Return:
  38:Generated_Source\PSoC4/Opamp_PM.c **** *  None
  39:Generated_Source\PSoC4/Opamp_PM.c **** *
  40:Generated_Source\PSoC4/Opamp_PM.c **** *******************************************************************************/
  41:Generated_Source\PSoC4/Opamp_PM.c **** void Opamp_SaveConfig(void)
  42:Generated_Source\PSoC4/Opamp_PM.c **** {
  32              		.loc 1 42 0
  33              		.cfi_startproc
  34              		@ args = 0, pretend = 0, frame = 0
  35              		@ frame_needed = 1, uses_anonymous_args = 0
  36 0000 80B5     		push	{r7, lr}
  37              		.cfi_def_cfa_offset 8
  38              		.cfi_offset 7, -8
  39              		.cfi_offset 14, -4
  40 0002 00AF     		add	r7, sp, #0
  41              		.cfi_def_cfa_register 7
  43:Generated_Source\PSoC4/Opamp_PM.c **** 
  44:Generated_Source\PSoC4/Opamp_PM.c **** }
  42              		.loc 1 44 0
  43 0004 C046     		nop
  44 0006 BD46     		mov	sp, r7
  45              		@ sp needed
  46 0008 80BD     		pop	{r7, pc}
  47              		.cfi_endproc
  48              	.LFE0:
  49              		.size	Opamp_SaveConfig, .-Opamp_SaveConfig
  50 000a C046     		.section	.text.Opamp_RestoreConfig,"ax",%progbits
  51              		.align	2
  52              		.global	Opamp_RestoreConfig
  53              		.code	16
  54              		.thumb_func
  55              		.type	Opamp_RestoreConfig, %function
  56              	Opamp_RestoreConfig:
  57              	.LFB1:
  45:Generated_Source\PSoC4/Opamp_PM.c **** 
  46:Generated_Source\PSoC4/Opamp_PM.c **** 
  47:Generated_Source\PSoC4/Opamp_PM.c **** /*******************************************************************************
  48:Generated_Source\PSoC4/Opamp_PM.c **** * Function Name: Opamp_RestoreConfig
  49:Generated_Source\PSoC4/Opamp_PM.c **** ********************************************************************************
  50:Generated_Source\PSoC4/Opamp_PM.c **** *
  51:Generated_Source\PSoC4/Opamp_PM.c **** * Summary:
  52:Generated_Source\PSoC4/Opamp_PM.c **** *  Empty function. Included for consistency with other components.
  53:Generated_Source\PSoC4/Opamp_PM.c **** *
  54:Generated_Source\PSoC4/Opamp_PM.c **** * Parameters:
  55:Generated_Source\PSoC4/Opamp_PM.c **** *  None
  56:Generated_Source\PSoC4/Opamp_PM.c **** *
  57:Generated_Source\PSoC4/Opamp_PM.c **** * Return:
ARM GAS  C:\Users\ADMINI~1\AppData\Local\Temp\ccVFIPCI.s 			page 3


  58:Generated_Source\PSoC4/Opamp_PM.c **** *  None
  59:Generated_Source\PSoC4/Opamp_PM.c **** *
  60:Generated_Source\PSoC4/Opamp_PM.c **** *******************************************************************************/
  61:Generated_Source\PSoC4/Opamp_PM.c **** void Opamp_RestoreConfig(void)
  62:Generated_Source\PSoC4/Opamp_PM.c **** {
  58              		.loc 1 62 0
  59              		.cfi_startproc
  60              		@ args = 0, pretend = 0, frame = 0
  61              		@ frame_needed = 1, uses_anonymous_args = 0
  62 0000 80B5     		push	{r7, lr}
  63              		.cfi_def_cfa_offset 8
  64              		.cfi_offset 7, -8
  65              		.cfi_offset 14, -4
  66 0002 00AF     		add	r7, sp, #0
  67              		.cfi_def_cfa_register 7
  63:Generated_Source\PSoC4/Opamp_PM.c ****     
  64:Generated_Source\PSoC4/Opamp_PM.c **** }
  68              		.loc 1 64 0
  69 0004 C046     		nop
  70 0006 BD46     		mov	sp, r7
  71              		@ sp needed
  72 0008 80BD     		pop	{r7, pc}
  73              		.cfi_endproc
  74              	.LFE1:
  75              		.size	Opamp_RestoreConfig, .-Opamp_RestoreConfig
  76              		.section	.text.Opamp_Sleep,"ax",%progbits
  77              		.align	2
  78              		.global	Opamp_Sleep
  79              		.code	16
  80              		.thumb_func
  81              		.type	Opamp_Sleep, %function
  82              	Opamp_Sleep:
  83              	.LFB2:
  65:Generated_Source\PSoC4/Opamp_PM.c **** 
  66:Generated_Source\PSoC4/Opamp_PM.c **** 
  67:Generated_Source\PSoC4/Opamp_PM.c **** /*******************************************************************************
  68:Generated_Source\PSoC4/Opamp_PM.c **** * Function Name: Opamp_Sleep
  69:Generated_Source\PSoC4/Opamp_PM.c **** ********************************************************************************
  70:Generated_Source\PSoC4/Opamp_PM.c **** *
  71:Generated_Source\PSoC4/Opamp_PM.c **** * Summary:
  72:Generated_Source\PSoC4/Opamp_PM.c **** *  This is the preferred API to prepare the component for sleep. The Sleep() API 
  73:Generated_Source\PSoC4/Opamp_PM.c **** *  saves the current component state. Call the Sleep() function before calling the 
  74:Generated_Source\PSoC4/Opamp_PM.c **** *  CySysPmDeepSleep() or the CySysPmHibernate() functions. The "Deep sleep operation" 
  75:Generated_Source\PSoC4/Opamp_PM.c **** *  option has an influence on this function implementation.
  76:Generated_Source\PSoC4/Opamp_PM.c **** *
  77:Generated_Source\PSoC4/Opamp_PM.c **** * Parameters:
  78:Generated_Source\PSoC4/Opamp_PM.c **** *  None
  79:Generated_Source\PSoC4/Opamp_PM.c **** *
  80:Generated_Source\PSoC4/Opamp_PM.c **** * Return:
  81:Generated_Source\PSoC4/Opamp_PM.c **** *  None
  82:Generated_Source\PSoC4/Opamp_PM.c **** *
  83:Generated_Source\PSoC4/Opamp_PM.c **** * Global variables:
  84:Generated_Source\PSoC4/Opamp_PM.c **** *  Opamp_backup: The structure field 'enableState' is modified
  85:Generated_Source\PSoC4/Opamp_PM.c **** *  depending on the enable state of the block before entering the sleep mode.
  86:Generated_Source\PSoC4/Opamp_PM.c **** *
  87:Generated_Source\PSoC4/Opamp_PM.c **** *******************************************************************************/
  88:Generated_Source\PSoC4/Opamp_PM.c **** void Opamp_Sleep(void)
ARM GAS  C:\Users\ADMINI~1\AppData\Local\Temp\ccVFIPCI.s 			page 4


  89:Generated_Source\PSoC4/Opamp_PM.c **** {
  84              		.loc 1 89 0
  85              		.cfi_startproc
  86              		@ args = 0, pretend = 0, frame = 0
  87              		@ frame_needed = 1, uses_anonymous_args = 0
  88 0000 80B5     		push	{r7, lr}
  89              		.cfi_def_cfa_offset 8
  90              		.cfi_offset 7, -8
  91              		.cfi_offset 14, -4
  92 0002 00AF     		add	r7, sp, #0
  93              		.cfi_def_cfa_register 7
  90:Generated_Source\PSoC4/Opamp_PM.c **** #if(!Opamp_CHECK_DEEPSLEEP_SUPPORT)
  91:Generated_Source\PSoC4/Opamp_PM.c ****     if(Opamp_CHECK_PWR_MODE_OFF)
  94              		.loc 1 91 0
  95 0004 084B     		ldr	r3, .L7
  96 0006 1B68     		ldr	r3, [r3]
  97 0008 0322     		movs	r2, #3
  98 000a 1340     		ands	r3, r2
  99 000c 05D0     		beq	.L4
  92:Generated_Source\PSoC4/Opamp_PM.c ****     {
  93:Generated_Source\PSoC4/Opamp_PM.c ****         Opamp_backup.enableState = 1u;
 100              		.loc 1 93 0
 101 000e 074B     		ldr	r3, .L7+4
 102 0010 0122     		movs	r2, #1
 103 0012 1A70     		strb	r2, [r3]
  94:Generated_Source\PSoC4/Opamp_PM.c ****         Opamp_Stop();
 104              		.loc 1 94 0
 105 0014 FFF7FEFF 		bl	Opamp_Stop
  95:Generated_Source\PSoC4/Opamp_PM.c ****     }
  96:Generated_Source\PSoC4/Opamp_PM.c ****     else /* The component is disabled */
  97:Generated_Source\PSoC4/Opamp_PM.c ****     {
  98:Generated_Source\PSoC4/Opamp_PM.c ****         Opamp_backup.enableState = 0u;
  99:Generated_Source\PSoC4/Opamp_PM.c ****     }
 100:Generated_Source\PSoC4/Opamp_PM.c **** #endif /* (Opamp_CHECK_DEEPSLEEP_SUPPORT) */
 101:Generated_Source\PSoC4/Opamp_PM.c **** }
 106              		.loc 1 101 0
 107 0018 02E0     		b	.L6
 108              	.L4:
  98:Generated_Source\PSoC4/Opamp_PM.c ****     }
 109              		.loc 1 98 0
 110 001a 044B     		ldr	r3, .L7+4
 111 001c 0022     		movs	r2, #0
 112 001e 1A70     		strb	r2, [r3]
 113              	.L6:
 114              		.loc 1 101 0
 115 0020 C046     		nop
 116 0022 BD46     		mov	sp, r7
 117              		@ sp needed
 118 0024 80BD     		pop	{r7, pc}
 119              	.L8:
 120 0026 C046     		.align	2
 121              	.L7:
 122 0028 04003140 		.word	1076953092
 123 002c 00000000 		.word	Opamp_backup
 124              		.cfi_endproc
 125              	.LFE2:
 126              		.size	Opamp_Sleep, .-Opamp_Sleep
ARM GAS  C:\Users\ADMINI~1\AppData\Local\Temp\ccVFIPCI.s 			page 5


 127              		.section	.text.Opamp_Wakeup,"ax",%progbits
 128              		.align	2
 129              		.global	Opamp_Wakeup
 130              		.code	16
 131              		.thumb_func
 132              		.type	Opamp_Wakeup, %function
 133              	Opamp_Wakeup:
 134              	.LFB3:
 102:Generated_Source\PSoC4/Opamp_PM.c **** 
 103:Generated_Source\PSoC4/Opamp_PM.c **** 
 104:Generated_Source\PSoC4/Opamp_PM.c **** /*******************************************************************************
 105:Generated_Source\PSoC4/Opamp_PM.c **** * Function Name: Opamp_Wakeup
 106:Generated_Source\PSoC4/Opamp_PM.c **** ********************************************************************************
 107:Generated_Source\PSoC4/Opamp_PM.c **** *
 108:Generated_Source\PSoC4/Opamp_PM.c **** * Summary:
 109:Generated_Source\PSoC4/Opamp_PM.c **** *  This is the preferred API to restore the component to the state when Sleep() 
 110:Generated_Source\PSoC4/Opamp_PM.c **** *  is called. If the component has been enabled before the Sleep() function is 
 111:Generated_Source\PSoC4/Opamp_PM.c **** *  called, the Wakeup() function will also re-enable the component.
 112:Generated_Source\PSoC4/Opamp_PM.c **** *  The "Deep sleep operation" option has an influence on this function
 113:Generated_Source\PSoC4/Opamp_PM.c **** *  implementation.
 114:Generated_Source\PSoC4/Opamp_PM.c **** *
 115:Generated_Source\PSoC4/Opamp_PM.c **** * Parameters:
 116:Generated_Source\PSoC4/Opamp_PM.c **** *  None
 117:Generated_Source\PSoC4/Opamp_PM.c **** *
 118:Generated_Source\PSoC4/Opamp_PM.c **** * Return:
 119:Generated_Source\PSoC4/Opamp_PM.c **** *  None
 120:Generated_Source\PSoC4/Opamp_PM.c **** *
 121:Generated_Source\PSoC4/Opamp_PM.c **** * Global variables:
 122:Generated_Source\PSoC4/Opamp_PM.c **** *  Opamp_backup: The structure field 'enableState' is used to
 123:Generated_Source\PSoC4/Opamp_PM.c **** *  restore the enable state of block after wakeup from sleep mode.
 124:Generated_Source\PSoC4/Opamp_PM.c **** *
 125:Generated_Source\PSoC4/Opamp_PM.c **** *******************************************************************************/
 126:Generated_Source\PSoC4/Opamp_PM.c **** void Opamp_Wakeup(void)
 127:Generated_Source\PSoC4/Opamp_PM.c **** {
 135              		.loc 1 127 0
 136              		.cfi_startproc
 137              		@ args = 0, pretend = 0, frame = 0
 138              		@ frame_needed = 1, uses_anonymous_args = 0
 139 0000 80B5     		push	{r7, lr}
 140              		.cfi_def_cfa_offset 8
 141              		.cfi_offset 7, -8
 142              		.cfi_offset 14, -4
 143 0002 00AF     		add	r7, sp, #0
 144              		.cfi_def_cfa_register 7
 128:Generated_Source\PSoC4/Opamp_PM.c **** #if(!Opamp_CHECK_DEEPSLEEP_SUPPORT)
 129:Generated_Source\PSoC4/Opamp_PM.c ****     if(0u != Opamp_backup.enableState)
 145              		.loc 1 129 0
 146 0004 044B     		ldr	r3, .L12
 147 0006 1B78     		ldrb	r3, [r3]
 148 0008 002B     		cmp	r3, #0
 149 000a 01D0     		beq	.L11
 130:Generated_Source\PSoC4/Opamp_PM.c ****     {
 131:Generated_Source\PSoC4/Opamp_PM.c ****         /* Enable Opamp's operation */
 132:Generated_Source\PSoC4/Opamp_PM.c ****         Opamp_Enable();
 150              		.loc 1 132 0
 151 000c FFF7FEFF 		bl	Opamp_Enable
 152              	.L11:
ARM GAS  C:\Users\ADMINI~1\AppData\Local\Temp\ccVFIPCI.s 			page 6


 133:Generated_Source\PSoC4/Opamp_PM.c ****     } /* Do nothing if Opamp was disabled before */
 134:Generated_Source\PSoC4/Opamp_PM.c **** #endif /* (Opamp_CHECK_DEEPSLEEP_SUPPORT) */
 135:Generated_Source\PSoC4/Opamp_PM.c **** }
 153              		.loc 1 135 0
 154 0010 C046     		nop
 155 0012 BD46     		mov	sp, r7
 156              		@ sp needed
 157 0014 80BD     		pop	{r7, pc}
 158              	.L13:
 159 0016 C046     		.align	2
 160              	.L12:
 161 0018 00000000 		.word	Opamp_backup
 162              		.cfi_endproc
 163              	.LFE3:
 164              		.size	Opamp_Wakeup, .-Opamp_Wakeup
 165              		.text
 166              	.Letext0:
 167              		.file 2 "Generated_Source\\PSoC4\\cytypes.h"
 168              		.file 3 "Generated_Source\\PSoC4\\Opamp.h"
 169              		.section	.debug_info,"",%progbits
 170              	.Ldebug_info0:
 171 0000 1B010000 		.4byte	0x11b
 172 0004 0400     		.2byte	0x4
 173 0006 00000000 		.4byte	.Ldebug_abbrev0
 174 000a 04       		.byte	0x4
 175 000b 01       		.uleb128 0x1
 176 000c E4000000 		.4byte	.LASF20
 177 0010 0C       		.byte	0xc
 178 0011 99010000 		.4byte	.LASF21
 179 0015 13000000 		.4byte	.LASF22
 180 0019 00000000 		.4byte	.Ldebug_ranges0+0
 181 001d 00000000 		.4byte	0
 182 0021 00000000 		.4byte	.Ldebug_line0
 183 0025 02       		.uleb128 0x2
 184 0026 01       		.byte	0x1
 185 0027 06       		.byte	0x6
 186 0028 0A020000 		.4byte	.LASF0
 187 002c 02       		.uleb128 0x2
 188 002d 01       		.byte	0x1
 189 002e 08       		.byte	0x8
 190 002f 9D000000 		.4byte	.LASF1
 191 0033 02       		.uleb128 0x2
 192 0034 02       		.byte	0x2
 193 0035 05       		.byte	0x5
 194 0036 E5010000 		.4byte	.LASF2
 195 003a 02       		.uleb128 0x2
 196 003b 02       		.byte	0x2
 197 003c 07       		.byte	0x7
 198 003d D1000000 		.4byte	.LASF3
 199 0041 02       		.uleb128 0x2
 200 0042 04       		.byte	0x4
 201 0043 05       		.byte	0x5
 202 0044 F5010000 		.4byte	.LASF4
 203 0048 02       		.uleb128 0x2
 204 0049 04       		.byte	0x4
 205 004a 07       		.byte	0x7
 206 004b BF000000 		.4byte	.LASF5
ARM GAS  C:\Users\ADMINI~1\AppData\Local\Temp\ccVFIPCI.s 			page 7


 207 004f 02       		.uleb128 0x2
 208 0050 08       		.byte	0x8
 209 0051 05       		.byte	0x5
 210 0052 D2010000 		.4byte	.LASF6
 211 0056 02       		.uleb128 0x2
 212 0057 08       		.byte	0x8
 213 0058 07       		.byte	0x7
 214 0059 BB010000 		.4byte	.LASF7
 215 005d 03       		.uleb128 0x3
 216 005e 04       		.byte	0x4
 217 005f 05       		.byte	0x5
 218 0060 696E7400 		.ascii	"int\000"
 219 0064 02       		.uleb128 0x2
 220 0065 04       		.byte	0x4
 221 0066 07       		.byte	0x7
 222 0067 8C010000 		.4byte	.LASF8
 223 006b 04       		.uleb128 0x4
 224 006c EF010000 		.4byte	.LASF9
 225 0070 02       		.byte	0x2
 226 0071 E401     		.2byte	0x1e4
 227 0073 2C000000 		.4byte	0x2c
 228 0077 04       		.uleb128 0x4
 229 0078 79010000 		.4byte	.LASF10
 230 007c 02       		.byte	0x2
 231 007d E601     		.2byte	0x1e6
 232 007f 48000000 		.4byte	0x48
 233 0083 02       		.uleb128 0x2
 234 0084 04       		.byte	0x4
 235 0085 04       		.byte	0x4
 236 0086 83000000 		.4byte	.LASF11
 237 008a 02       		.uleb128 0x2
 238 008b 08       		.byte	0x8
 239 008c 04       		.byte	0x4
 240 008d 72010000 		.4byte	.LASF12
 241 0091 02       		.uleb128 0x2
 242 0092 01       		.byte	0x1
 243 0093 08       		.byte	0x8
 244 0094 E0010000 		.4byte	.LASF13
 245 0098 04       		.uleb128 0x4
 246 0099 00000000 		.4byte	.LASF14
 247 009d 02       		.byte	0x2
 248 009e 9002     		.2byte	0x290
 249 00a0 A4000000 		.4byte	0xa4
 250 00a4 05       		.uleb128 0x5
 251 00a5 77000000 		.4byte	0x77
 252 00a9 06       		.uleb128 0x6
 253 00aa 01       		.byte	0x1
 254 00ab 03       		.byte	0x3
 255 00ac 1E       		.byte	0x1e
 256 00ad BE000000 		.4byte	0xbe
 257 00b1 07       		.uleb128 0x7
 258 00b2 FE010000 		.4byte	.LASF23
 259 00b6 03       		.byte	0x3
 260 00b7 20       		.byte	0x20
 261 00b8 6B000000 		.4byte	0x6b
 262 00bc 00       		.byte	0
 263 00bd 00       		.byte	0
ARM GAS  C:\Users\ADMINI~1\AppData\Local\Temp\ccVFIPCI.s 			page 8


 264 00be 08       		.uleb128 0x8
 265 00bf 89000000 		.4byte	.LASF15
 266 00c3 03       		.byte	0x3
 267 00c4 21       		.byte	0x21
 268 00c5 A9000000 		.4byte	0xa9
 269 00c9 09       		.uleb128 0x9
 270 00ca 65000000 		.4byte	.LASF16
 271 00ce 01       		.byte	0x1
 272 00cf 29       		.byte	0x29
 273 00d0 00000000 		.4byte	.LFB0
 274 00d4 0A000000 		.4byte	.LFE0-.LFB0
 275 00d8 01       		.uleb128 0x1
 276 00d9 9C       		.byte	0x9c
 277 00da 09       		.uleb128 0x9
 278 00db AB000000 		.4byte	.LASF17
 279 00df 01       		.byte	0x1
 280 00e0 3D       		.byte	0x3d
 281 00e1 00000000 		.4byte	.LFB1
 282 00e5 0A000000 		.4byte	.LFE1-.LFB1
 283 00e9 01       		.uleb128 0x1
 284 00ea 9C       		.byte	0x9c
 285 00eb 0A       		.uleb128 0xa
 286 00ec 80010000 		.4byte	.LASF18
 287 00f0 01       		.byte	0x1
 288 00f1 58       		.byte	0x58
 289 00f2 00000000 		.4byte	.LFB2
 290 00f6 30000000 		.4byte	.LFE2-.LFB2
 291 00fa 01       		.uleb128 0x1
 292 00fb 9C       		.byte	0x9c
 293 00fc 0A       		.uleb128 0xa
 294 00fd 76000000 		.4byte	.LASF19
 295 0101 01       		.byte	0x1
 296 0102 7E       		.byte	0x7e
 297 0103 00000000 		.4byte	.LFB3
 298 0107 1C000000 		.4byte	.LFE3-.LFB3
 299 010b 01       		.uleb128 0x1
 300 010c 9C       		.byte	0x9c
 301 010d 0B       		.uleb128 0xb
 302 010e 06000000 		.4byte	.LASF24
 303 0112 01       		.byte	0x1
 304 0113 14       		.byte	0x14
 305 0114 BE000000 		.4byte	0xbe
 306 0118 05       		.uleb128 0x5
 307 0119 03       		.byte	0x3
 308 011a 00000000 		.4byte	Opamp_backup
 309 011e 00       		.byte	0
 310              		.section	.debug_abbrev,"",%progbits
 311              	.Ldebug_abbrev0:
 312 0000 01       		.uleb128 0x1
 313 0001 11       		.uleb128 0x11
 314 0002 01       		.byte	0x1
 315 0003 25       		.uleb128 0x25
 316 0004 0E       		.uleb128 0xe
 317 0005 13       		.uleb128 0x13
 318 0006 0B       		.uleb128 0xb
 319 0007 03       		.uleb128 0x3
 320 0008 0E       		.uleb128 0xe
ARM GAS  C:\Users\ADMINI~1\AppData\Local\Temp\ccVFIPCI.s 			page 9


 321 0009 1B       		.uleb128 0x1b
 322 000a 0E       		.uleb128 0xe
 323 000b 55       		.uleb128 0x55
 324 000c 17       		.uleb128 0x17
 325 000d 11       		.uleb128 0x11
 326 000e 01       		.uleb128 0x1
 327 000f 10       		.uleb128 0x10
 328 0010 17       		.uleb128 0x17
 329 0011 00       		.byte	0
 330 0012 00       		.byte	0
 331 0013 02       		.uleb128 0x2
 332 0014 24       		.uleb128 0x24
 333 0015 00       		.byte	0
 334 0016 0B       		.uleb128 0xb
 335 0017 0B       		.uleb128 0xb
 336 0018 3E       		.uleb128 0x3e
 337 0019 0B       		.uleb128 0xb
 338 001a 03       		.uleb128 0x3
 339 001b 0E       		.uleb128 0xe
 340 001c 00       		.byte	0
 341 001d 00       		.byte	0
 342 001e 03       		.uleb128 0x3
 343 001f 24       		.uleb128 0x24
 344 0020 00       		.byte	0
 345 0021 0B       		.uleb128 0xb
 346 0022 0B       		.uleb128 0xb
 347 0023 3E       		.uleb128 0x3e
 348 0024 0B       		.uleb128 0xb
 349 0025 03       		.uleb128 0x3
 350 0026 08       		.uleb128 0x8
 351 0027 00       		.byte	0
 352 0028 00       		.byte	0
 353 0029 04       		.uleb128 0x4
 354 002a 16       		.uleb128 0x16
 355 002b 00       		.byte	0
 356 002c 03       		.uleb128 0x3
 357 002d 0E       		.uleb128 0xe
 358 002e 3A       		.uleb128 0x3a
 359 002f 0B       		.uleb128 0xb
 360 0030 3B       		.uleb128 0x3b
 361 0031 05       		.uleb128 0x5
 362 0032 49       		.uleb128 0x49
 363 0033 13       		.uleb128 0x13
 364 0034 00       		.byte	0
 365 0035 00       		.byte	0
 366 0036 05       		.uleb128 0x5
 367 0037 35       		.uleb128 0x35
 368 0038 00       		.byte	0
 369 0039 49       		.uleb128 0x49
 370 003a 13       		.uleb128 0x13
 371 003b 00       		.byte	0
 372 003c 00       		.byte	0
 373 003d 06       		.uleb128 0x6
 374 003e 13       		.uleb128 0x13
 375 003f 01       		.byte	0x1
 376 0040 0B       		.uleb128 0xb
 377 0041 0B       		.uleb128 0xb
ARM GAS  C:\Users\ADMINI~1\AppData\Local\Temp\ccVFIPCI.s 			page 10


 378 0042 3A       		.uleb128 0x3a
 379 0043 0B       		.uleb128 0xb
 380 0044 3B       		.uleb128 0x3b
 381 0045 0B       		.uleb128 0xb
 382 0046 01       		.uleb128 0x1
 383 0047 13       		.uleb128 0x13
 384 0048 00       		.byte	0
 385 0049 00       		.byte	0
 386 004a 07       		.uleb128 0x7
 387 004b 0D       		.uleb128 0xd
 388 004c 00       		.byte	0
 389 004d 03       		.uleb128 0x3
 390 004e 0E       		.uleb128 0xe
 391 004f 3A       		.uleb128 0x3a
 392 0050 0B       		.uleb128 0xb
 393 0051 3B       		.uleb128 0x3b
 394 0052 0B       		.uleb128 0xb
 395 0053 49       		.uleb128 0x49
 396 0054 13       		.uleb128 0x13
 397 0055 38       		.uleb128 0x38
 398 0056 0B       		.uleb128 0xb
 399 0057 00       		.byte	0
 400 0058 00       		.byte	0
 401 0059 08       		.uleb128 0x8
 402 005a 16       		.uleb128 0x16
 403 005b 00       		.byte	0
 404 005c 03       		.uleb128 0x3
 405 005d 0E       		.uleb128 0xe
 406 005e 3A       		.uleb128 0x3a
 407 005f 0B       		.uleb128 0xb
 408 0060 3B       		.uleb128 0x3b
 409 0061 0B       		.uleb128 0xb
 410 0062 49       		.uleb128 0x49
 411 0063 13       		.uleb128 0x13
 412 0064 00       		.byte	0
 413 0065 00       		.byte	0
 414 0066 09       		.uleb128 0x9
 415 0067 2E       		.uleb128 0x2e
 416 0068 00       		.byte	0
 417 0069 3F       		.uleb128 0x3f
 418 006a 19       		.uleb128 0x19
 419 006b 03       		.uleb128 0x3
 420 006c 0E       		.uleb128 0xe
 421 006d 3A       		.uleb128 0x3a
 422 006e 0B       		.uleb128 0xb
 423 006f 3B       		.uleb128 0x3b
 424 0070 0B       		.uleb128 0xb
 425 0071 27       		.uleb128 0x27
 426 0072 19       		.uleb128 0x19
 427 0073 11       		.uleb128 0x11
 428 0074 01       		.uleb128 0x1
 429 0075 12       		.uleb128 0x12
 430 0076 06       		.uleb128 0x6
 431 0077 40       		.uleb128 0x40
 432 0078 18       		.uleb128 0x18
 433 0079 9742     		.uleb128 0x2117
 434 007b 19       		.uleb128 0x19
ARM GAS  C:\Users\ADMINI~1\AppData\Local\Temp\ccVFIPCI.s 			page 11


 435 007c 00       		.byte	0
 436 007d 00       		.byte	0
 437 007e 0A       		.uleb128 0xa
 438 007f 2E       		.uleb128 0x2e
 439 0080 00       		.byte	0
 440 0081 3F       		.uleb128 0x3f
 441 0082 19       		.uleb128 0x19
 442 0083 03       		.uleb128 0x3
 443 0084 0E       		.uleb128 0xe
 444 0085 3A       		.uleb128 0x3a
 445 0086 0B       		.uleb128 0xb
 446 0087 3B       		.uleb128 0x3b
 447 0088 0B       		.uleb128 0xb
 448 0089 27       		.uleb128 0x27
 449 008a 19       		.uleb128 0x19
 450 008b 11       		.uleb128 0x11
 451 008c 01       		.uleb128 0x1
 452 008d 12       		.uleb128 0x12
 453 008e 06       		.uleb128 0x6
 454 008f 40       		.uleb128 0x40
 455 0090 18       		.uleb128 0x18
 456 0091 9642     		.uleb128 0x2116
 457 0093 19       		.uleb128 0x19
 458 0094 00       		.byte	0
 459 0095 00       		.byte	0
 460 0096 0B       		.uleb128 0xb
 461 0097 34       		.uleb128 0x34
 462 0098 00       		.byte	0
 463 0099 03       		.uleb128 0x3
 464 009a 0E       		.uleb128 0xe
 465 009b 3A       		.uleb128 0x3a
 466 009c 0B       		.uleb128 0xb
 467 009d 3B       		.uleb128 0x3b
 468 009e 0B       		.uleb128 0xb
 469 009f 49       		.uleb128 0x49
 470 00a0 13       		.uleb128 0x13
 471 00a1 02       		.uleb128 0x2
 472 00a2 18       		.uleb128 0x18
 473 00a3 00       		.byte	0
 474 00a4 00       		.byte	0
 475 00a5 00       		.byte	0
 476              		.section	.debug_aranges,"",%progbits
 477 0000 34000000 		.4byte	0x34
 478 0004 0200     		.2byte	0x2
 479 0006 00000000 		.4byte	.Ldebug_info0
 480 000a 04       		.byte	0x4
 481 000b 00       		.byte	0
 482 000c 0000     		.2byte	0
 483 000e 0000     		.2byte	0
 484 0010 00000000 		.4byte	.LFB0
 485 0014 0A000000 		.4byte	.LFE0-.LFB0
 486 0018 00000000 		.4byte	.LFB1
 487 001c 0A000000 		.4byte	.LFE1-.LFB1
 488 0020 00000000 		.4byte	.LFB2
 489 0024 30000000 		.4byte	.LFE2-.LFB2
 490 0028 00000000 		.4byte	.LFB3
 491 002c 1C000000 		.4byte	.LFE3-.LFB3
ARM GAS  C:\Users\ADMINI~1\AppData\Local\Temp\ccVFIPCI.s 			page 12


 492 0030 00000000 		.4byte	0
 493 0034 00000000 		.4byte	0
 494              		.section	.debug_ranges,"",%progbits
 495              	.Ldebug_ranges0:
 496 0000 00000000 		.4byte	.LFB0
 497 0004 0A000000 		.4byte	.LFE0
 498 0008 00000000 		.4byte	.LFB1
 499 000c 0A000000 		.4byte	.LFE1
 500 0010 00000000 		.4byte	.LFB2
 501 0014 30000000 		.4byte	.LFE2
 502 0018 00000000 		.4byte	.LFB3
 503 001c 1C000000 		.4byte	.LFE3
 504 0020 00000000 		.4byte	0
 505 0024 00000000 		.4byte	0
 506              		.section	.debug_line,"",%progbits
 507              	.Ldebug_line0:
 508 0000 9F000000 		.section	.debug_str,"MS",%progbits,1
 508      02005000 
 508      00000201 
 508      FB0E0D00 
 508      01010101 
 509              	.LASF14:
 510 0000 72656733 		.ascii	"reg32\000"
 510      3200
 511              	.LASF24:
 512 0006 4F70616D 		.ascii	"Opamp_backup\000"
 512      705F6261 
 512      636B7570 
 512      00
 513              	.LASF22:
 514 0013 443A5C43 		.ascii	"D:\\CYTEST\\Micrium_CY8CKIT-044_OS3\\Examples\\Cypr"
 514      59544553 
 514      545C4D69 
 514      63726975 
 514      6D5F4359 
 515 0042 6573735C 		.ascii	"ess\\CY8CKIT-044\\OS3\\PSoC\\OS3.cydsn\000"
 515      43593843 
 515      4B49542D 
 515      3034345C 
 515      4F53335C 
 516              	.LASF16:
 517 0065 4F70616D 		.ascii	"Opamp_SaveConfig\000"
 517      705F5361 
 517      7665436F 
 517      6E666967 
 517      00
 518              	.LASF19:
 519 0076 4F70616D 		.ascii	"Opamp_Wakeup\000"
 519      705F5761 
 519      6B657570 
 519      00
 520              	.LASF11:
 521 0083 666C6F61 		.ascii	"float\000"
 521      7400
 522              	.LASF15:
 523 0089 4F70616D 		.ascii	"Opamp_BACKUP_STRUCT\000"
 523      705F4241 
ARM GAS  C:\Users\ADMINI~1\AppData\Local\Temp\ccVFIPCI.s 			page 13


 523      434B5550 
 523      5F535452 
 523      55435400 
 524              	.LASF1:
 525 009d 756E7369 		.ascii	"unsigned char\000"
 525      676E6564 
 525      20636861 
 525      7200
 526              	.LASF17:
 527 00ab 4F70616D 		.ascii	"Opamp_RestoreConfig\000"
 527      705F5265 
 527      73746F72 
 527      65436F6E 
 527      66696700 
 528              	.LASF5:
 529 00bf 6C6F6E67 		.ascii	"long unsigned int\000"
 529      20756E73 
 529      69676E65 
 529      6420696E 
 529      7400
 530              	.LASF3:
 531 00d1 73686F72 		.ascii	"short unsigned int\000"
 531      7420756E 
 531      7369676E 
 531      65642069 
 531      6E7400
 532              	.LASF20:
 533 00e4 474E5520 		.ascii	"GNU C11 5.4.1 20160609 (release) [ARM/embedded-5-br"
 533      43313120 
 533      352E342E 
 533      31203230 
 533      31363036 
 534 0117 616E6368 		.ascii	"anch revision 237715] -mcpu=cortex-m0 -mthumb -g -O"
 534      20726576 
 534      6973696F 
 534      6E203233 
 534      37373135 
 535 014a 30202D66 		.ascii	"0 -ffunction-sections -ffat-lto-objects\000"
 535      66756E63 
 535      74696F6E 
 535      2D736563 
 535      74696F6E 
 536              	.LASF12:
 537 0172 646F7562 		.ascii	"double\000"
 537      6C6500
 538              	.LASF10:
 539 0179 75696E74 		.ascii	"uint32\000"
 539      333200
 540              	.LASF18:
 541 0180 4F70616D 		.ascii	"Opamp_Sleep\000"
 541      705F536C 
 541      65657000 
 542              	.LASF8:
 543 018c 756E7369 		.ascii	"unsigned int\000"
 543      676E6564 
 543      20696E74 
 543      00
ARM GAS  C:\Users\ADMINI~1\AppData\Local\Temp\ccVFIPCI.s 			page 14


 544              	.LASF21:
 545 0199 47656E65 		.ascii	"Generated_Source\\PSoC4\\Opamp_PM.c\000"
 545      72617465 
 545      645F536F 
 545      75726365 
 545      5C50536F 
 546              	.LASF7:
 547 01bb 6C6F6E67 		.ascii	"long long unsigned int\000"
 547      206C6F6E 
 547      6720756E 
 547      7369676E 
 547      65642069 
 548              	.LASF6:
 549 01d2 6C6F6E67 		.ascii	"long long int\000"
 549      206C6F6E 
 549      6720696E 
 549      7400
 550              	.LASF13:
 551 01e0 63686172 		.ascii	"char\000"
 551      00
 552              	.LASF2:
 553 01e5 73686F72 		.ascii	"short int\000"
 553      7420696E 
 553      7400
 554              	.LASF9:
 555 01ef 75696E74 		.ascii	"uint8\000"
 555      3800
 556              	.LASF4:
 557 01f5 6C6F6E67 		.ascii	"long int\000"
 557      20696E74 
 557      00
 558              	.LASF23:
 559 01fe 656E6162 		.ascii	"enableState\000"
 559      6C655374 
 559      61746500 
 560              	.LASF0:
 561 020a 7369676E 		.ascii	"signed char\000"
 561      65642063 
 561      68617200 
 562              		.ident	"GCC: (GNU Tools for ARM Embedded Processors) 5.4.1 20160609 (release) [ARM/embedded-5-bran
