ARM GAS  C:\Users\ADMINI~1\AppData\Local\Temp\ccxwpI3U.s 			page 1


   1              		.syntax unified
   2              		.cpu cortex-m0
   3              		.fpu softvfp
   4              		.eabi_attribute 20, 1
   5              		.eabi_attribute 21, 1
   6              		.eabi_attribute 23, 3
   7              		.eabi_attribute 24, 1
   8              		.eabi_attribute 25, 1
   9              		.eabi_attribute 26, 1
  10              		.eabi_attribute 30, 6
  11              		.eabi_attribute 34, 0
  12              		.eabi_attribute 18, 4
  13              		.thumb
  14              		.syntax unified
  15              		.file	"Temp_Sensor.c"
  16              		.text
  17              	.Ltext0:
  18              		.cfi_sections	.debug_frame
  19              		.global	Temp_Sensor_initVar
  20              		.bss
  21              		.type	Temp_Sensor_initVar, %object
  22              		.size	Temp_Sensor_initVar, 1
  23              	Temp_Sensor_initVar:
  24 0000 00       		.space	1
  25              		.comm	Temp_Sensor_lo,2,4
  26              		.comm	Temp_Sensor_hi,2,4
  27              		.comm	Temp_Sensor_busyFlag,1,1
  28              		.comm	Temp_Sensor_contMode,1,1
  29              		.section	.text.Temp_Sensor_Start,"ax",%progbits
  30              		.align	2
  31              		.global	Temp_Sensor_Start
  32              		.code	16
  33              		.thumb_func
  34              		.type	Temp_Sensor_Start, %function
  35              	Temp_Sensor_Start:
  36              	.LFB1:
  37              		.file 1 "Generated_Source\\PSoC4\\Temp_Sensor.c"
   1:Generated_Source\PSoC4/Temp_Sensor.c **** /*******************************************************************************
   2:Generated_Source\PSoC4/Temp_Sensor.c **** * File Name: Temp_Sensor.c
   3:Generated_Source\PSoC4/Temp_Sensor.c **** * Version 1.10
   4:Generated_Source\PSoC4/Temp_Sensor.c **** *
   5:Generated_Source\PSoC4/Temp_Sensor.c **** * Description:
   6:Generated_Source\PSoC4/Temp_Sensor.c **** *  This file provides all API functionality of the Temp_Sensor component.
   7:Generated_Source\PSoC4/Temp_Sensor.c **** *
   8:Generated_Source\PSoC4/Temp_Sensor.c **** * Note:
   9:Generated_Source\PSoC4/Temp_Sensor.c **** *  None
  10:Generated_Source\PSoC4/Temp_Sensor.c **** *
  11:Generated_Source\PSoC4/Temp_Sensor.c **** ********************************************************************************
  12:Generated_Source\PSoC4/Temp_Sensor.c **** * Copyright 2012-2013, Cypress Semiconductor Corporation.  All rights reserved.
  13:Generated_Source\PSoC4/Temp_Sensor.c **** * You may use this file only in accordance with the license, terms, conditions,
  14:Generated_Source\PSoC4/Temp_Sensor.c **** * disclaimers, and limitations in the end user license agreement accompanying
  15:Generated_Source\PSoC4/Temp_Sensor.c **** * the software package with which this file was provided.
  16:Generated_Source\PSoC4/Temp_Sensor.c **** *******************************************************************************/
  17:Generated_Source\PSoC4/Temp_Sensor.c **** 
  18:Generated_Source\PSoC4/Temp_Sensor.c **** #include "Temp_Sensor_PVT.h"
  19:Generated_Source\PSoC4/Temp_Sensor.c **** 
  20:Generated_Source\PSoC4/Temp_Sensor.c **** 
ARM GAS  C:\Users\ADMINI~1\AppData\Local\Temp\ccxwpI3U.s 			page 2


  21:Generated_Source\PSoC4/Temp_Sensor.c **** /*******************************************************************************
  22:Generated_Source\PSoC4/Temp_Sensor.c **** * Variables
  23:Generated_Source\PSoC4/Temp_Sensor.c **** ********************************************************************************/
  24:Generated_Source\PSoC4/Temp_Sensor.c **** uint8  Temp_Sensor_initVar = 0u;
  25:Generated_Source\PSoC4/Temp_Sensor.c **** volatile uint16 Temp_Sensor_lo[Temp_Sensor_CUSTOM_NUM_SENSORS];
  26:Generated_Source\PSoC4/Temp_Sensor.c **** volatile uint16 Temp_Sensor_hi[Temp_Sensor_CUSTOM_NUM_SENSORS];
  27:Generated_Source\PSoC4/Temp_Sensor.c **** volatile uint8  Temp_Sensor_busyFlag;
  28:Generated_Source\PSoC4/Temp_Sensor.c **** volatile uint8  Temp_Sensor_contMode;
  29:Generated_Source\PSoC4/Temp_Sensor.c **** 
  30:Generated_Source\PSoC4/Temp_Sensor.c **** 
  31:Generated_Source\PSoC4/Temp_Sensor.c **** /*******************************************************************************
  32:Generated_Source\PSoC4/Temp_Sensor.c **** * Function Name: Temp_Sensor_Start
  33:Generated_Source\PSoC4/Temp_Sensor.c **** ********************************************************************************
  34:Generated_Source\PSoC4/Temp_Sensor.c **** *
  35:Generated_Source\PSoC4/Temp_Sensor.c **** * Summary:
  36:Generated_Source\PSoC4/Temp_Sensor.c **** * Starts the component. Calls the Temp_Sensor_Init() API if the component
  37:Generated_Source\PSoC4/Temp_Sensor.c **** * has not been initialized before. Calls the enable API.
  38:Generated_Source\PSoC4/Temp_Sensor.c **** *
  39:Generated_Source\PSoC4/Temp_Sensor.c **** * Parameters:
  40:Generated_Source\PSoC4/Temp_Sensor.c **** *  None
  41:Generated_Source\PSoC4/Temp_Sensor.c **** *
  42:Generated_Source\PSoC4/Temp_Sensor.c **** * Return:
  43:Generated_Source\PSoC4/Temp_Sensor.c **** *  None
  44:Generated_Source\PSoC4/Temp_Sensor.c **** *
  45:Generated_Source\PSoC4/Temp_Sensor.c **** * Global Variables:
  46:Generated_Source\PSoC4/Temp_Sensor.c **** *  Temp_Sensor_initVar - used to check initial configuration, modified on
  47:Generated_Source\PSoC4/Temp_Sensor.c **** *  first function call.
  48:Generated_Source\PSoC4/Temp_Sensor.c **** *
  49:Generated_Source\PSoC4/Temp_Sensor.c **** *******************************************************************************/
  50:Generated_Source\PSoC4/Temp_Sensor.c **** void Temp_Sensor_Start(void) 
  51:Generated_Source\PSoC4/Temp_Sensor.c **** {
  38              		.loc 1 51 0
  39              		.cfi_startproc
  40              		@ args = 0, pretend = 0, frame = 0
  41              		@ frame_needed = 1, uses_anonymous_args = 0
  42 0000 80B5     		push	{r7, lr}
  43              		.cfi_def_cfa_offset 8
  44              		.cfi_offset 7, -8
  45              		.cfi_offset 14, -4
  46 0002 00AF     		add	r7, sp, #0
  47              		.cfi_def_cfa_register 7
  52:Generated_Source\PSoC4/Temp_Sensor.c ****     /* If not already initialized, then initialize hardware and software */
  53:Generated_Source\PSoC4/Temp_Sensor.c ****     if(0u == Temp_Sensor_initVar)
  48              		.loc 1 53 0
  49 0004 064B     		ldr	r3, .L3
  50 0006 1B78     		ldrb	r3, [r3]
  51 0008 002B     		cmp	r3, #0
  52 000a 04D1     		bne	.L2
  54:Generated_Source\PSoC4/Temp_Sensor.c ****     {
  55:Generated_Source\PSoC4/Temp_Sensor.c ****         Temp_Sensor_Init();
  53              		.loc 1 55 0
  54 000c FFF7FEFF 		bl	Temp_Sensor_Init
  56:Generated_Source\PSoC4/Temp_Sensor.c ****         Temp_Sensor_initVar = 1u;
  55              		.loc 1 56 0
  56 0010 034B     		ldr	r3, .L3
  57 0012 0122     		movs	r2, #1
  58 0014 1A70     		strb	r2, [r3]
ARM GAS  C:\Users\ADMINI~1\AppData\Local\Temp\ccxwpI3U.s 			page 3


  59              	.L2:
  57:Generated_Source\PSoC4/Temp_Sensor.c ****     }
  58:Generated_Source\PSoC4/Temp_Sensor.c ****     Temp_Sensor_Enable();
  60              		.loc 1 58 0
  61 0016 FFF7FEFF 		bl	Temp_Sensor_Enable
  59:Generated_Source\PSoC4/Temp_Sensor.c **** }
  62              		.loc 1 59 0
  63 001a C046     		nop
  64 001c BD46     		mov	sp, r7
  65              		@ sp needed
  66 001e 80BD     		pop	{r7, pc}
  67              	.L4:
  68              		.align	2
  69              	.L3:
  70 0020 00000000 		.word	Temp_Sensor_initVar
  71              		.cfi_endproc
  72              	.LFE1:
  73              		.size	Temp_Sensor_Start, .-Temp_Sensor_Start
  74              		.section	.text.Temp_Sensor_Stop,"ax",%progbits
  75              		.align	2
  76              		.global	Temp_Sensor_Stop
  77              		.code	16
  78              		.thumb_func
  79              		.type	Temp_Sensor_Stop, %function
  80              	Temp_Sensor_Stop:
  81              	.LFB2:
  60:Generated_Source\PSoC4/Temp_Sensor.c **** 
  61:Generated_Source\PSoC4/Temp_Sensor.c **** 
  62:Generated_Source\PSoC4/Temp_Sensor.c **** /*******************************************************************************
  63:Generated_Source\PSoC4/Temp_Sensor.c **** * Function Name: Temp_Sensor_Stop
  64:Generated_Source\PSoC4/Temp_Sensor.c **** ********************************************************************************
  65:Generated_Source\PSoC4/Temp_Sensor.c **** *
  66:Generated_Source\PSoC4/Temp_Sensor.c **** * Summary:
  67:Generated_Source\PSoC4/Temp_Sensor.c **** *  Disables and stops the component.
  68:Generated_Source\PSoC4/Temp_Sensor.c **** *
  69:Generated_Source\PSoC4/Temp_Sensor.c **** * Parameters:
  70:Generated_Source\PSoC4/Temp_Sensor.c **** *  None
  71:Generated_Source\PSoC4/Temp_Sensor.c **** *
  72:Generated_Source\PSoC4/Temp_Sensor.c **** * Return:
  73:Generated_Source\PSoC4/Temp_Sensor.c **** *  None
  74:Generated_Source\PSoC4/Temp_Sensor.c **** *
  75:Generated_Source\PSoC4/Temp_Sensor.c **** * Global Variables:
  76:Generated_Source\PSoC4/Temp_Sensor.c **** *  Temp_Sensor_busyFlag - used for reflect sensor masuring.
  77:Generated_Source\PSoC4/Temp_Sensor.c **** *
  78:Generated_Source\PSoC4/Temp_Sensor.c **** ***************u****************************************************************/
  79:Generated_Source\PSoC4/Temp_Sensor.c **** void Temp_Sensor_Stop(void) 
  80:Generated_Source\PSoC4/Temp_Sensor.c **** {
  82              		.loc 1 80 0
  83              		.cfi_startproc
  84              		@ args = 0, pretend = 0, frame = 8
  85              		@ frame_needed = 1, uses_anonymous_args = 0
  86 0000 90B5     		push	{r4, r7, lr}
  87              		.cfi_def_cfa_offset 12
  88              		.cfi_offset 4, -12
  89              		.cfi_offset 7, -8
  90              		.cfi_offset 14, -4
  91 0002 83B0     		sub	sp, sp, #12
ARM GAS  C:\Users\ADMINI~1\AppData\Local\Temp\ccxwpI3U.s 			page 4


  92              		.cfi_def_cfa_offset 24
  93 0004 00AF     		add	r7, sp, #0
  94              		.cfi_def_cfa_register 7
  81:Generated_Source\PSoC4/Temp_Sensor.c ****     uint8 enableInterrupts;
  82:Generated_Source\PSoC4/Temp_Sensor.c **** 
  83:Generated_Source\PSoC4/Temp_Sensor.c ****     /* Change shared regs, need to be safety */
  84:Generated_Source\PSoC4/Temp_Sensor.c ****     enableInterrupts = CyEnterCriticalSection();
  95              		.loc 1 84 0
  96 0006 FC1D     		adds	r4, r7, #7
  97 0008 FFF7FEFF 		bl	CyEnterCriticalSection
  98 000c 0300     		movs	r3, r0
  99 000e 2370     		strb	r3, [r4]
  85:Generated_Source\PSoC4/Temp_Sensor.c **** 
  86:Generated_Source\PSoC4/Temp_Sensor.c ****     Temp_Sensor_CONTROL_REG = (Temp_Sensor_CONTROL_REG & Temp_Sensor_CTRL_EOC_TRIG);
 100              		.loc 1 86 0
 101 0010 0A4A     		ldr	r2, .L6
 102 0012 0A4B     		ldr	r3, .L6
 103 0014 1B78     		ldrb	r3, [r3]
 104 0016 DBB2     		uxtb	r3, r3
 105 0018 0921     		movs	r1, #9
 106 001a 0B40     		ands	r3, r1
 107 001c DBB2     		uxtb	r3, r3
 108 001e 1370     		strb	r3, [r2]
  87:Generated_Source\PSoC4/Temp_Sensor.c ****  
  88:Generated_Source\PSoC4/Temp_Sensor.c ****     Temp_Sensor_EOC_ISR_Disable();
 109              		.loc 1 88 0
 110 0020 FFF7FEFF 		bl	Temp_Sensor_EOC_ISR_Disable
  89:Generated_Source\PSoC4/Temp_Sensor.c **** 
  90:Generated_Source\PSoC4/Temp_Sensor.c ****     Temp_Sensor_busyFlag = 0u;
 111              		.loc 1 90 0
 112 0024 064B     		ldr	r3, .L6+4
 113 0026 0022     		movs	r2, #0
 114 0028 1A70     		strb	r2, [r3]
  91:Generated_Source\PSoC4/Temp_Sensor.c **** 
  92:Generated_Source\PSoC4/Temp_Sensor.c ****     /* shared regs config are done */
  93:Generated_Source\PSoC4/Temp_Sensor.c ****     CyExitCriticalSection(enableInterrupts);
 115              		.loc 1 93 0
 116 002a FB1D     		adds	r3, r7, #7
 117 002c 1B78     		ldrb	r3, [r3]
 118 002e 1800     		movs	r0, r3
 119 0030 FFF7FEFF 		bl	CyExitCriticalSection
  94:Generated_Source\PSoC4/Temp_Sensor.c **** }
 120              		.loc 1 94 0
 121 0034 C046     		nop
 122 0036 BD46     		mov	sp, r7
 123 0038 03B0     		add	sp, sp, #12
 124              		@ sp needed
 125 003a 90BD     		pop	{r4, r7, pc}
 126              	.L7:
 127              		.align	2
 128              	.L6:
 129 003c 72000F40 		.word	1074724978
 130 0040 00000000 		.word	Temp_Sensor_busyFlag
 131              		.cfi_endproc
 132              	.LFE2:
 133              		.size	Temp_Sensor_Stop, .-Temp_Sensor_Stop
 134              		.section	.text.Temp_Sensor_Init,"ax",%progbits
ARM GAS  C:\Users\ADMINI~1\AppData\Local\Temp\ccxwpI3U.s 			page 5


 135              		.align	2
 136              		.global	Temp_Sensor_Init
 137              		.code	16
 138              		.thumb_func
 139              		.type	Temp_Sensor_Init, %function
 140              	Temp_Sensor_Init:
 141              	.LFB3:
  95:Generated_Source\PSoC4/Temp_Sensor.c **** 
  96:Generated_Source\PSoC4/Temp_Sensor.c **** /*******************************************************************************
  97:Generated_Source\PSoC4/Temp_Sensor.c **** * Function Name: Temp_Sensor_Init()
  98:Generated_Source\PSoC4/Temp_Sensor.c **** ********************************************************************************
  99:Generated_Source\PSoC4/Temp_Sensor.c **** *
 100:Generated_Source\PSoC4/Temp_Sensor.c **** * Summary:
 101:Generated_Source\PSoC4/Temp_Sensor.c **** *  Initializes the component.
 102:Generated_Source\PSoC4/Temp_Sensor.c **** *
 103:Generated_Source\PSoC4/Temp_Sensor.c **** * Parameters:
 104:Generated_Source\PSoC4/Temp_Sensor.c **** *  None
 105:Generated_Source\PSoC4/Temp_Sensor.c **** *
 106:Generated_Source\PSoC4/Temp_Sensor.c **** * Return:
 107:Generated_Source\PSoC4/Temp_Sensor.c **** *  None
 108:Generated_Source\PSoC4/Temp_Sensor.c **** *
 109:Generated_Source\PSoC4/Temp_Sensor.c **** * Side Effects:
 110:Generated_Source\PSoC4/Temp_Sensor.c **** *  None
 111:Generated_Source\PSoC4/Temp_Sensor.c **** *
 112:Generated_Source\PSoC4/Temp_Sensor.c **** * Global Variables:
 113:Generated_Source\PSoC4/Temp_Sensor.c **** *  Temp_Sensor_busyFlag - used for reflect sensor masuring.
 114:Generated_Source\PSoC4/Temp_Sensor.c **** *  Temp_Sensor_contMode - used for reflect modes of operation used:
 115:Generated_Source\PSoC4/Temp_Sensor.c **** *     - Temp_Sensor_MODE_CONTINUOUS.
 116:Generated_Source\PSoC4/Temp_Sensor.c **** *     - Temp_Sensor_MODE_ONESHOT.
 117:Generated_Source\PSoC4/Temp_Sensor.c **** *
 118:Generated_Source\PSoC4/Temp_Sensor.c **** ********************************************************************************/
 119:Generated_Source\PSoC4/Temp_Sensor.c **** void Temp_Sensor_Init(void) 
 120:Generated_Source\PSoC4/Temp_Sensor.c **** {
 142              		.loc 1 120 0
 143              		.cfi_startproc
 144              		@ args = 0, pretend = 0, frame = 0
 145              		@ frame_needed = 1, uses_anonymous_args = 0
 146 0000 80B5     		push	{r7, lr}
 147              		.cfi_def_cfa_offset 8
 148              		.cfi_offset 7, -8
 149              		.cfi_offset 14, -4
 150 0002 00AF     		add	r7, sp, #0
 151              		.cfi_def_cfa_register 7
 121:Generated_Source\PSoC4/Temp_Sensor.c ****     Temp_Sensor_contMode = Temp_Sensor_CUSTOM_CONTINUOUS_MODE;
 152              		.loc 1 121 0
 153 0004 044B     		ldr	r3, .L9
 154 0006 0022     		movs	r2, #0
 155 0008 1A70     		strb	r2, [r3]
 122:Generated_Source\PSoC4/Temp_Sensor.c ****     Temp_Sensor_busyFlag = 0u;
 156              		.loc 1 122 0
 157 000a 044B     		ldr	r3, .L9+4
 158 000c 0022     		movs	r2, #0
 159 000e 1A70     		strb	r2, [r3]
 123:Generated_Source\PSoC4/Temp_Sensor.c **** }
 160              		.loc 1 123 0
 161 0010 C046     		nop
 162 0012 BD46     		mov	sp, r7
ARM GAS  C:\Users\ADMINI~1\AppData\Local\Temp\ccxwpI3U.s 			page 6


 163              		@ sp needed
 164 0014 80BD     		pop	{r7, pc}
 165              	.L10:
 166 0016 C046     		.align	2
 167              	.L9:
 168 0018 00000000 		.word	Temp_Sensor_contMode
 169 001c 00000000 		.word	Temp_Sensor_busyFlag
 170              		.cfi_endproc
 171              	.LFE3:
 172              		.size	Temp_Sensor_Init, .-Temp_Sensor_Init
 173              		.section	.text.Temp_Sensor_Enable,"ax",%progbits
 174              		.align	2
 175              		.global	Temp_Sensor_Enable
 176              		.code	16
 177              		.thumb_func
 178              		.type	Temp_Sensor_Enable, %function
 179              	Temp_Sensor_Enable:
 180              	.LFB4:
 124:Generated_Source\PSoC4/Temp_Sensor.c **** 
 125:Generated_Source\PSoC4/Temp_Sensor.c **** 
 126:Generated_Source\PSoC4/Temp_Sensor.c **** /*******************************************************************************
 127:Generated_Source\PSoC4/Temp_Sensor.c **** * Function Name: Temp_Sensor_Enable()
 128:Generated_Source\PSoC4/Temp_Sensor.c **** ********************************************************************************
 129:Generated_Source\PSoC4/Temp_Sensor.c **** *
 130:Generated_Source\PSoC4/Temp_Sensor.c **** * Summary:
 131:Generated_Source\PSoC4/Temp_Sensor.c **** *  Enables the component.
 132:Generated_Source\PSoC4/Temp_Sensor.c **** *
 133:Generated_Source\PSoC4/Temp_Sensor.c **** * Parameters:
 134:Generated_Source\PSoC4/Temp_Sensor.c **** *  None
 135:Generated_Source\PSoC4/Temp_Sensor.c **** *
 136:Generated_Source\PSoC4/Temp_Sensor.c **** * Return:
 137:Generated_Source\PSoC4/Temp_Sensor.c **** *  None
 138:Generated_Source\PSoC4/Temp_Sensor.c **** *
 139:Generated_Source\PSoC4/Temp_Sensor.c **** * Side Effects:
 140:Generated_Source\PSoC4/Temp_Sensor.c **** *  None
 141:Generated_Source\PSoC4/Temp_Sensor.c **** *
 142:Generated_Source\PSoC4/Temp_Sensor.c **** ********************************************************************************/
 143:Generated_Source\PSoC4/Temp_Sensor.c **** void Temp_Sensor_Enable(void) 
 144:Generated_Source\PSoC4/Temp_Sensor.c **** {
 181              		.loc 1 144 0
 182              		.cfi_startproc
 183              		@ args = 0, pretend = 0, frame = 8
 184              		@ frame_needed = 1, uses_anonymous_args = 0
 185 0000 90B5     		push	{r4, r7, lr}
 186              		.cfi_def_cfa_offset 12
 187              		.cfi_offset 4, -12
 188              		.cfi_offset 7, -8
 189              		.cfi_offset 14, -4
 190 0002 83B0     		sub	sp, sp, #12
 191              		.cfi_def_cfa_offset 24
 192 0004 00AF     		add	r7, sp, #0
 193              		.cfi_def_cfa_register 7
 145:Generated_Source\PSoC4/Temp_Sensor.c ****     uint8 enableInterrupts;
 146:Generated_Source\PSoC4/Temp_Sensor.c **** 
 147:Generated_Source\PSoC4/Temp_Sensor.c ****     /* Change shared regs, need to be safety */
 148:Generated_Source\PSoC4/Temp_Sensor.c ****     enableInterrupts = CyEnterCriticalSection();
 194              		.loc 1 148 0
ARM GAS  C:\Users\ADMINI~1\AppData\Local\Temp\ccxwpI3U.s 			page 7


 195 0006 FC1D     		adds	r4, r7, #7
 196 0008 FFF7FEFF 		bl	CyEnterCriticalSection
 197 000c 0300     		movs	r3, r0
 198 000e 2370     		strb	r3, [r4]
 149:Generated_Source\PSoC4/Temp_Sensor.c **** 
 150:Generated_Source\PSoC4/Temp_Sensor.c ****     /* Setup the number of Sensors from the customizer */
 151:Generated_Source\PSoC4/Temp_Sensor.c ****     Temp_Sensor_CONTROL_REG = ((Temp_Sensor_CONTROL_REG & Temp_Sensor_CTRL_EOC_TRIG) | 
 199              		.loc 1 151 0
 200 0010 1449     		ldr	r1, .L12
 201 0012 144B     		ldr	r3, .L12
 202 0014 1B78     		ldrb	r3, [r3]
 203 0016 DBB2     		uxtb	r3, r3
 204 0018 0922     		movs	r2, #9
 205 001a 1340     		ands	r3, r2
 206 001c DBB2     		uxtb	r3, r3
 207 001e 8022     		movs	r2, #128
 208 0020 5242     		rsbs	r2, r2, #0
 209 0022 1343     		orrs	r3, r2
 210 0024 DBB2     		uxtb	r3, r3
 211 0026 0B70     		strb	r3, [r1]
 152:Generated_Source\PSoC4/Temp_Sensor.c ****                                    ((uint8)((Temp_Sensor_CUSTOM_NUM_SENSORS - 1u)  << 
 153:Generated_Source\PSoC4/Temp_Sensor.c ****                                              Temp_Sensor_CTRL_REG_SNS_SHIFT))  |
 154:Generated_Source\PSoC4/Temp_Sensor.c ****                                              Temp_Sensor_CTRL_REG_ENABLE);
 155:Generated_Source\PSoC4/Temp_Sensor.c **** 
 156:Generated_Source\PSoC4/Temp_Sensor.c ****     /* Reset Timer FIFOs */
 157:Generated_Source\PSoC4/Temp_Sensor.c ****     CY_SET_REG16(Temp_Sensor_FIFO_AUXCTL_PTR, (CY_GET_REG16(Temp_Sensor_FIFO_AUXCTL_PTR) |
 212              		.loc 1 157 0
 213 0028 0F4A     		ldr	r2, .L12+4
 214 002a 0F4B     		ldr	r3, .L12+4
 215 002c 1B88     		ldrh	r3, [r3]
 216 002e 9BB2     		uxth	r3, r3
 217 0030 0E49     		ldr	r1, .L12+8
 218 0032 0B43     		orrs	r3, r1
 219 0034 9BB2     		uxth	r3, r3
 220 0036 1380     		strh	r3, [r2]
 158:Generated_Source\PSoC4/Temp_Sensor.c ****                                                                  Temp_Sensor_FIFO_CLEAR_MASK));
 159:Generated_Source\PSoC4/Temp_Sensor.c ****     CY_SET_REG16(Temp_Sensor_FIFO_AUXCTL_PTR, (CY_GET_REG16(Temp_Sensor_FIFO_AUXCTL_PTR) &
 221              		.loc 1 159 0
 222 0038 0B4A     		ldr	r2, .L12+4
 223 003a 0B4B     		ldr	r3, .L12+4
 224 003c 1B88     		ldrh	r3, [r3]
 225 003e 9BB2     		uxth	r3, r3
 226 0040 0B49     		ldr	r1, .L12+12
 227 0042 0B40     		ands	r3, r1
 228 0044 9BB2     		uxth	r3, r3
 229 0046 1380     		strh	r3, [r2]
 160:Generated_Source\PSoC4/Temp_Sensor.c ****                                                                  (uint16)~Temp_Sensor_FIFO_CLEAR_MA
 161:Generated_Source\PSoC4/Temp_Sensor.c **** 
 162:Generated_Source\PSoC4/Temp_Sensor.c ****     /* shared regs config are done */
 163:Generated_Source\PSoC4/Temp_Sensor.c ****     CyExitCriticalSection(enableInterrupts);
 230              		.loc 1 163 0
 231 0048 FB1D     		adds	r3, r7, #7
 232 004a 1B78     		ldrb	r3, [r3]
 233 004c 1800     		movs	r0, r3
 234 004e FFF7FEFF 		bl	CyExitCriticalSection
 164:Generated_Source\PSoC4/Temp_Sensor.c **** 
 165:Generated_Source\PSoC4/Temp_Sensor.c ****     /* Enable the buried ISR component */
ARM GAS  C:\Users\ADMINI~1\AppData\Local\Temp\ccxwpI3U.s 			page 8


 166:Generated_Source\PSoC4/Temp_Sensor.c ****     Temp_Sensor_EOC_ISR_StartEx(&Temp_Sensor_EOC_ISR_Int);
 235              		.loc 1 166 0
 236 0052 084B     		ldr	r3, .L12+16
 237 0054 1800     		movs	r0, r3
 238 0056 FFF7FEFF 		bl	Temp_Sensor_EOC_ISR_StartEx
 167:Generated_Source\PSoC4/Temp_Sensor.c **** }
 239              		.loc 1 167 0
 240 005a C046     		nop
 241 005c BD46     		mov	sp, r7
 242 005e 03B0     		add	sp, sp, #12
 243              		@ sp needed
 244 0060 90BD     		pop	{r4, r7, pc}
 245              	.L13:
 246 0062 C046     		.align	2
 247              	.L12:
 248 0064 72000F40 		.word	1074724978
 249 0068 24110F40 		.word	1074729252
 250 006c 03030000 		.word	771
 251 0070 FCFCFFFF 		.word	-772
 252 0074 00000000 		.word	Temp_Sensor_EOC_ISR_Int
 253              		.cfi_endproc
 254              	.LFE4:
 255              		.size	Temp_Sensor_Enable, .-Temp_Sensor_Enable
 256              		.section	.text.Temp_Sensor_Trigger,"ax",%progbits
 257              		.align	2
 258              		.global	Temp_Sensor_Trigger
 259              		.code	16
 260              		.thumb_func
 261              		.type	Temp_Sensor_Trigger, %function
 262              	Temp_Sensor_Trigger:
 263              	.LFB5:
 168:Generated_Source\PSoC4/Temp_Sensor.c **** 
 169:Generated_Source\PSoC4/Temp_Sensor.c **** 
 170:Generated_Source\PSoC4/Temp_Sensor.c **** /*******************************************************************************
 171:Generated_Source\PSoC4/Temp_Sensor.c **** * Function Name: Temp_Sensor_Trigger
 172:Generated_Source\PSoC4/Temp_Sensor.c **** ********************************************************************************
 173:Generated_Source\PSoC4/Temp_Sensor.c **** *
 174:Generated_Source\PSoC4/Temp_Sensor.c **** * Summary:
 175:Generated_Source\PSoC4/Temp_Sensor.c **** *  Provides a valid strobe/trigger output on the conv terminal.
 176:Generated_Source\PSoC4/Temp_Sensor.c **** *
 177:Generated_Source\PSoC4/Temp_Sensor.c **** * Parameters:
 178:Generated_Source\PSoC4/Temp_Sensor.c **** *  None
 179:Generated_Source\PSoC4/Temp_Sensor.c **** *
 180:Generated_Source\PSoC4/Temp_Sensor.c **** * Return:
 181:Generated_Source\PSoC4/Temp_Sensor.c **** *  None
 182:Generated_Source\PSoC4/Temp_Sensor.c **** *
 183:Generated_Source\PSoC4/Temp_Sensor.c **** * Global Variables:
 184:Generated_Source\PSoC4/Temp_Sensor.c **** *  Temp_Sensor_busyFlag - used for reflect sensor masuring.
 185:Generated_Source\PSoC4/Temp_Sensor.c **** *
 186:Generated_Source\PSoC4/Temp_Sensor.c **** *******************************************************************************/
 187:Generated_Source\PSoC4/Temp_Sensor.c **** void Temp_Sensor_Trigger(void) 
 188:Generated_Source\PSoC4/Temp_Sensor.c **** {
 264              		.loc 1 188 0
 265              		.cfi_startproc
 266              		@ args = 0, pretend = 0, frame = 8
 267              		@ frame_needed = 1, uses_anonymous_args = 0
 268 0000 90B5     		push	{r4, r7, lr}
ARM GAS  C:\Users\ADMINI~1\AppData\Local\Temp\ccxwpI3U.s 			page 9


 269              		.cfi_def_cfa_offset 12
 270              		.cfi_offset 4, -12
 271              		.cfi_offset 7, -8
 272              		.cfi_offset 14, -4
 273 0002 83B0     		sub	sp, sp, #12
 274              		.cfi_def_cfa_offset 24
 275 0004 00AF     		add	r7, sp, #0
 276              		.cfi_def_cfa_register 7
 189:Generated_Source\PSoC4/Temp_Sensor.c ****     uint8 enableInterrupts;
 190:Generated_Source\PSoC4/Temp_Sensor.c **** 
 191:Generated_Source\PSoC4/Temp_Sensor.c ****     if( 0u == Temp_Sensor_busyFlag)
 277              		.loc 1 191 0
 278 0006 0F4B     		ldr	r3, .L17
 279 0008 1B78     		ldrb	r3, [r3]
 280 000a DBB2     		uxtb	r3, r3
 281 000c 002B     		cmp	r3, #0
 282 000e 14D1     		bne	.L16
 192:Generated_Source\PSoC4/Temp_Sensor.c ****     {
 193:Generated_Source\PSoC4/Temp_Sensor.c ****         /* Change shared regs, need to be safety */
 194:Generated_Source\PSoC4/Temp_Sensor.c ****         enableInterrupts = CyEnterCriticalSection();
 283              		.loc 1 194 0
 284 0010 FC1D     		adds	r4, r7, #7
 285 0012 FFF7FEFF 		bl	CyEnterCriticalSection
 286 0016 0300     		movs	r3, r0
 287 0018 2370     		strb	r3, [r4]
 195:Generated_Source\PSoC4/Temp_Sensor.c **** 
 196:Generated_Source\PSoC4/Temp_Sensor.c ****         /* Generate a CONV strobe */
 197:Generated_Source\PSoC4/Temp_Sensor.c ****         Temp_Sensor_CONTROL_REG ^= Temp_Sensor_CTRL_TRIG;
 288              		.loc 1 197 0
 289 001a 0B4A     		ldr	r2, .L17+4
 290 001c 0A4B     		ldr	r3, .L17+4
 291 001e 1B78     		ldrb	r3, [r3]
 292 0020 DBB2     		uxtb	r3, r3
 293 0022 0121     		movs	r1, #1
 294 0024 4B40     		eors	r3, r1
 295 0026 DBB2     		uxtb	r3, r3
 296 0028 1370     		strb	r3, [r2]
 198:Generated_Source\PSoC4/Temp_Sensor.c **** 
 199:Generated_Source\PSoC4/Temp_Sensor.c ****         Temp_Sensor_busyFlag = 1u;
 297              		.loc 1 199 0
 298 002a 064B     		ldr	r3, .L17
 299 002c 0122     		movs	r2, #1
 300 002e 1A70     		strb	r2, [r3]
 200:Generated_Source\PSoC4/Temp_Sensor.c **** 
 201:Generated_Source\PSoC4/Temp_Sensor.c ****         /* shared regs config are done */
 202:Generated_Source\PSoC4/Temp_Sensor.c ****         CyExitCriticalSection(enableInterrupts);
 301              		.loc 1 202 0
 302 0030 FB1D     		adds	r3, r7, #7
 303 0032 1B78     		ldrb	r3, [r3]
 304 0034 1800     		movs	r0, r3
 305 0036 FFF7FEFF 		bl	CyExitCriticalSection
 306              	.L16:
 203:Generated_Source\PSoC4/Temp_Sensor.c ****     }
 204:Generated_Source\PSoC4/Temp_Sensor.c ****     else
 205:Generated_Source\PSoC4/Temp_Sensor.c ****     {
 206:Generated_Source\PSoC4/Temp_Sensor.c ****         /* Do nothing */
 207:Generated_Source\PSoC4/Temp_Sensor.c ****     }
ARM GAS  C:\Users\ADMINI~1\AppData\Local\Temp\ccxwpI3U.s 			page 10


 208:Generated_Source\PSoC4/Temp_Sensor.c **** 
 209:Generated_Source\PSoC4/Temp_Sensor.c **** }
 307              		.loc 1 209 0
 308 003a C046     		nop
 309 003c BD46     		mov	sp, r7
 310 003e 03B0     		add	sp, sp, #12
 311              		@ sp needed
 312 0040 90BD     		pop	{r4, r7, pc}
 313              	.L18:
 314 0042 C046     		.align	2
 315              	.L17:
 316 0044 00000000 		.word	Temp_Sensor_busyFlag
 317 0048 72000F40 		.word	1074724978
 318              		.cfi_endproc
 319              	.LFE5:
 320              		.size	Temp_Sensor_Trigger, .-Temp_Sensor_Trigger
 321              		.global	__aeabi_idiv
 322              		.section	.text.Temp_Sensor_GetTemperature,"ax",%progbits
 323              		.align	2
 324              		.global	Temp_Sensor_GetTemperature
 325              		.code	16
 326              		.thumb_func
 327              		.type	Temp_Sensor_GetTemperature, %function
 328              	Temp_Sensor_GetTemperature:
 329              	.LFB6:
 210:Generated_Source\PSoC4/Temp_Sensor.c **** 
 211:Generated_Source\PSoC4/Temp_Sensor.c **** 
 212:Generated_Source\PSoC4/Temp_Sensor.c **** /*******************************************************************************
 213:Generated_Source\PSoC4/Temp_Sensor.c **** * Function Name: Temp_Sensor_GetTemperature
 214:Generated_Source\PSoC4/Temp_Sensor.c **** ********************************************************************************
 215:Generated_Source\PSoC4/Temp_Sensor.c **** *
 216:Generated_Source\PSoC4/Temp_Sensor.c **** * Summary:
 217:Generated_Source\PSoC4/Temp_Sensor.c **** *  Calculates the temperature in degrees Celsius.
 218:Generated_Source\PSoC4/Temp_Sensor.c **** *
 219:Generated_Source\PSoC4/Temp_Sensor.c **** * Parameters:
 220:Generated_Source\PSoC4/Temp_Sensor.c **** *  uint8 SensorNum. The TMP05 sensor number from 0..3.
 221:Generated_Source\PSoC4/Temp_Sensor.c **** *
 222:Generated_Source\PSoC4/Temp_Sensor.c **** * Return:
 223:Generated_Source\PSoC4/Temp_Sensor.c **** *  int16 Temperature in 1/100ths degrees C of the requested sensor.
 224:Generated_Source\PSoC4/Temp_Sensor.c **** *
 225:Generated_Source\PSoC4/Temp_Sensor.c **** *******************************************************************************/
 226:Generated_Source\PSoC4/Temp_Sensor.c **** int16 Temp_Sensor_GetTemperature(uint8 sensorNum) 
 227:Generated_Source\PSoC4/Temp_Sensor.c **** {
 330              		.loc 1 227 0
 331              		.cfi_startproc
 332              		@ args = 0, pretend = 0, frame = 16
 333              		@ frame_needed = 1, uses_anonymous_args = 0
 334 0000 80B5     		push	{r7, lr}
 335              		.cfi_def_cfa_offset 8
 336              		.cfi_offset 7, -8
 337              		.cfi_offset 14, -4
 338 0002 84B0     		sub	sp, sp, #16
 339              		.cfi_def_cfa_offset 24
 340 0004 00AF     		add	r7, sp, #0
 341              		.cfi_def_cfa_register 7
 342 0006 0200     		movs	r2, r0
 343 0008 FB1D     		adds	r3, r7, #7
ARM GAS  C:\Users\ADMINI~1\AppData\Local\Temp\ccxwpI3U.s 			page 11


 344 000a 1A70     		strb	r2, [r3]
 228:Generated_Source\PSoC4/Temp_Sensor.c ****     uint16 hi_temp;
 229:Generated_Source\PSoC4/Temp_Sensor.c ****     uint16 lo_temp;
 230:Generated_Source\PSoC4/Temp_Sensor.c ****     
 231:Generated_Source\PSoC4/Temp_Sensor.c ****     Temp_Sensor_EOC_ISR_Disable();
 345              		.loc 1 231 0
 346 000c FFF7FEFF 		bl	Temp_Sensor_EOC_ISR_Disable
 232:Generated_Source\PSoC4/Temp_Sensor.c ****     hi_temp = Temp_Sensor_hi[sensorNum];
 347              		.loc 1 232 0
 348 0010 FB1D     		adds	r3, r7, #7
 349 0012 1978     		ldrb	r1, [r3]
 350 0014 0E23     		movs	r3, #14
 351 0016 FB18     		adds	r3, r7, r3
 352 0018 114A     		ldr	r2, .L21
 353 001a 4900     		lsls	r1, r1, #1
 354 001c 8A5A     		ldrh	r2, [r1, r2]
 355 001e 1A80     		strh	r2, [r3]
 233:Generated_Source\PSoC4/Temp_Sensor.c ****     lo_temp = Temp_Sensor_lo[sensorNum];
 356              		.loc 1 233 0
 357 0020 FB1D     		adds	r3, r7, #7
 358 0022 1978     		ldrb	r1, [r3]
 359 0024 0C23     		movs	r3, #12
 360 0026 FB18     		adds	r3, r7, r3
 361 0028 0E4A     		ldr	r2, .L21+4
 362 002a 4900     		lsls	r1, r1, #1
 363 002c 8A5A     		ldrh	r2, [r1, r2]
 364 002e 1A80     		strh	r2, [r3]
 234:Generated_Source\PSoC4/Temp_Sensor.c ****     Temp_Sensor_EOC_ISR_Enable();
 365              		.loc 1 234 0
 366 0030 FFF7FEFF 		bl	Temp_Sensor_EOC_ISR_Enable
 235:Generated_Source\PSoC4/Temp_Sensor.c ****     
 236:Generated_Source\PSoC4/Temp_Sensor.c ****     /* Calculates temp for each sensor based on mathematical equation shown in TMP05 datasheet */
 237:Generated_Source\PSoC4/Temp_Sensor.c ****     return ((int16)((Temp_Sensor_SCALED_CONST_TMP1 - 
 238:Generated_Source\PSoC4/Temp_Sensor.c **** 		   ((Temp_Sensor_SCALED_CONST_TMP2 * (int32) hi_temp) / (int32) lo_temp))));
 367              		.loc 1 238 0
 368 0034 0E23     		movs	r3, #14
 369 0036 FB18     		adds	r3, r7, r3
 370 0038 1B88     		ldrh	r3, [r3]
 371 003a 0B4A     		ldr	r2, .L21+8
 372 003c 5A43     		muls	r2, r3
 373 003e 0C23     		movs	r3, #12
 374 0040 FB18     		adds	r3, r7, r3
 375 0042 1B88     		ldrh	r3, [r3]
 376 0044 1900     		movs	r1, r3
 377 0046 1000     		movs	r0, r2
 378 0048 FFF7FEFF 		bl	__aeabi_idiv
 379 004c 0300     		movs	r3, r0
 237:Generated_Source\PSoC4/Temp_Sensor.c **** 		   ((Temp_Sensor_SCALED_CONST_TMP2 * (int32) hi_temp) / (int32) lo_temp))));
 380              		.loc 1 237 0
 381 004e 9BB2     		uxth	r3, r3
 382 0050 064A     		ldr	r2, .L21+12
 383 0052 D31A     		subs	r3, r2, r3
 384 0054 9BB2     		uxth	r3, r3
 385 0056 1BB2     		sxth	r3, r3
 239:Generated_Source\PSoC4/Temp_Sensor.c **** }
 386              		.loc 1 239 0
 387 0058 1800     		movs	r0, r3
ARM GAS  C:\Users\ADMINI~1\AppData\Local\Temp\ccxwpI3U.s 			page 12


 388 005a BD46     		mov	sp, r7
 389 005c 04B0     		add	sp, sp, #16
 390              		@ sp needed
 391 005e 80BD     		pop	{r7, pc}
 392              	.L22:
 393              		.align	2
 394              	.L21:
 395 0060 00000000 		.word	Temp_Sensor_hi
 396 0064 00000000 		.word	Temp_Sensor_lo
 397 0068 5C250100 		.word	75100
 398 006c 74A4FFFF 		.word	-23436
 399              		.cfi_endproc
 400              	.LFE6:
 401              		.size	Temp_Sensor_GetTemperature, .-Temp_Sensor_GetTemperature
 402              		.section	.text.Temp_Sensor_ConversionStatus,"ax",%progbits
 403              		.align	2
 404              		.global	Temp_Sensor_ConversionStatus
 405              		.code	16
 406              		.thumb_func
 407              		.type	Temp_Sensor_ConversionStatus, %function
 408              	Temp_Sensor_ConversionStatus:
 409              	.LFB7:
 240:Generated_Source\PSoC4/Temp_Sensor.c **** 
 241:Generated_Source\PSoC4/Temp_Sensor.c **** 
 242:Generated_Source\PSoC4/Temp_Sensor.c **** /*******************************************************************************
 243:Generated_Source\PSoC4/Temp_Sensor.c **** * Function Name: Temp_Sensor_ConversionStatus
 244:Generated_Source\PSoC4/Temp_Sensor.c **** ********************************************************************************
 245:Generated_Source\PSoC4/Temp_Sensor.c **** *
 246:Generated_Source\PSoC4/Temp_Sensor.c **** * Summary:
 247:Generated_Source\PSoC4/Temp_Sensor.c **** *  Enables firmware to synchronize with the hardware.
 248:Generated_Source\PSoC4/Temp_Sensor.c **** *
 249:Generated_Source\PSoC4/Temp_Sensor.c **** * Parameters:
 250:Generated_Source\PSoC4/Temp_Sensor.c **** *  None
 251:Generated_Source\PSoC4/Temp_Sensor.c **** *
 252:Generated_Source\PSoC4/Temp_Sensor.c **** * Return:
 253:Generated_Source\PSoC4/Temp_Sensor.c **** *  uint8 status code:
 254:Generated_Source\PSoC4/Temp_Sensor.c **** *   Temp_Sensor_STATUS_IN_PROGRESS - Conversion in progress.
 255:Generated_Source\PSoC4/Temp_Sensor.c **** *   Temp_Sensor_STATUS_COMPLETE - Conversion complete.
 256:Generated_Source\PSoC4/Temp_Sensor.c **** *   Temp_Sensor_STATUS_ERROR - Sensor Error.
 257:Generated_Source\PSoC4/Temp_Sensor.c **** *
 258:Generated_Source\PSoC4/Temp_Sensor.c **** *******************************************************************************/
 259:Generated_Source\PSoC4/Temp_Sensor.c **** uint8 Temp_Sensor_ConversionStatus(void) 
 260:Generated_Source\PSoC4/Temp_Sensor.c **** {
 410              		.loc 1 260 0
 411              		.cfi_startproc
 412              		@ args = 0, pretend = 0, frame = 0
 413              		@ frame_needed = 1, uses_anonymous_args = 0
 414 0000 80B5     		push	{r7, lr}
 415              		.cfi_def_cfa_offset 8
 416              		.cfi_offset 7, -8
 417              		.cfi_offset 14, -4
 418 0002 00AF     		add	r7, sp, #0
 419              		.cfi_def_cfa_register 7
 261:Generated_Source\PSoC4/Temp_Sensor.c ****     return (Temp_Sensor_STATUS_REG & Temp_Sensor_STATUS_CLR_MASK);
 420              		.loc 1 261 0
 421 0004 044B     		ldr	r3, .L25
 422 0006 1B78     		ldrb	r3, [r3]
ARM GAS  C:\Users\ADMINI~1\AppData\Local\Temp\ccxwpI3U.s 			page 13


 423 0008 DBB2     		uxtb	r3, r3
 424 000a 0322     		movs	r2, #3
 425 000c 1340     		ands	r3, r2
 426 000e DBB2     		uxtb	r3, r3
 262:Generated_Source\PSoC4/Temp_Sensor.c **** }
 427              		.loc 1 262 0
 428 0010 1800     		movs	r0, r3
 429 0012 BD46     		mov	sp, r7
 430              		@ sp needed
 431 0014 80BD     		pop	{r7, pc}
 432              	.L26:
 433 0016 C046     		.align	2
 434              	.L25:
 435 0018 63000F40 		.word	1074724963
 436              		.cfi_endproc
 437              	.LFE7:
 438              		.size	Temp_Sensor_ConversionStatus, .-Temp_Sensor_ConversionStatus
 439              		.section	.text.Temp_Sensor_SetMode,"ax",%progbits
 440              		.align	2
 441              		.global	Temp_Sensor_SetMode
 442              		.code	16
 443              		.thumb_func
 444              		.type	Temp_Sensor_SetMode, %function
 445              	Temp_Sensor_SetMode:
 446              	.LFB8:
 263:Generated_Source\PSoC4/Temp_Sensor.c **** 
 264:Generated_Source\PSoC4/Temp_Sensor.c **** 
 265:Generated_Source\PSoC4/Temp_Sensor.c **** /*******************************************************************************
 266:Generated_Source\PSoC4/Temp_Sensor.c **** * Function Name: Temp_Sensor_SetMode
 267:Generated_Source\PSoC4/Temp_Sensor.c **** ********************************************************************************
 268:Generated_Source\PSoC4/Temp_Sensor.c **** *
 269:Generated_Source\PSoC4/Temp_Sensor.c **** * Summary:
 270:Generated_Source\PSoC4/Temp_Sensor.c **** *  Sets the operating mode of the component.
 271:Generated_Source\PSoC4/Temp_Sensor.c **** *
 272:Generated_Source\PSoC4/Temp_Sensor.c **** * Parameters:
 273:Generated_Source\PSoC4/Temp_Sensor.c **** *  uint8 mode: operating mode:
 274:Generated_Source\PSoC4/Temp_Sensor.c **** *   Temp_Sensor_MODE_CONTINUOUS - Continuous mode.
 275:Generated_Source\PSoC4/Temp_Sensor.c **** *   Temp_Sensor_MODE_ONESHOT - One-shot mode.
 276:Generated_Source\PSoC4/Temp_Sensor.c **** *
 277:Generated_Source\PSoC4/Temp_Sensor.c **** * Return:
 278:Generated_Source\PSoC4/Temp_Sensor.c **** *  None
 279:Generated_Source\PSoC4/Temp_Sensor.c **** *
 280:Generated_Source\PSoC4/Temp_Sensor.c **** * Global Variables:
 281:Generated_Source\PSoC4/Temp_Sensor.c **** *  Temp_Sensor_contMode - used for reflect modes of operation used:
 282:Generated_Source\PSoC4/Temp_Sensor.c **** *     - Temp_Sensor_MODE_CONTINUOUS.
 283:Generated_Source\PSoC4/Temp_Sensor.c **** *     - Temp_Sensor_MODE_ONESHOT.
 284:Generated_Source\PSoC4/Temp_Sensor.c **** *
 285:Generated_Source\PSoC4/Temp_Sensor.c **** *******************************************************************************/
 286:Generated_Source\PSoC4/Temp_Sensor.c **** void Temp_Sensor_SetMode(uint8 mode) 
 287:Generated_Source\PSoC4/Temp_Sensor.c **** {
 447              		.loc 1 287 0
 448              		.cfi_startproc
 449              		@ args = 0, pretend = 0, frame = 8
 450              		@ frame_needed = 1, uses_anonymous_args = 0
 451 0000 80B5     		push	{r7, lr}
 452              		.cfi_def_cfa_offset 8
 453              		.cfi_offset 7, -8
ARM GAS  C:\Users\ADMINI~1\AppData\Local\Temp\ccxwpI3U.s 			page 14


 454              		.cfi_offset 14, -4
 455 0002 82B0     		sub	sp, sp, #8
 456              		.cfi_def_cfa_offset 16
 457 0004 00AF     		add	r7, sp, #0
 458              		.cfi_def_cfa_register 7
 459 0006 0200     		movs	r2, r0
 460 0008 FB1D     		adds	r3, r7, #7
 461 000a 1A70     		strb	r2, [r3]
 288:Generated_Source\PSoC4/Temp_Sensor.c ****    Temp_Sensor_contMode = mode;
 462              		.loc 1 288 0
 463 000c 034B     		ldr	r3, .L28
 464 000e FA1D     		adds	r2, r7, #7
 465 0010 1278     		ldrb	r2, [r2]
 466 0012 1A70     		strb	r2, [r3]
 289:Generated_Source\PSoC4/Temp_Sensor.c **** }
 467              		.loc 1 289 0
 468 0014 C046     		nop
 469 0016 BD46     		mov	sp, r7
 470 0018 02B0     		add	sp, sp, #8
 471              		@ sp needed
 472 001a 80BD     		pop	{r7, pc}
 473              	.L29:
 474              		.align	2
 475              	.L28:
 476 001c 00000000 		.word	Temp_Sensor_contMode
 477              		.cfi_endproc
 478              	.LFE8:
 479              		.size	Temp_Sensor_SetMode, .-Temp_Sensor_SetMode
 480              		.section	.text.Temp_Sensor_DiscoverSensors,"ax",%progbits
 481              		.align	2
 482              		.global	Temp_Sensor_DiscoverSensors
 483              		.code	16
 484              		.thumb_func
 485              		.type	Temp_Sensor_DiscoverSensors, %function
 486              	Temp_Sensor_DiscoverSensors:
 487              	.LFB9:
 290:Generated_Source\PSoC4/Temp_Sensor.c **** 
 291:Generated_Source\PSoC4/Temp_Sensor.c **** 
 292:Generated_Source\PSoC4/Temp_Sensor.c **** /*******************************************************************************
 293:Generated_Source\PSoC4/Temp_Sensor.c **** * Function Name: Temp_Sensor_DiscoverSensors
 294:Generated_Source\PSoC4/Temp_Sensor.c **** ********************************************************************************
 295:Generated_Source\PSoC4/Temp_Sensor.c **** *
 296:Generated_Source\PSoC4/Temp_Sensor.c **** * Summary:
 297:Generated_Source\PSoC4/Temp_Sensor.c **** *  This API is provided for applications that might have a variable number of
 298:Generated_Source\PSoC4/Temp_Sensor.c **** *  temperature sensors connected. It automatically detects how many temperature
 299:Generated_Source\PSoC4/Temp_Sensor.c **** *  sensors are daisy-chained to the component. The algorithm starts by checking
 300:Generated_Source\PSoC4/Temp_Sensor.c **** *  to see if the number of sensors actually connected matches the NumSensors
 301:Generated_Source\PSoC4/Temp_Sensor.c **** *  parameter setting in the Basic Tab of the component customizer. If not,
 302:Generated_Source\PSoC4/Temp_Sensor.c **** *  it will retry assuming 1 less sensor is connected. This process will repeat
 303:Generated_Source\PSoC4/Temp_Sensor.c **** *  until the actual number of sensors connected is known.
 304:Generated_Source\PSoC4/Temp_Sensor.c **** *  Confirming whether or not a sensor is attached or not takes a few hundred
 305:Generated_Source\PSoC4/Temp_Sensor.c **** *  milliseconds per sensor per iteration of the algorithm. To limit the
 306:Generated_Source\PSoC4/Temp_Sensor.c **** *  sensing time, reduce the NumSensors parameter setting in the General Tab
 307:Generated_Source\PSoC4/Temp_Sensor.c **** *  of the component customizer to the maximum number of possible sensors
 308:Generated_Source\PSoC4/Temp_Sensor.c **** *  in the system.
 309:Generated_Source\PSoC4/Temp_Sensor.c **** *
 310:Generated_Source\PSoC4/Temp_Sensor.c **** * Parameters:
ARM GAS  C:\Users\ADMINI~1\AppData\Local\Temp\ccxwpI3U.s 			page 15


 311:Generated_Source\PSoC4/Temp_Sensor.c **** *  None
 312:Generated_Source\PSoC4/Temp_Sensor.c **** *
 313:Generated_Source\PSoC4/Temp_Sensor.c **** * Return:
 314:Generated_Source\PSoC4/Temp_Sensor.c **** *  uint8 representing the number of sensors actually connected (0..4).
 315:Generated_Source\PSoC4/Temp_Sensor.c **** *
 316:Generated_Source\PSoC4/Temp_Sensor.c **** * Global Variables:
 317:Generated_Source\PSoC4/Temp_Sensor.c **** *  Temp_Sensor_contMode - used for reflect modes of operation used:
 318:Generated_Source\PSoC4/Temp_Sensor.c **** *     - Temp_Sensor_MODE_CONTINUOUS.
 319:Generated_Source\PSoC4/Temp_Sensor.c **** *     - Temp_Sensor_MODE_ONESHOT.
 320:Generated_Source\PSoC4/Temp_Sensor.c **** *
 321:Generated_Source\PSoC4/Temp_Sensor.c **** *******************************************************************************/
 322:Generated_Source\PSoC4/Temp_Sensor.c **** uint8 Temp_Sensor_DiscoverSensors(void) 
 323:Generated_Source\PSoC4/Temp_Sensor.c **** {
 488              		.loc 1 323 0
 489              		.cfi_startproc
 490              		@ args = 0, pretend = 0, frame = 8
 491              		@ frame_needed = 1, uses_anonymous_args = 0
 492 0000 90B5     		push	{r4, r7, lr}
 493              		.cfi_def_cfa_offset 12
 494              		.cfi_offset 4, -12
 495              		.cfi_offset 7, -8
 496              		.cfi_offset 14, -4
 497 0002 83B0     		sub	sp, sp, #12
 498              		.cfi_def_cfa_offset 24
 499 0004 00AF     		add	r7, sp, #0
 500              		.cfi_def_cfa_register 7
 324:Generated_Source\PSoC4/Temp_Sensor.c ****     uint8 sensorCount = Temp_Sensor_CUSTOM_NUM_SENSORS;
 501              		.loc 1 324 0
 502 0006 FB1D     		adds	r3, r7, #7
 503 0008 0122     		movs	r2, #1
 504 000a 1A70     		strb	r2, [r3]
 325:Generated_Source\PSoC4/Temp_Sensor.c ****     uint8 enableInterrupts;
 326:Generated_Source\PSoC4/Temp_Sensor.c ****     uint8 eocRegStatus;
 327:Generated_Source\PSoC4/Temp_Sensor.c ****     uint8 contFlag;
 328:Generated_Source\PSoC4/Temp_Sensor.c **** 
 329:Generated_Source\PSoC4/Temp_Sensor.c ****     if (0u != (Temp_Sensor_MODE_CONTINUOUS & Temp_Sensor_contMode))
 505              		.loc 1 329 0
 506 000c 3D4B     		ldr	r3, .L41
 507 000e 1B78     		ldrb	r3, [r3]
 508 0010 DBB2     		uxtb	r3, r3
 509 0012 0122     		movs	r2, #1
 510 0014 1340     		ands	r3, r2
 511 0016 DBB2     		uxtb	r3, r3
 512 0018 002B     		cmp	r3, #0
 513 001a 06D0     		beq	.L31
 330:Generated_Source\PSoC4/Temp_Sensor.c ****     {
 331:Generated_Source\PSoC4/Temp_Sensor.c ****         Temp_Sensor_contMode = Temp_Sensor_MODE_ONESHOT;
 514              		.loc 1 331 0
 515 001c 394B     		ldr	r3, .L41
 516 001e 0022     		movs	r2, #0
 517 0020 1A70     		strb	r2, [r3]
 332:Generated_Source\PSoC4/Temp_Sensor.c ****         contFlag = 1u;
 518              		.loc 1 332 0
 519 0022 7B1D     		adds	r3, r7, #5
 520 0024 0122     		movs	r2, #1
 521 0026 1A70     		strb	r2, [r3]
 522 0028 02E0     		b	.L32
ARM GAS  C:\Users\ADMINI~1\AppData\Local\Temp\ccxwpI3U.s 			page 16


 523              	.L31:
 333:Generated_Source\PSoC4/Temp_Sensor.c ****     }
 334:Generated_Source\PSoC4/Temp_Sensor.c ****     else
 335:Generated_Source\PSoC4/Temp_Sensor.c ****     {
 336:Generated_Source\PSoC4/Temp_Sensor.c ****         contFlag = 0u;
 524              		.loc 1 336 0
 525 002a 7B1D     		adds	r3, r7, #5
 526 002c 0022     		movs	r2, #0
 527 002e 1A70     		strb	r2, [r3]
 528              	.L32:
 337:Generated_Source\PSoC4/Temp_Sensor.c ****     }
 338:Generated_Source\PSoC4/Temp_Sensor.c **** 
 339:Generated_Source\PSoC4/Temp_Sensor.c ****     /* Change shared regs, need to be safety */
 340:Generated_Source\PSoC4/Temp_Sensor.c ****     enableInterrupts = CyEnterCriticalSection();
 529              		.loc 1 340 0
 530 0030 3C1D     		adds	r4, r7, #4
 531 0032 FFF7FEFF 		bl	CyEnterCriticalSection
 532 0036 0300     		movs	r3, r0
 533 0038 2370     		strb	r3, [r4]
 341:Generated_Source\PSoC4/Temp_Sensor.c **** 
 342:Generated_Source\PSoC4/Temp_Sensor.c ****     /* Setup the number of Sensors from the customizer */
 343:Generated_Source\PSoC4/Temp_Sensor.c ****     Temp_Sensor_CONTROL_REG = ((Temp_Sensor_CONTROL_REG & Temp_Sensor_CTRL_NUM_SNS_MASK) | 
 534              		.loc 1 343 0
 535 003a 334A     		ldr	r2, .L41+4
 536 003c 324B     		ldr	r3, .L41+4
 537 003e 1B78     		ldrb	r3, [r3]
 538 0040 DBB2     		uxtb	r3, r3
 539 0042 0621     		movs	r1, #6
 540 0044 8B43     		bics	r3, r1
 541 0046 DBB2     		uxtb	r3, r3
 542 0048 1370     		strb	r3, [r2]
 344:Generated_Source\PSoC4/Temp_Sensor.c ****                                    (uint8)((Temp_Sensor_CUSTOM_NUM_SENSORS - 1u) << 
 345:Generated_Source\PSoC4/Temp_Sensor.c ****                                             Temp_Sensor_CTRL_REG_SNS_SHIFT));
 346:Generated_Source\PSoC4/Temp_Sensor.c ****                                      
 347:Generated_Source\PSoC4/Temp_Sensor.c ****     /* shared regs config are done */
 348:Generated_Source\PSoC4/Temp_Sensor.c ****     CyExitCriticalSection(enableInterrupts);
 543              		.loc 1 348 0
 544 004a 3B1D     		adds	r3, r7, #4
 545 004c 1B78     		ldrb	r3, [r3]
 546 004e 1800     		movs	r0, r3
 547 0050 FFF7FEFF 		bl	CyExitCriticalSection
 349:Generated_Source\PSoC4/Temp_Sensor.c **** 
 350:Generated_Source\PSoC4/Temp_Sensor.c ****     /* Start conversion */
 351:Generated_Source\PSoC4/Temp_Sensor.c ****     Temp_Sensor_Trigger();
 548              		.loc 1 351 0
 549 0054 FFF7FEFF 		bl	Temp_Sensor_Trigger
 550              	.L33:
 352:Generated_Source\PSoC4/Temp_Sensor.c **** 
 353:Generated_Source\PSoC4/Temp_Sensor.c ****     /* Wait for conversion complete or error */
 354:Generated_Source\PSoC4/Temp_Sensor.c ****     do
 355:Generated_Source\PSoC4/Temp_Sensor.c ****     {
 356:Generated_Source\PSoC4/Temp_Sensor.c ****         eocRegStatus = Temp_Sensor_ConversionStatus();
 551              		.loc 1 356 0 discriminator 1
 552 0058 BC1D     		adds	r4, r7, #6
 553 005a FFF7FEFF 		bl	Temp_Sensor_ConversionStatus
 554 005e 0300     		movs	r3, r0
 555 0060 2370     		strb	r3, [r4]
ARM GAS  C:\Users\ADMINI~1\AppData\Local\Temp\ccxwpI3U.s 			page 17


 357:Generated_Source\PSoC4/Temp_Sensor.c ****     }
 358:Generated_Source\PSoC4/Temp_Sensor.c ****     while (eocRegStatus == Temp_Sensor_STATUS_IN_PROGRESS);
 556              		.loc 1 358 0 discriminator 1
 557 0062 BB1D     		adds	r3, r7, #6
 558 0064 1B78     		ldrb	r3, [r3]
 559 0066 002B     		cmp	r3, #0
 560 0068 F6D0     		beq	.L33
 359:Generated_Source\PSoC4/Temp_Sensor.c **** 
 360:Generated_Source\PSoC4/Temp_Sensor.c ****     /* Error returned, re-try with 1 less sensor */
 361:Generated_Source\PSoC4/Temp_Sensor.c ****     if (0u != (eocRegStatus & Temp_Sensor_STATUS_ERR))
 561              		.loc 1 361 0
 562 006a BB1D     		adds	r3, r7, #6
 563 006c 1B78     		ldrb	r3, [r3]
 564 006e 0222     		movs	r2, #2
 565 0070 1340     		ands	r3, r2
 566 0072 39D0     		beq	.L34
 567              	.L38:
 362:Generated_Source\PSoC4/Temp_Sensor.c ****     {
 363:Generated_Source\PSoC4/Temp_Sensor.c ****         do
 364:Generated_Source\PSoC4/Temp_Sensor.c ****         {
 365:Generated_Source\PSoC4/Temp_Sensor.c ****             sensorCount--;
 568              		.loc 1 365 0
 569 0074 FB1D     		adds	r3, r7, #7
 570 0076 1A78     		ldrb	r2, [r3]
 571 0078 FB1D     		adds	r3, r7, #7
 572 007a 013A     		subs	r2, r2, #1
 573 007c 1A70     		strb	r2, [r3]
 366:Generated_Source\PSoC4/Temp_Sensor.c **** 
 367:Generated_Source\PSoC4/Temp_Sensor.c ****             if (0u == sensorCount)
 574              		.loc 1 367 0
 575 007e FB1D     		adds	r3, r7, #7
 576 0080 1B78     		ldrb	r3, [r3]
 577 0082 002B     		cmp	r3, #0
 578 0084 03D1     		bne	.L35
 368:Generated_Source\PSoC4/Temp_Sensor.c ****             {
 369:Generated_Source\PSoC4/Temp_Sensor.c ****                 eocRegStatus = 0u;
 579              		.loc 1 369 0
 580 0086 BB1D     		adds	r3, r7, #6
 581 0088 0022     		movs	r2, #0
 582 008a 1A70     		strb	r2, [r3]
 583 008c 27E0     		b	.L36
 584              	.L35:
 370:Generated_Source\PSoC4/Temp_Sensor.c ****             }
 371:Generated_Source\PSoC4/Temp_Sensor.c ****             else
 372:Generated_Source\PSoC4/Temp_Sensor.c ****             {
 373:Generated_Source\PSoC4/Temp_Sensor.c ****                 /* Change shared regs, need to be safety */
 374:Generated_Source\PSoC4/Temp_Sensor.c ****                 enableInterrupts = CyEnterCriticalSection();
 585              		.loc 1 374 0
 586 008e 3C1D     		adds	r4, r7, #4
 587 0090 FFF7FEFF 		bl	CyEnterCriticalSection
 588 0094 0300     		movs	r3, r0
 589 0096 2370     		strb	r3, [r4]
 375:Generated_Source\PSoC4/Temp_Sensor.c **** 
 376:Generated_Source\PSoC4/Temp_Sensor.c ****                 Temp_Sensor_CONTROL_REG = ((Temp_Sensor_CONTROL_REG & Temp_Sensor_CTRL_NUM_SNS_MASK
 590              		.loc 1 376 0
 591 0098 1B49     		ldr	r1, .L41+4
 592 009a 1B4B     		ldr	r3, .L41+4
ARM GAS  C:\Users\ADMINI~1\AppData\Local\Temp\ccxwpI3U.s 			page 18


 593 009c 1B78     		ldrb	r3, [r3]
 594 009e DBB2     		uxtb	r3, r3
 595 00a0 5BB2     		sxtb	r3, r3
 596 00a2 0622     		movs	r2, #6
 597 00a4 9343     		bics	r3, r2
 598 00a6 5AB2     		sxtb	r2, r3
 377:Generated_Source\PSoC4/Temp_Sensor.c ****                                                (uint8)((sensorCount - 1u) << Temp_Sensor_CTRL_REG_S
 599              		.loc 1 377 0
 600 00a8 FB1D     		adds	r3, r7, #7
 601 00aa 1B78     		ldrb	r3, [r3]
 602 00ac 013B     		subs	r3, r3, #1
 603 00ae DBB2     		uxtb	r3, r3
 604 00b0 DB18     		adds	r3, r3, r3
 605 00b2 DBB2     		uxtb	r3, r3
 376:Generated_Source\PSoC4/Temp_Sensor.c ****                                                (uint8)((sensorCount - 1u) << Temp_Sensor_CTRL_REG_S
 606              		.loc 1 376 0
 607 00b4 5BB2     		sxtb	r3, r3
 608 00b6 1343     		orrs	r3, r2
 609 00b8 5BB2     		sxtb	r3, r3
 610 00ba DBB2     		uxtb	r3, r3
 611 00bc 0B70     		strb	r3, [r1]
 378:Generated_Source\PSoC4/Temp_Sensor.c **** 
 379:Generated_Source\PSoC4/Temp_Sensor.c ****                 /* shared regs config are done */
 380:Generated_Source\PSoC4/Temp_Sensor.c ****                 CyExitCriticalSection(enableInterrupts);
 612              		.loc 1 380 0
 613 00be 3B1D     		adds	r3, r7, #4
 614 00c0 1B78     		ldrb	r3, [r3]
 615 00c2 1800     		movs	r0, r3
 616 00c4 FFF7FEFF 		bl	CyExitCriticalSection
 381:Generated_Source\PSoC4/Temp_Sensor.c **** 
 382:Generated_Source\PSoC4/Temp_Sensor.c ****                  /* Start conversion */
 383:Generated_Source\PSoC4/Temp_Sensor.c ****                 Temp_Sensor_Trigger();
 617              		.loc 1 383 0
 618 00c8 FFF7FEFF 		bl	Temp_Sensor_Trigger
 619              	.L37:
 384:Generated_Source\PSoC4/Temp_Sensor.c **** 
 385:Generated_Source\PSoC4/Temp_Sensor.c ****                 /* Wait for conversion complete or error */
 386:Generated_Source\PSoC4/Temp_Sensor.c ****                 do
 387:Generated_Source\PSoC4/Temp_Sensor.c ****                 {
 388:Generated_Source\PSoC4/Temp_Sensor.c ****                     eocRegStatus = Temp_Sensor_ConversionStatus();
 620              		.loc 1 388 0 discriminator 1
 621 00cc BC1D     		adds	r4, r7, #6
 622 00ce FFF7FEFF 		bl	Temp_Sensor_ConversionStatus
 623 00d2 0300     		movs	r3, r0
 624 00d4 2370     		strb	r3, [r4]
 389:Generated_Source\PSoC4/Temp_Sensor.c ****                 }
 390:Generated_Source\PSoC4/Temp_Sensor.c ****                 while (eocRegStatus == Temp_Sensor_STATUS_IN_PROGRESS);
 625              		.loc 1 390 0 discriminator 1
 626 00d6 BB1D     		adds	r3, r7, #6
 627 00d8 1B78     		ldrb	r3, [r3]
 628 00da 002B     		cmp	r3, #0
 629 00dc F6D0     		beq	.L37
 630              	.L36:
 391:Generated_Source\PSoC4/Temp_Sensor.c ****             }
 392:Generated_Source\PSoC4/Temp_Sensor.c ****         }
 393:Generated_Source\PSoC4/Temp_Sensor.c ****         while (0u != (eocRegStatus & Temp_Sensor_STATUS_ERR));
 631              		.loc 1 393 0
ARM GAS  C:\Users\ADMINI~1\AppData\Local\Temp\ccxwpI3U.s 			page 19


 632 00de BB1D     		adds	r3, r7, #6
 633 00e0 1B78     		ldrb	r3, [r3]
 634 00e2 0222     		movs	r2, #2
 635 00e4 1340     		ands	r3, r2
 636 00e6 C5D1     		bne	.L38
 637              	.L34:
 394:Generated_Source\PSoC4/Temp_Sensor.c ****     }
 395:Generated_Source\PSoC4/Temp_Sensor.c **** 
 396:Generated_Source\PSoC4/Temp_Sensor.c ****     if (0u != contFlag)
 638              		.loc 1 396 0
 639 00e8 7B1D     		adds	r3, r7, #5
 640 00ea 1B78     		ldrb	r3, [r3]
 641 00ec 002B     		cmp	r3, #0
 642 00ee 02D0     		beq	.L39
 397:Generated_Source\PSoC4/Temp_Sensor.c ****     {
 398:Generated_Source\PSoC4/Temp_Sensor.c ****         Temp_Sensor_contMode = Temp_Sensor_MODE_CONTINUOUS;
 643              		.loc 1 398 0
 644 00f0 044B     		ldr	r3, .L41
 645 00f2 0122     		movs	r2, #1
 646 00f4 1A70     		strb	r2, [r3]
 647              	.L39:
 399:Generated_Source\PSoC4/Temp_Sensor.c ****     }
 400:Generated_Source\PSoC4/Temp_Sensor.c **** 
 401:Generated_Source\PSoC4/Temp_Sensor.c ****     return (sensorCount);
 648              		.loc 1 401 0
 649 00f6 FB1D     		adds	r3, r7, #7
 650 00f8 1B78     		ldrb	r3, [r3]
 402:Generated_Source\PSoC4/Temp_Sensor.c **** }
 651              		.loc 1 402 0
 652 00fa 1800     		movs	r0, r3
 653 00fc BD46     		mov	sp, r7
 654 00fe 03B0     		add	sp, sp, #12
 655              		@ sp needed
 656 0100 90BD     		pop	{r4, r7, pc}
 657              	.L42:
 658 0102 C046     		.align	2
 659              	.L41:
 660 0104 00000000 		.word	Temp_Sensor_contMode
 661 0108 72000F40 		.word	1074724978
 662              		.cfi_endproc
 663              	.LFE9:
 664              		.size	Temp_Sensor_DiscoverSensors, .-Temp_Sensor_DiscoverSensors
 665              		.text
 666              	.Letext0:
 667              		.file 2 "Generated_Source\\PSoC4\\cytypes.h"
 668              		.section	.debug_info,"",%progbits
 669              	.Ldebug_info0:
 670 0000 B1020000 		.4byte	0x2b1
 671 0004 0400     		.2byte	0x4
 672 0006 00000000 		.4byte	.Ldebug_abbrev0
 673 000a 04       		.byte	0x4
 674 000b 01       		.uleb128 0x1
 675 000c 54010000 		.4byte	.LASF41
 676 0010 0C       		.byte	0xc
 677 0011 B7000000 		.4byte	.LASF42
 678 0015 5B000000 		.4byte	.LASF43
 679 0019 00000000 		.4byte	.Ldebug_ranges0+0
ARM GAS  C:\Users\ADMINI~1\AppData\Local\Temp\ccxwpI3U.s 			page 20


 680 001d 00000000 		.4byte	0
 681 0021 00000000 		.4byte	.Ldebug_line0
 682 0025 02       		.uleb128 0x2
 683 0026 01       		.byte	0x1
 684 0027 06       		.byte	0x6
 685 0028 FD020000 		.4byte	.LASF0
 686 002c 02       		.uleb128 0x2
 687 002d 01       		.byte	0x1
 688 002e 08       		.byte	0x8
 689 002f 08020000 		.4byte	.LASF1
 690 0033 02       		.uleb128 0x2
 691 0034 02       		.byte	0x2
 692 0035 05       		.byte	0x5
 693 0036 AD020000 		.4byte	.LASF2
 694 003a 02       		.uleb128 0x2
 695 003b 02       		.byte	0x2
 696 003c 07       		.byte	0x7
 697 003d 48000000 		.4byte	.LASF3
 698 0041 02       		.uleb128 0x2
 699 0042 04       		.byte	0x4
 700 0043 05       		.byte	0x5
 701 0044 D2020000 		.4byte	.LASF4
 702 0048 02       		.uleb128 0x2
 703 0049 04       		.byte	0x4
 704 004a 07       		.byte	0x7
 705 004b 3C010000 		.4byte	.LASF5
 706 004f 02       		.uleb128 0x2
 707 0050 08       		.byte	0x8
 708 0051 05       		.byte	0x5
 709 0052 81020000 		.4byte	.LASF6
 710 0056 02       		.uleb128 0x2
 711 0057 08       		.byte	0x8
 712 0058 07       		.byte	0x7
 713 0059 43020000 		.4byte	.LASF7
 714 005d 03       		.uleb128 0x3
 715 005e 04       		.byte	0x4
 716 005f 05       		.byte	0x5
 717 0060 696E7400 		.ascii	"int\000"
 718 0064 02       		.uleb128 0x2
 719 0065 04       		.byte	0x4
 720 0066 07       		.byte	0x7
 721 0067 24020000 		.4byte	.LASF8
 722 006b 04       		.uleb128 0x4
 723 006c CC020000 		.4byte	.LASF9
 724 0070 02       		.byte	0x2
 725 0071 E401     		.2byte	0x1e4
 726 0073 2C000000 		.4byte	0x2c
 727 0077 04       		.uleb128 0x4
 728 0078 1D020000 		.4byte	.LASF10
 729 007c 02       		.byte	0x2
 730 007d E501     		.2byte	0x1e5
 731 007f 3A000000 		.4byte	0x3a
 732 0083 04       		.uleb128 0x4
 733 0084 6D020000 		.4byte	.LASF11
 734 0088 02       		.byte	0x2
 735 0089 E801     		.2byte	0x1e8
 736 008b 33000000 		.4byte	0x33
ARM GAS  C:\Users\ADMINI~1\AppData\Local\Temp\ccxwpI3U.s 			page 21


 737 008f 04       		.uleb128 0x4
 738 0090 4E010000 		.4byte	.LASF12
 739 0094 02       		.byte	0x2
 740 0095 E901     		.2byte	0x1e9
 741 0097 41000000 		.4byte	0x41
 742 009b 02       		.uleb128 0x2
 743 009c 04       		.byte	0x4
 744 009d 04       		.byte	0x4
 745 009e 33000000 		.4byte	.LASF13
 746 00a2 02       		.uleb128 0x2
 747 00a3 08       		.byte	0x8
 748 00a4 04       		.byte	0x4
 749 00a5 16020000 		.4byte	.LASF14
 750 00a9 02       		.uleb128 0x2
 751 00aa 01       		.byte	0x1
 752 00ab 08       		.byte	0x8
 753 00ac A0020000 		.4byte	.LASF15
 754 00b0 04       		.uleb128 0x4
 755 00b1 1A010000 		.4byte	.LASF16
 756 00b5 02       		.byte	0x2
 757 00b6 8E02     		.2byte	0x28e
 758 00b8 BC000000 		.4byte	0xbc
 759 00bc 05       		.uleb128 0x5
 760 00bd 6B000000 		.4byte	0x6b
 761 00c1 04       		.uleb128 0x4
 762 00c2 00000000 		.4byte	.LASF17
 763 00c6 02       		.byte	0x2
 764 00c7 8F02     		.2byte	0x28f
 765 00c9 CD000000 		.4byte	0xcd
 766 00cd 05       		.uleb128 0x5
 767 00ce 77000000 		.4byte	0x77
 768 00d2 02       		.uleb128 0x2
 769 00d3 08       		.byte	0x8
 770 00d4 04       		.byte	0x4
 771 00d5 F1020000 		.4byte	.LASF18
 772 00d9 02       		.uleb128 0x2
 773 00da 04       		.byte	0x4
 774 00db 07       		.byte	0x7
 775 00dc 78020000 		.4byte	.LASF19
 776 00e0 06       		.uleb128 0x6
 777 00e1 31020000 		.4byte	.LASF20
 778 00e5 01       		.byte	0x1
 779 00e6 32       		.byte	0x32
 780 00e7 00000000 		.4byte	.LFB1
 781 00eb 24000000 		.4byte	.LFE1-.LFB1
 782 00ef 01       		.uleb128 0x1
 783 00f0 9C       		.byte	0x9c
 784 00f1 07       		.uleb128 0x7
 785 00f2 0E000000 		.4byte	.LASF22
 786 00f6 01       		.byte	0x1
 787 00f7 4F       		.byte	0x4f
 788 00f8 00000000 		.4byte	.LFB2
 789 00fc 44000000 		.4byte	.LFE2-.LFB2
 790 0100 01       		.uleb128 0x1
 791 0101 9C       		.byte	0x9c
 792 0102 15010000 		.4byte	0x115
 793 0106 08       		.uleb128 0x8
ARM GAS  C:\Users\ADMINI~1\AppData\Local\Temp\ccxwpI3U.s 			page 22


 794 0107 E2010000 		.4byte	.LASF24
 795 010b 01       		.byte	0x1
 796 010c 51       		.byte	0x51
 797 010d 6B000000 		.4byte	0x6b
 798 0111 02       		.uleb128 0x2
 799 0112 91       		.byte	0x91
 800 0113 6F       		.sleb128 -17
 801 0114 00       		.byte	0
 802 0115 09       		.uleb128 0x9
 803 0116 8F020000 		.4byte	.LASF21
 804 011a 01       		.byte	0x1
 805 011b 77       		.byte	0x77
 806 011c 00000000 		.4byte	.LFB3
 807 0120 20000000 		.4byte	.LFE3-.LFB3
 808 0124 01       		.uleb128 0x1
 809 0125 9C       		.byte	0x9c
 810 0126 07       		.uleb128 0x7
 811 0127 5A020000 		.4byte	.LASF23
 812 012b 01       		.byte	0x1
 813 012c 8F       		.byte	0x8f
 814 012d 00000000 		.4byte	.LFB4
 815 0131 78000000 		.4byte	.LFE4-.LFB4
 816 0135 01       		.uleb128 0x1
 817 0136 9C       		.byte	0x9c
 818 0137 4A010000 		.4byte	0x14a
 819 013b 08       		.uleb128 0x8
 820 013c E2010000 		.4byte	.LASF24
 821 0140 01       		.byte	0x1
 822 0141 91       		.byte	0x91
 823 0142 6B000000 		.4byte	0x6b
 824 0146 02       		.uleb128 0x2
 825 0147 91       		.byte	0x91
 826 0148 6F       		.sleb128 -17
 827 0149 00       		.byte	0
 828 014a 07       		.uleb128 0x7
 829 014b 31030000 		.4byte	.LASF25
 830 014f 01       		.byte	0x1
 831 0150 BB       		.byte	0xbb
 832 0151 00000000 		.4byte	.LFB5
 833 0155 4C000000 		.4byte	.LFE5-.LFB5
 834 0159 01       		.uleb128 0x1
 835 015a 9C       		.byte	0x9c
 836 015b 6E010000 		.4byte	0x16e
 837 015f 08       		.uleb128 0x8
 838 0160 E2010000 		.4byte	.LASF24
 839 0164 01       		.byte	0x1
 840 0165 BD       		.byte	0xbd
 841 0166 6B000000 		.4byte	0x6b
 842 016a 02       		.uleb128 0x2
 843 016b 91       		.byte	0x91
 844 016c 6F       		.sleb128 -17
 845 016d 00       		.byte	0
 846 016e 0A       		.uleb128 0xa
 847 016f DC000000 		.4byte	.LASF31
 848 0173 01       		.byte	0x1
 849 0174 E2       		.byte	0xe2
 850 0175 83000000 		.4byte	0x83
ARM GAS  C:\Users\ADMINI~1\AppData\Local\Temp\ccxwpI3U.s 			page 23


 851 0179 00000000 		.4byte	.LFB6
 852 017d 70000000 		.4byte	.LFE6-.LFB6
 853 0181 01       		.uleb128 0x1
 854 0182 9C       		.byte	0x9c
 855 0183 B2010000 		.4byte	0x1b2
 856 0187 0B       		.uleb128 0xb
 857 0188 AD000000 		.4byte	.LASF29
 858 018c 01       		.byte	0x1
 859 018d E2       		.byte	0xe2
 860 018e 6B000000 		.4byte	0x6b
 861 0192 02       		.uleb128 0x2
 862 0193 91       		.byte	0x91
 863 0194 6F       		.sleb128 -17
 864 0195 08       		.uleb128 0x8
 865 0196 A5020000 		.4byte	.LASF26
 866 019a 01       		.byte	0x1
 867 019b E4       		.byte	0xe4
 868 019c 77000000 		.4byte	0x77
 869 01a0 02       		.uleb128 0x2
 870 01a1 91       		.byte	0x91
 871 01a2 76       		.sleb128 -10
 872 01a3 08       		.uleb128 0x8
 873 01a4 06000000 		.4byte	.LASF27
 874 01a8 01       		.byte	0x1
 875 01a9 E5       		.byte	0xe5
 876 01aa 77000000 		.4byte	0x77
 877 01ae 02       		.uleb128 0x2
 878 01af 91       		.byte	0x91
 879 01b0 74       		.sleb128 -12
 880 01b1 00       		.byte	0
 881 01b2 0C       		.uleb128 0xc
 882 01b3 1F010000 		.4byte	.LASF44
 883 01b7 01       		.byte	0x1
 884 01b8 0301     		.2byte	0x103
 885 01ba 6B000000 		.4byte	0x6b
 886 01be 00000000 		.4byte	.LFB7
 887 01c2 1C000000 		.4byte	.LFE7-.LFB7
 888 01c6 01       		.uleb128 0x1
 889 01c7 9C       		.byte	0x9c
 890 01c8 0D       		.uleb128 0xd
 891 01c9 1F000000 		.4byte	.LASF28
 892 01cd 01       		.byte	0x1
 893 01ce 1E01     		.2byte	0x11e
 894 01d0 00000000 		.4byte	.LFB8
 895 01d4 20000000 		.4byte	.LFE8-.LFB8
 896 01d8 01       		.uleb128 0x1
 897 01d9 9C       		.byte	0x9c
 898 01da EE010000 		.4byte	0x1ee
 899 01de 0E       		.uleb128 0xe
 900 01df 73020000 		.4byte	.LASF30
 901 01e3 01       		.byte	0x1
 902 01e4 1E01     		.2byte	0x11e
 903 01e6 6B000000 		.4byte	0x6b
 904 01ea 02       		.uleb128 0x2
 905 01eb 91       		.byte	0x91
 906 01ec 77       		.sleb128 -9
 907 01ed 00       		.byte	0
ARM GAS  C:\Users\ADMINI~1\AppData\Local\Temp\ccxwpI3U.s 			page 24


 908 01ee 0F       		.uleb128 0xf
 909 01ef 09030000 		.4byte	.LASF32
 910 01f3 01       		.byte	0x1
 911 01f4 4201     		.2byte	0x142
 912 01f6 6B000000 		.4byte	0x6b
 913 01fa 00000000 		.4byte	.LFB9
 914 01fe 0C010000 		.4byte	.LFE9-.LFB9
 915 0202 01       		.uleb128 0x1
 916 0203 9C       		.byte	0x9c
 917 0204 45020000 		.4byte	0x245
 918 0208 10       		.uleb128 0x10
 919 0209 25030000 		.4byte	.LASF33
 920 020d 01       		.byte	0x1
 921 020e 4401     		.2byte	0x144
 922 0210 6B000000 		.4byte	0x6b
 923 0214 02       		.uleb128 0x2
 924 0215 91       		.byte	0x91
 925 0216 6F       		.sleb128 -17
 926 0217 10       		.uleb128 0x10
 927 0218 E2010000 		.4byte	.LASF24
 928 021c 01       		.byte	0x1
 929 021d 4501     		.2byte	0x145
 930 021f 6B000000 		.4byte	0x6b
 931 0223 02       		.uleb128 0x2
 932 0224 91       		.byte	0x91
 933 0225 6C       		.sleb128 -20
 934 0226 10       		.uleb128 0x10
 935 0227 DB020000 		.4byte	.LASF34
 936 022b 01       		.byte	0x1
 937 022c 4601     		.2byte	0x146
 938 022e 6B000000 		.4byte	0x6b
 939 0232 02       		.uleb128 0x2
 940 0233 91       		.byte	0x91
 941 0234 6E       		.sleb128 -18
 942 0235 10       		.uleb128 0x10
 943 0236 E8020000 		.4byte	.LASF35
 944 023a 01       		.byte	0x1
 945 023b 4701     		.2byte	0x147
 946 023d 6B000000 		.4byte	0x6b
 947 0241 02       		.uleb128 0x2
 948 0242 91       		.byte	0x91
 949 0243 6D       		.sleb128 -19
 950 0244 00       		.byte	0
 951 0245 11       		.uleb128 0x11
 952 0246 B7020000 		.4byte	.LASF36
 953 024a 01       		.byte	0x1
 954 024b 1B       		.byte	0x1b
 955 024c BC000000 		.4byte	0xbc
 956 0250 05       		.uleb128 0x5
 957 0251 03       		.byte	0x3
 958 0252 00000000 		.4byte	Temp_Sensor_busyFlag
 959 0256 11       		.uleb128 0x11
 960 0257 06010000 		.4byte	.LASF37
 961 025b 01       		.byte	0x1
 962 025c 18       		.byte	0x18
 963 025d 6B000000 		.4byte	0x6b
 964 0261 05       		.uleb128 0x5
ARM GAS  C:\Users\ADMINI~1\AppData\Local\Temp\ccxwpI3U.s 			page 25


 965 0262 03       		.byte	0x3
 966 0263 00000000 		.4byte	Temp_Sensor_initVar
 967 0267 12       		.uleb128 0x12
 968 0268 CD000000 		.4byte	0xcd
 969 026c 77020000 		.4byte	0x277
 970 0270 13       		.uleb128 0x13
 971 0271 D9000000 		.4byte	0xd9
 972 0275 00       		.byte	0
 973 0276 00       		.byte	0
 974 0277 11       		.uleb128 0x11
 975 0278 F7000000 		.4byte	.LASF38
 976 027c 01       		.byte	0x1
 977 027d 19       		.byte	0x19
 978 027e 88020000 		.4byte	0x288
 979 0282 05       		.uleb128 0x5
 980 0283 03       		.byte	0x3
 981 0284 00000000 		.4byte	Temp_Sensor_lo
 982 0288 05       		.uleb128 0x5
 983 0289 67020000 		.4byte	0x267
 984 028d 11       		.uleb128 0x11
 985 028e 39000000 		.4byte	.LASF39
 986 0292 01       		.byte	0x1
 987 0293 1A       		.byte	0x1a
 988 0294 9E020000 		.4byte	0x29e
 989 0298 05       		.uleb128 0x5
 990 0299 03       		.byte	0x3
 991 029a 00000000 		.4byte	Temp_Sensor_hi
 992 029e 05       		.uleb128 0x5
 993 029f 67020000 		.4byte	0x267
 994 02a3 11       		.uleb128 0x11
 995 02a4 F3010000 		.4byte	.LASF40
 996 02a8 01       		.byte	0x1
 997 02a9 1C       		.byte	0x1c
 998 02aa BC000000 		.4byte	0xbc
 999 02ae 05       		.uleb128 0x5
 1000 02af 03       		.byte	0x3
 1001 02b0 00000000 		.4byte	Temp_Sensor_contMode
 1002 02b4 00       		.byte	0
 1003              		.section	.debug_abbrev,"",%progbits
 1004              	.Ldebug_abbrev0:
 1005 0000 01       		.uleb128 0x1
 1006 0001 11       		.uleb128 0x11
 1007 0002 01       		.byte	0x1
 1008 0003 25       		.uleb128 0x25
 1009 0004 0E       		.uleb128 0xe
 1010 0005 13       		.uleb128 0x13
 1011 0006 0B       		.uleb128 0xb
 1012 0007 03       		.uleb128 0x3
 1013 0008 0E       		.uleb128 0xe
 1014 0009 1B       		.uleb128 0x1b
 1015 000a 0E       		.uleb128 0xe
 1016 000b 55       		.uleb128 0x55
 1017 000c 17       		.uleb128 0x17
 1018 000d 11       		.uleb128 0x11
 1019 000e 01       		.uleb128 0x1
 1020 000f 10       		.uleb128 0x10
 1021 0010 17       		.uleb128 0x17
ARM GAS  C:\Users\ADMINI~1\AppData\Local\Temp\ccxwpI3U.s 			page 26


 1022 0011 00       		.byte	0
 1023 0012 00       		.byte	0
 1024 0013 02       		.uleb128 0x2
 1025 0014 24       		.uleb128 0x24
 1026 0015 00       		.byte	0
 1027 0016 0B       		.uleb128 0xb
 1028 0017 0B       		.uleb128 0xb
 1029 0018 3E       		.uleb128 0x3e
 1030 0019 0B       		.uleb128 0xb
 1031 001a 03       		.uleb128 0x3
 1032 001b 0E       		.uleb128 0xe
 1033 001c 00       		.byte	0
 1034 001d 00       		.byte	0
 1035 001e 03       		.uleb128 0x3
 1036 001f 24       		.uleb128 0x24
 1037 0020 00       		.byte	0
 1038 0021 0B       		.uleb128 0xb
 1039 0022 0B       		.uleb128 0xb
 1040 0023 3E       		.uleb128 0x3e
 1041 0024 0B       		.uleb128 0xb
 1042 0025 03       		.uleb128 0x3
 1043 0026 08       		.uleb128 0x8
 1044 0027 00       		.byte	0
 1045 0028 00       		.byte	0
 1046 0029 04       		.uleb128 0x4
 1047 002a 16       		.uleb128 0x16
 1048 002b 00       		.byte	0
 1049 002c 03       		.uleb128 0x3
 1050 002d 0E       		.uleb128 0xe
 1051 002e 3A       		.uleb128 0x3a
 1052 002f 0B       		.uleb128 0xb
 1053 0030 3B       		.uleb128 0x3b
 1054 0031 05       		.uleb128 0x5
 1055 0032 49       		.uleb128 0x49
 1056 0033 13       		.uleb128 0x13
 1057 0034 00       		.byte	0
 1058 0035 00       		.byte	0
 1059 0036 05       		.uleb128 0x5
 1060 0037 35       		.uleb128 0x35
 1061 0038 00       		.byte	0
 1062 0039 49       		.uleb128 0x49
 1063 003a 13       		.uleb128 0x13
 1064 003b 00       		.byte	0
 1065 003c 00       		.byte	0
 1066 003d 06       		.uleb128 0x6
 1067 003e 2E       		.uleb128 0x2e
 1068 003f 00       		.byte	0
 1069 0040 3F       		.uleb128 0x3f
 1070 0041 19       		.uleb128 0x19
 1071 0042 03       		.uleb128 0x3
 1072 0043 0E       		.uleb128 0xe
 1073 0044 3A       		.uleb128 0x3a
 1074 0045 0B       		.uleb128 0xb
 1075 0046 3B       		.uleb128 0x3b
 1076 0047 0B       		.uleb128 0xb
 1077 0048 27       		.uleb128 0x27
 1078 0049 19       		.uleb128 0x19
ARM GAS  C:\Users\ADMINI~1\AppData\Local\Temp\ccxwpI3U.s 			page 27


 1079 004a 11       		.uleb128 0x11
 1080 004b 01       		.uleb128 0x1
 1081 004c 12       		.uleb128 0x12
 1082 004d 06       		.uleb128 0x6
 1083 004e 40       		.uleb128 0x40
 1084 004f 18       		.uleb128 0x18
 1085 0050 9642     		.uleb128 0x2116
 1086 0052 19       		.uleb128 0x19
 1087 0053 00       		.byte	0
 1088 0054 00       		.byte	0
 1089 0055 07       		.uleb128 0x7
 1090 0056 2E       		.uleb128 0x2e
 1091 0057 01       		.byte	0x1
 1092 0058 3F       		.uleb128 0x3f
 1093 0059 19       		.uleb128 0x19
 1094 005a 03       		.uleb128 0x3
 1095 005b 0E       		.uleb128 0xe
 1096 005c 3A       		.uleb128 0x3a
 1097 005d 0B       		.uleb128 0xb
 1098 005e 3B       		.uleb128 0x3b
 1099 005f 0B       		.uleb128 0xb
 1100 0060 27       		.uleb128 0x27
 1101 0061 19       		.uleb128 0x19
 1102 0062 11       		.uleb128 0x11
 1103 0063 01       		.uleb128 0x1
 1104 0064 12       		.uleb128 0x12
 1105 0065 06       		.uleb128 0x6
 1106 0066 40       		.uleb128 0x40
 1107 0067 18       		.uleb128 0x18
 1108 0068 9642     		.uleb128 0x2116
 1109 006a 19       		.uleb128 0x19
 1110 006b 01       		.uleb128 0x1
 1111 006c 13       		.uleb128 0x13
 1112 006d 00       		.byte	0
 1113 006e 00       		.byte	0
 1114 006f 08       		.uleb128 0x8
 1115 0070 34       		.uleb128 0x34
 1116 0071 00       		.byte	0
 1117 0072 03       		.uleb128 0x3
 1118 0073 0E       		.uleb128 0xe
 1119 0074 3A       		.uleb128 0x3a
 1120 0075 0B       		.uleb128 0xb
 1121 0076 3B       		.uleb128 0x3b
 1122 0077 0B       		.uleb128 0xb
 1123 0078 49       		.uleb128 0x49
 1124 0079 13       		.uleb128 0x13
 1125 007a 02       		.uleb128 0x2
 1126 007b 18       		.uleb128 0x18
 1127 007c 00       		.byte	0
 1128 007d 00       		.byte	0
 1129 007e 09       		.uleb128 0x9
 1130 007f 2E       		.uleb128 0x2e
 1131 0080 00       		.byte	0
 1132 0081 3F       		.uleb128 0x3f
 1133 0082 19       		.uleb128 0x19
 1134 0083 03       		.uleb128 0x3
 1135 0084 0E       		.uleb128 0xe
ARM GAS  C:\Users\ADMINI~1\AppData\Local\Temp\ccxwpI3U.s 			page 28


 1136 0085 3A       		.uleb128 0x3a
 1137 0086 0B       		.uleb128 0xb
 1138 0087 3B       		.uleb128 0x3b
 1139 0088 0B       		.uleb128 0xb
 1140 0089 27       		.uleb128 0x27
 1141 008a 19       		.uleb128 0x19
 1142 008b 11       		.uleb128 0x11
 1143 008c 01       		.uleb128 0x1
 1144 008d 12       		.uleb128 0x12
 1145 008e 06       		.uleb128 0x6
 1146 008f 40       		.uleb128 0x40
 1147 0090 18       		.uleb128 0x18
 1148 0091 9742     		.uleb128 0x2117
 1149 0093 19       		.uleb128 0x19
 1150 0094 00       		.byte	0
 1151 0095 00       		.byte	0
 1152 0096 0A       		.uleb128 0xa
 1153 0097 2E       		.uleb128 0x2e
 1154 0098 01       		.byte	0x1
 1155 0099 3F       		.uleb128 0x3f
 1156 009a 19       		.uleb128 0x19
 1157 009b 03       		.uleb128 0x3
 1158 009c 0E       		.uleb128 0xe
 1159 009d 3A       		.uleb128 0x3a
 1160 009e 0B       		.uleb128 0xb
 1161 009f 3B       		.uleb128 0x3b
 1162 00a0 0B       		.uleb128 0xb
 1163 00a1 27       		.uleb128 0x27
 1164 00a2 19       		.uleb128 0x19
 1165 00a3 49       		.uleb128 0x49
 1166 00a4 13       		.uleb128 0x13
 1167 00a5 11       		.uleb128 0x11
 1168 00a6 01       		.uleb128 0x1
 1169 00a7 12       		.uleb128 0x12
 1170 00a8 06       		.uleb128 0x6
 1171 00a9 40       		.uleb128 0x40
 1172 00aa 18       		.uleb128 0x18
 1173 00ab 9642     		.uleb128 0x2116
 1174 00ad 19       		.uleb128 0x19
 1175 00ae 01       		.uleb128 0x1
 1176 00af 13       		.uleb128 0x13
 1177 00b0 00       		.byte	0
 1178 00b1 00       		.byte	0
 1179 00b2 0B       		.uleb128 0xb
 1180 00b3 05       		.uleb128 0x5
 1181 00b4 00       		.byte	0
 1182 00b5 03       		.uleb128 0x3
 1183 00b6 0E       		.uleb128 0xe
 1184 00b7 3A       		.uleb128 0x3a
 1185 00b8 0B       		.uleb128 0xb
 1186 00b9 3B       		.uleb128 0x3b
 1187 00ba 0B       		.uleb128 0xb
 1188 00bb 49       		.uleb128 0x49
 1189 00bc 13       		.uleb128 0x13
 1190 00bd 02       		.uleb128 0x2
 1191 00be 18       		.uleb128 0x18
 1192 00bf 00       		.byte	0
ARM GAS  C:\Users\ADMINI~1\AppData\Local\Temp\ccxwpI3U.s 			page 29


 1193 00c0 00       		.byte	0
 1194 00c1 0C       		.uleb128 0xc
 1195 00c2 2E       		.uleb128 0x2e
 1196 00c3 00       		.byte	0
 1197 00c4 3F       		.uleb128 0x3f
 1198 00c5 19       		.uleb128 0x19
 1199 00c6 03       		.uleb128 0x3
 1200 00c7 0E       		.uleb128 0xe
 1201 00c8 3A       		.uleb128 0x3a
 1202 00c9 0B       		.uleb128 0xb
 1203 00ca 3B       		.uleb128 0x3b
 1204 00cb 05       		.uleb128 0x5
 1205 00cc 27       		.uleb128 0x27
 1206 00cd 19       		.uleb128 0x19
 1207 00ce 49       		.uleb128 0x49
 1208 00cf 13       		.uleb128 0x13
 1209 00d0 11       		.uleb128 0x11
 1210 00d1 01       		.uleb128 0x1
 1211 00d2 12       		.uleb128 0x12
 1212 00d3 06       		.uleb128 0x6
 1213 00d4 40       		.uleb128 0x40
 1214 00d5 18       		.uleb128 0x18
 1215 00d6 9742     		.uleb128 0x2117
 1216 00d8 19       		.uleb128 0x19
 1217 00d9 00       		.byte	0
 1218 00da 00       		.byte	0
 1219 00db 0D       		.uleb128 0xd
 1220 00dc 2E       		.uleb128 0x2e
 1221 00dd 01       		.byte	0x1
 1222 00de 3F       		.uleb128 0x3f
 1223 00df 19       		.uleb128 0x19
 1224 00e0 03       		.uleb128 0x3
 1225 00e1 0E       		.uleb128 0xe
 1226 00e2 3A       		.uleb128 0x3a
 1227 00e3 0B       		.uleb128 0xb
 1228 00e4 3B       		.uleb128 0x3b
 1229 00e5 05       		.uleb128 0x5
 1230 00e6 27       		.uleb128 0x27
 1231 00e7 19       		.uleb128 0x19
 1232 00e8 11       		.uleb128 0x11
 1233 00e9 01       		.uleb128 0x1
 1234 00ea 12       		.uleb128 0x12
 1235 00eb 06       		.uleb128 0x6
 1236 00ec 40       		.uleb128 0x40
 1237 00ed 18       		.uleb128 0x18
 1238 00ee 9742     		.uleb128 0x2117
 1239 00f0 19       		.uleb128 0x19
 1240 00f1 01       		.uleb128 0x1
 1241 00f2 13       		.uleb128 0x13
 1242 00f3 00       		.byte	0
 1243 00f4 00       		.byte	0
 1244 00f5 0E       		.uleb128 0xe
 1245 00f6 05       		.uleb128 0x5
 1246 00f7 00       		.byte	0
 1247 00f8 03       		.uleb128 0x3
 1248 00f9 0E       		.uleb128 0xe
 1249 00fa 3A       		.uleb128 0x3a
ARM GAS  C:\Users\ADMINI~1\AppData\Local\Temp\ccxwpI3U.s 			page 30


 1250 00fb 0B       		.uleb128 0xb
 1251 00fc 3B       		.uleb128 0x3b
 1252 00fd 05       		.uleb128 0x5
 1253 00fe 49       		.uleb128 0x49
 1254 00ff 13       		.uleb128 0x13
 1255 0100 02       		.uleb128 0x2
 1256 0101 18       		.uleb128 0x18
 1257 0102 00       		.byte	0
 1258 0103 00       		.byte	0
 1259 0104 0F       		.uleb128 0xf
 1260 0105 2E       		.uleb128 0x2e
 1261 0106 01       		.byte	0x1
 1262 0107 3F       		.uleb128 0x3f
 1263 0108 19       		.uleb128 0x19
 1264 0109 03       		.uleb128 0x3
 1265 010a 0E       		.uleb128 0xe
 1266 010b 3A       		.uleb128 0x3a
 1267 010c 0B       		.uleb128 0xb
 1268 010d 3B       		.uleb128 0x3b
 1269 010e 05       		.uleb128 0x5
 1270 010f 27       		.uleb128 0x27
 1271 0110 19       		.uleb128 0x19
 1272 0111 49       		.uleb128 0x49
 1273 0112 13       		.uleb128 0x13
 1274 0113 11       		.uleb128 0x11
 1275 0114 01       		.uleb128 0x1
 1276 0115 12       		.uleb128 0x12
 1277 0116 06       		.uleb128 0x6
 1278 0117 40       		.uleb128 0x40
 1279 0118 18       		.uleb128 0x18
 1280 0119 9642     		.uleb128 0x2116
 1281 011b 19       		.uleb128 0x19
 1282 011c 01       		.uleb128 0x1
 1283 011d 13       		.uleb128 0x13
 1284 011e 00       		.byte	0
 1285 011f 00       		.byte	0
 1286 0120 10       		.uleb128 0x10
 1287 0121 34       		.uleb128 0x34
 1288 0122 00       		.byte	0
 1289 0123 03       		.uleb128 0x3
 1290 0124 0E       		.uleb128 0xe
 1291 0125 3A       		.uleb128 0x3a
 1292 0126 0B       		.uleb128 0xb
 1293 0127 3B       		.uleb128 0x3b
 1294 0128 05       		.uleb128 0x5
 1295 0129 49       		.uleb128 0x49
 1296 012a 13       		.uleb128 0x13
 1297 012b 02       		.uleb128 0x2
 1298 012c 18       		.uleb128 0x18
 1299 012d 00       		.byte	0
 1300 012e 00       		.byte	0
 1301 012f 11       		.uleb128 0x11
 1302 0130 34       		.uleb128 0x34
 1303 0131 00       		.byte	0
 1304 0132 03       		.uleb128 0x3
 1305 0133 0E       		.uleb128 0xe
 1306 0134 3A       		.uleb128 0x3a
ARM GAS  C:\Users\ADMINI~1\AppData\Local\Temp\ccxwpI3U.s 			page 31


 1307 0135 0B       		.uleb128 0xb
 1308 0136 3B       		.uleb128 0x3b
 1309 0137 0B       		.uleb128 0xb
 1310 0138 49       		.uleb128 0x49
 1311 0139 13       		.uleb128 0x13
 1312 013a 3F       		.uleb128 0x3f
 1313 013b 19       		.uleb128 0x19
 1314 013c 02       		.uleb128 0x2
 1315 013d 18       		.uleb128 0x18
 1316 013e 00       		.byte	0
 1317 013f 00       		.byte	0
 1318 0140 12       		.uleb128 0x12
 1319 0141 01       		.uleb128 0x1
 1320 0142 01       		.byte	0x1
 1321 0143 49       		.uleb128 0x49
 1322 0144 13       		.uleb128 0x13
 1323 0145 01       		.uleb128 0x1
 1324 0146 13       		.uleb128 0x13
 1325 0147 00       		.byte	0
 1326 0148 00       		.byte	0
 1327 0149 13       		.uleb128 0x13
 1328 014a 21       		.uleb128 0x21
 1329 014b 00       		.byte	0
 1330 014c 49       		.uleb128 0x49
 1331 014d 13       		.uleb128 0x13
 1332 014e 2F       		.uleb128 0x2f
 1333 014f 0B       		.uleb128 0xb
 1334 0150 00       		.byte	0
 1335 0151 00       		.byte	0
 1336 0152 00       		.byte	0
 1337              		.section	.debug_aranges,"",%progbits
 1338 0000 5C000000 		.4byte	0x5c
 1339 0004 0200     		.2byte	0x2
 1340 0006 00000000 		.4byte	.Ldebug_info0
 1341 000a 04       		.byte	0x4
 1342 000b 00       		.byte	0
 1343 000c 0000     		.2byte	0
 1344 000e 0000     		.2byte	0
 1345 0010 00000000 		.4byte	.LFB1
 1346 0014 24000000 		.4byte	.LFE1-.LFB1
 1347 0018 00000000 		.4byte	.LFB2
 1348 001c 44000000 		.4byte	.LFE2-.LFB2
 1349 0020 00000000 		.4byte	.LFB3
 1350 0024 20000000 		.4byte	.LFE3-.LFB3
 1351 0028 00000000 		.4byte	.LFB4
 1352 002c 78000000 		.4byte	.LFE4-.LFB4
 1353 0030 00000000 		.4byte	.LFB5
 1354 0034 4C000000 		.4byte	.LFE5-.LFB5
 1355 0038 00000000 		.4byte	.LFB6
 1356 003c 70000000 		.4byte	.LFE6-.LFB6
 1357 0040 00000000 		.4byte	.LFB7
 1358 0044 1C000000 		.4byte	.LFE7-.LFB7
 1359 0048 00000000 		.4byte	.LFB8
 1360 004c 20000000 		.4byte	.LFE8-.LFB8
 1361 0050 00000000 		.4byte	.LFB9
 1362 0054 0C010000 		.4byte	.LFE9-.LFB9
 1363 0058 00000000 		.4byte	0
ARM GAS  C:\Users\ADMINI~1\AppData\Local\Temp\ccxwpI3U.s 			page 32


 1364 005c 00000000 		.4byte	0
 1365              		.section	.debug_ranges,"",%progbits
 1366              	.Ldebug_ranges0:
 1367 0000 00000000 		.4byte	.LFB1
 1368 0004 24000000 		.4byte	.LFE1
 1369 0008 00000000 		.4byte	.LFB2
 1370 000c 44000000 		.4byte	.LFE2
 1371 0010 00000000 		.4byte	.LFB3
 1372 0014 20000000 		.4byte	.LFE3
 1373 0018 00000000 		.4byte	.LFB4
 1374 001c 78000000 		.4byte	.LFE4
 1375 0020 00000000 		.4byte	.LFB5
 1376 0024 4C000000 		.4byte	.LFE5
 1377 0028 00000000 		.4byte	.LFB6
 1378 002c 70000000 		.4byte	.LFE6
 1379 0030 00000000 		.4byte	.LFB7
 1380 0034 1C000000 		.4byte	.LFE7
 1381 0038 00000000 		.4byte	.LFB8
 1382 003c 20000000 		.4byte	.LFE8
 1383 0040 00000000 		.4byte	.LFB9
 1384 0044 0C010000 		.4byte	.LFE9
 1385 0048 00000000 		.4byte	0
 1386 004c 00000000 		.4byte	0
 1387              		.section	.debug_line,"",%progbits
 1388              	.Ldebug_line0:
 1389 0000 2F010000 		.section	.debug_str,"MS",%progbits,1
 1389      02004800 
 1389      00000201 
 1389      FB0E0D00 
 1389      01010101 
 1390              	.LASF17:
 1391 0000 72656731 		.ascii	"reg16\000"
 1391      3600
 1392              	.LASF27:
 1393 0006 6C6F5F74 		.ascii	"lo_temp\000"
 1393      656D7000 
 1394              	.LASF22:
 1395 000e 54656D70 		.ascii	"Temp_Sensor_Stop\000"
 1395      5F53656E 
 1395      736F725F 
 1395      53746F70 
 1395      00
 1396              	.LASF28:
 1397 001f 54656D70 		.ascii	"Temp_Sensor_SetMode\000"
 1397      5F53656E 
 1397      736F725F 
 1397      5365744D 
 1397      6F646500 
 1398              	.LASF13:
 1399 0033 666C6F61 		.ascii	"float\000"
 1399      7400
 1400              	.LASF39:
 1401 0039 54656D70 		.ascii	"Temp_Sensor_hi\000"
 1401      5F53656E 
 1401      736F725F 
 1401      686900
 1402              	.LASF3:
ARM GAS  C:\Users\ADMINI~1\AppData\Local\Temp\ccxwpI3U.s 			page 33


 1403 0048 73686F72 		.ascii	"short unsigned int\000"
 1403      7420756E 
 1403      7369676E 
 1403      65642069 
 1403      6E7400
 1404              	.LASF43:
 1405 005b 443A5C43 		.ascii	"D:\\CYTEST\\Micrium_CY8CKIT-044_OS3\\Examples\\Cypr"
 1405      59544553 
 1405      545C4D69 
 1405      63726975 
 1405      6D5F4359 
 1406 008a 6573735C 		.ascii	"ess\\CY8CKIT-044\\OS3\\PSoC\\OS3.cydsn\000"
 1406      43593843 
 1406      4B49542D 
 1406      3034345C 
 1406      4F53335C 
 1407              	.LASF29:
 1408 00ad 73656E73 		.ascii	"sensorNum\000"
 1408      6F724E75 
 1408      6D00
 1409              	.LASF42:
 1410 00b7 47656E65 		.ascii	"Generated_Source\\PSoC4\\Temp_Sensor.c\000"
 1410      72617465 
 1410      645F536F 
 1410      75726365 
 1410      5C50536F 
 1411              	.LASF31:
 1412 00dc 54656D70 		.ascii	"Temp_Sensor_GetTemperature\000"
 1412      5F53656E 
 1412      736F725F 
 1412      47657454 
 1412      656D7065 
 1413              	.LASF38:
 1414 00f7 54656D70 		.ascii	"Temp_Sensor_lo\000"
 1414      5F53656E 
 1414      736F725F 
 1414      6C6F00
 1415              	.LASF37:
 1416 0106 54656D70 		.ascii	"Temp_Sensor_initVar\000"
 1416      5F53656E 
 1416      736F725F 
 1416      696E6974 
 1416      56617200 
 1417              	.LASF16:
 1418 011a 72656738 		.ascii	"reg8\000"
 1418      00
 1419              	.LASF44:
 1420 011f 54656D70 		.ascii	"Temp_Sensor_ConversionStatus\000"
 1420      5F53656E 
 1420      736F725F 
 1420      436F6E76 
 1420      65727369 
 1421              	.LASF5:
 1422 013c 6C6F6E67 		.ascii	"long unsigned int\000"
 1422      20756E73 
 1422      69676E65 
 1422      6420696E 
ARM GAS  C:\Users\ADMINI~1\AppData\Local\Temp\ccxwpI3U.s 			page 34


 1422      7400
 1423              	.LASF12:
 1424 014e 696E7433 		.ascii	"int32\000"
 1424      3200
 1425              	.LASF41:
 1426 0154 474E5520 		.ascii	"GNU C11 5.4.1 20160609 (release) [ARM/embedded-5-br"
 1426      43313120 
 1426      352E342E 
 1426      31203230 
 1426      31363036 
 1427 0187 616E6368 		.ascii	"anch revision 237715] -mcpu=cortex-m0 -mthumb -g -O"
 1427      20726576 
 1427      6973696F 
 1427      6E203233 
 1427      37373135 
 1428 01ba 30202D66 		.ascii	"0 -ffunction-sections -ffat-lto-objects\000"
 1428      66756E63 
 1428      74696F6E 
 1428      2D736563 
 1428      74696F6E 
 1429              	.LASF24:
 1430 01e2 656E6162 		.ascii	"enableInterrupts\000"
 1430      6C65496E 
 1430      74657272 
 1430      75707473 
 1430      00
 1431              	.LASF40:
 1432 01f3 54656D70 		.ascii	"Temp_Sensor_contMode\000"
 1432      5F53656E 
 1432      736F725F 
 1432      636F6E74 
 1432      4D6F6465 
 1433              	.LASF1:
 1434 0208 756E7369 		.ascii	"unsigned char\000"
 1434      676E6564 
 1434      20636861 
 1434      7200
 1435              	.LASF14:
 1436 0216 646F7562 		.ascii	"double\000"
 1436      6C6500
 1437              	.LASF10:
 1438 021d 75696E74 		.ascii	"uint16\000"
 1438      313600
 1439              	.LASF8:
 1440 0224 756E7369 		.ascii	"unsigned int\000"
 1440      676E6564 
 1440      20696E74 
 1440      00
 1441              	.LASF20:
 1442 0231 54656D70 		.ascii	"Temp_Sensor_Start\000"
 1442      5F53656E 
 1442      736F725F 
 1442      53746172 
 1442      7400
 1443              	.LASF7:
 1444 0243 6C6F6E67 		.ascii	"long long unsigned int\000"
 1444      206C6F6E 
ARM GAS  C:\Users\ADMINI~1\AppData\Local\Temp\ccxwpI3U.s 			page 35


 1444      6720756E 
 1444      7369676E 
 1444      65642069 
 1445              	.LASF23:
 1446 025a 54656D70 		.ascii	"Temp_Sensor_Enable\000"
 1446      5F53656E 
 1446      736F725F 
 1446      456E6162 
 1446      6C6500
 1447              	.LASF11:
 1448 026d 696E7431 		.ascii	"int16\000"
 1448      3600
 1449              	.LASF30:
 1450 0273 6D6F6465 		.ascii	"mode\000"
 1450      00
 1451              	.LASF19:
 1452 0278 73697A65 		.ascii	"sizetype\000"
 1452      74797065 
 1452      00
 1453              	.LASF6:
 1454 0281 6C6F6E67 		.ascii	"long long int\000"
 1454      206C6F6E 
 1454      6720696E 
 1454      7400
 1455              	.LASF21:
 1456 028f 54656D70 		.ascii	"Temp_Sensor_Init\000"
 1456      5F53656E 
 1456      736F725F 
 1456      496E6974 
 1456      00
 1457              	.LASF15:
 1458 02a0 63686172 		.ascii	"char\000"
 1458      00
 1459              	.LASF26:
 1460 02a5 68695F74 		.ascii	"hi_temp\000"
 1460      656D7000 
 1461              	.LASF2:
 1462 02ad 73686F72 		.ascii	"short int\000"
 1462      7420696E 
 1462      7400
 1463              	.LASF36:
 1464 02b7 54656D70 		.ascii	"Temp_Sensor_busyFlag\000"
 1464      5F53656E 
 1464      736F725F 
 1464      62757379 
 1464      466C6167 
 1465              	.LASF9:
 1466 02cc 75696E74 		.ascii	"uint8\000"
 1466      3800
 1467              	.LASF4:
 1468 02d2 6C6F6E67 		.ascii	"long int\000"
 1468      20696E74 
 1468      00
 1469              	.LASF34:
 1470 02db 656F6352 		.ascii	"eocRegStatus\000"
 1470      65675374 
 1470      61747573 
ARM GAS  C:\Users\ADMINI~1\AppData\Local\Temp\ccxwpI3U.s 			page 36


 1470      00
 1471              	.LASF35:
 1472 02e8 636F6E74 		.ascii	"contFlag\000"
 1472      466C6167 
 1472      00
 1473              	.LASF18:
 1474 02f1 6C6F6E67 		.ascii	"long double\000"
 1474      20646F75 
 1474      626C6500 
 1475              	.LASF0:
 1476 02fd 7369676E 		.ascii	"signed char\000"
 1476      65642063 
 1476      68617200 
 1477              	.LASF32:
 1478 0309 54656D70 		.ascii	"Temp_Sensor_DiscoverSensors\000"
 1478      5F53656E 
 1478      736F725F 
 1478      44697363 
 1478      6F766572 
 1479              	.LASF33:
 1480 0325 73656E73 		.ascii	"sensorCount\000"
 1480      6F72436F 
 1480      756E7400 
 1481              	.LASF25:
 1482 0331 54656D70 		.ascii	"Temp_Sensor_Trigger\000"
 1482      5F53656E 
 1482      736F725F 
 1482      54726967 
 1482      67657200 
 1483              		.ident	"GCC: (GNU Tools for ARM Embedded Processors) 5.4.1 20160609 (release) [ARM/embedded-5-bran
