#***************************************************************************

#sjplacer

#Version:            1.1

#Build Date:         Dec  5 2017 15:35:27

#File Generated:     Dec 22 2018 16:52:48

#Purpose:            

#Copyright (C) 2010-2011 by Softjin Technologies Pvt Ltd. All rights reserved.

#***************************************************************************

Executing : C:\Program Files (x86)\Cypress\PSoC Creator\4.2\PSoC Creator\bin/sjplacer.exe --proj-name OS3 --netlist-vh2 OS3_p.vh2 --arch p4_udb2x2 --arch-file C:\Program Files (x86)\Cypress\PSoC Creator\4.2\PSoC Creator\dev\arch/udbdsi_2x2_04.cydata --ip-file C:\Program Files (x86)\Cypress\PSoC Creator\4.2\PSoC Creator\dev\psoc4/4/ip_blocks.cydata --rrg-file C:\Program Files (x86)\Cypress\PSoC Creator\4.2\PSoC Creator\dev\psoc4/4/route_arch-rrg.cydata --irq-file C:\Program Files (x86)\Cypress\PSoC Creator\4.2\PSoC Creator\dev\psoc4/4/irqconn.cydata --drq-file C:\Program Files (x86)\Cypress\PSoC Creator\4.2\PSoC Creator\dev\psoc4/4/triggerconn.cydata --dsi-conn-file C:\Program Files (x86)\Cypress\PSoC Creator\4.2\PSoC Creator\dev\psoc4/4/dsiconn.cydata --pins-file pins_64-TQFP.xml --lib-file OS3_p.lib --sdc-file OS3.sdc --io-pcf OS3.pci --outdir .

		Softjin Techologies Placer, Version 1.1

Build Date : Dec  5 2017	15:33:41

D2004: Option and Settings Summary
=============================================================
Netlist vh2 file          - OS3_p.vh2
Architecture file         - C:\Program Files (x86)\Cypress\PSoC Creator\4.2\PSoC Creator\dev\arch/udbdsi_2x2_04.cydata
Package                   - 
Defparam file             - 
SDC file                  - OS3.sdc
Output directory          - .
Timing library            - OS3_p.lib
IO Placement file         - OS3.pci

D2050: Starting reading inputs for placer
=============================================================
D2065: Reading netlist file : "OS3_p.vh2"
D2065: Reading arch file : "C:\Program Files (x86)\Cypress\PSoC Creator\4.2\PSoC Creator\dev\arch/udbdsi_2x2_04.cydata"
D2051: Reading of inputs for placer completed successfully

D2053: Starting placement of the design
=============================================================

Phase 2
Phase 3

Design Statistics after Packing
    Number of Combinational MCs 	:	3
    Number of Sequential MCs    	:	9
    Number of DPs               	:	2
    Number of Controls          	:	1
    Number of Status            	:	1
    Number of SyncCells         	:	0
    Number of count7cells       	:	0

Device Utilization Summary after Packing
    Macrocells                  :	12/32
    UDBS                        :	3/4
    IOs                         :	12/51


D2088: Phase 3, elapsed time : 0.0 (sec)

Phase 4
D2088: Phase 4, elapsed time : 0.0 (sec)

Phase 6

######################################################################
Placement Timing Summary

The timing summary is based on estimated routing delays after
placement. For final timing report, please carry out the timing
analysis after routing.
======================================================================

######################################################################
                     Clock Summary 
======================================================================
Number of clocks: 13
Clock: ADC_intClock         | Frequency: N/A       | Target:   1.0 MHz
Clock: ADC_intClock(FFB)    | Frequency: N/A       | Target:   1.0 MHz
Clock: Clock_PWM            | Frequency: N/A       | Target:  12.0 MHz
Clock: Clock_PWM(FFB)       | Frequency: N/A       | Target:  12.0 MHz
Clock: Clock_Temp           | Frequency:  47.5 MHz | Target:   0.2 MHz
Clock: CyHFCLK              | Frequency:  57.9 MHz | Target:  48.0 MHz
Clock: CyILO                | Frequency: N/A       | Target:   0.0 MHz
Clock: CyIMO                | Frequency: N/A       | Target:  48.0 MHz
Clock: CyLFCLK              | Frequency: N/A       | Target:   0.0 MHz
Clock: CyRouted1            | Frequency: N/A       | Target:  48.0 MHz
Clock: CySYSCLK             | Frequency: N/A       | Target:  48.0 MHz
Clock: I2C_SCBCLK           | Frequency: N/A       | Target:   1.6 MHz
Clock: I2C_SCBCLK(FFB)      | Frequency: N/A       | Target:   1.6 MHz

======================================================================
                     End of Clock Summary
######################################################################

D2088: Phase 6, elapsed time : 0.0 (sec)

Phase 7
######################################################################
                     Clock Summary 
======================================================================
Number of clocks: 13
Clock: ADC_intClock         | Frequency: N/A       | Target:   1.0 MHz
Clock: ADC_intClock(FFB)    | Frequency: N/A       | Target:   1.0 MHz
Clock: Clock_PWM            | Frequency: N/A       | Target:  12.0 MHz
Clock: Clock_PWM(FFB)       | Frequency: N/A       | Target:  12.0 MHz
Clock: Clock_Temp           | Frequency:   3.0 MHz | Target:   0.2 MHz
Clock: CyHFCLK              | Frequency:   3.0 MHz | Target:  48.0 MHz
Clock: CyILO                | Frequency: N/A       | Target:   0.0 MHz
Clock: CyIMO                | Frequency: N/A       | Target:  48.0 MHz
Clock: CyLFCLK              | Frequency: N/A       | Target:   0.0 MHz
Clock: CyRouted1            | Frequency: N/A       | Target:  48.0 MHz
Clock: CySYSCLK             | Frequency: N/A       | Target:  48.0 MHz
Clock: I2C_SCBCLK           | Frequency: N/A       | Target:   1.6 MHz
Clock: I2C_SCBCLK(FFB)      | Frequency: N/A       | Target:   1.6 MHz

======================================================================
                     End of Clock Summary
######################################################################
D2088: Phase 7, elapsed time : 0.1 (sec)

Final Design Statistics
    Number of Combinational MCs 	:	3
    Number of Sequential MCs    	:	9
    Number of DPs               	:	2
    Number of Controls          	:	1
    Number of Status            	:	1
    Number of SyncCells         	:	0
    Number of count7cells       	:	0
    Number of IOs       	:	12

Device Utilization Summary
    Macrocells                  :	12/32
    IOs                         :	12/51



######################################################################
Placement Timing Summary

The timing summary is based on estimated routing delays after
placement. For final timing report, please carry out the timing
analysis after routing.
======================================================================


######################################################################
                     Clock Summary 
======================================================================
Number of clocks: 13
Clock: ADC_intClock         | Frequency: N/A       | Target:   1.0 MHz
Clock: ADC_intClock(FFB)    | Frequency: N/A       | Target:   1.0 MHz
Clock: Clock_PWM            | Frequency: N/A       | Target:  12.0 MHz
Clock: Clock_PWM(FFB)       | Frequency: N/A       | Target:  12.0 MHz
Clock: Clock_Temp           | Frequency:   3.0 MHz | Target:   0.2 MHz
Clock: CyHFCLK              | Frequency:   3.0 MHz | Target:  48.0 MHz
Clock: CyILO                | Frequency: N/A       | Target:   0.0 MHz
Clock: CyIMO                | Frequency: N/A       | Target:  48.0 MHz
Clock: CyLFCLK              | Frequency: N/A       | Target:   0.0 MHz
Clock: CyRouted1            | Frequency: N/A       | Target:  48.0 MHz
Clock: CySYSCLK             | Frequency: N/A       | Target:  48.0 MHz
Clock: I2C_SCBCLK           | Frequency: N/A       | Target:   1.6 MHz
Clock: I2C_SCBCLK(FFB)      | Frequency: N/A       | Target:   1.6 MHz

======================================================================
                     End of Clock Summary
######################################################################

Phase 8
D2088: Phase 8, elapsed time : 0.0 (sec)

D2054: Placement of the design completed successfully

I2076: Total run-time: 0.8 sec.

