--------------- Rebuild Started: 12/22/2018 15:31:44 Project: OS3, Configuration: ARM GCC 5.4-2016-q2-update Debug ---------------
Deleting file ".\CortexM0\ARM_GCC_541\Debug\app.o"
Deleting file ".\CortexM0\ARM_GCC_541\Debug\os_app_hooks.o"
Deleting file ".\CortexM0\ARM_GCC_541\Debug\bsp_os.o"
Deleting file ".\CortexM0\ARM_GCC_541\Debug\cpu_bsp.o"
Deleting file ".\CortexM0\ARM_GCC_541\Debug\bsp.o"
Deleting file ".\CortexM0\ARM_GCC_541\Debug\cpu_a.o"
Deleting file ".\CortexM0\ARM_GCC_541\Debug\cpu_c.o"
Deleting file ".\CortexM0\ARM_GCC_541\Debug\cpu_core.o"
Deleting file ".\CortexM0\ARM_GCC_541\Debug\os_cpu_a.o"
Deleting file ".\CortexM0\ARM_GCC_541\Debug\os_cpu_c.o"
Deleting file ".\CortexM0\ARM_GCC_541\Debug\os_cfg_app.o"
Deleting file ".\CortexM0\ARM_GCC_541\Debug\os_core.o"
Deleting file ".\CortexM0\ARM_GCC_541\Debug\os_dbg.o"
Deleting file ".\CortexM0\ARM_GCC_541\Debug\os_flag.o"
Deleting file ".\CortexM0\ARM_GCC_541\Debug\os_int.o"
Deleting file ".\CortexM0\ARM_GCC_541\Debug\os_mem.o"
Deleting file ".\CortexM0\ARM_GCC_541\Debug\os_mon.o"
Deleting file ".\CortexM0\ARM_GCC_541\Debug\os_msg.o"
Deleting file ".\CortexM0\ARM_GCC_541\Debug\os_mutex.o"
Deleting file ".\CortexM0\ARM_GCC_541\Debug\os_pend_multi.o"
Deleting file ".\CortexM0\ARM_GCC_541\Debug\os_prio.o"
Deleting file ".\CortexM0\ARM_GCC_541\Debug\os_q.o"
Deleting file ".\CortexM0\ARM_GCC_541\Debug\os_sem.o"
Deleting file ".\CortexM0\ARM_GCC_541\Debug\os_stat.o"
Deleting file ".\CortexM0\ARM_GCC_541\Debug\os_task.o"
Deleting file ".\CortexM0\ARM_GCC_541\Debug\os_tick.o"
Deleting file ".\CortexM0\ARM_GCC_541\Debug\os_time.o"
Deleting file ".\CortexM0\ARM_GCC_541\Debug\os_tmr.o"
Deleting file ".\CortexM0\ARM_GCC_541\Debug\os_var.o"
Deleting file ".\CortexM0\ARM_GCC_541\Debug\lib_ascii.o"
Deleting file ".\CortexM0\ARM_GCC_541\Debug\lib_math.o"
Deleting file ".\CortexM0\ARM_GCC_541\Debug\lib_mem.o"
Deleting file ".\CortexM0\ARM_GCC_541\Debug\lib_str.o"
Deleting file ".\CortexM0\ARM_GCC_541\Debug\cyfitter_cfg.o"
Deleting file ".\CortexM0\ARM_GCC_541\Debug\cymetadata.o"
Deleting file ".\CortexM0\ARM_GCC_541\Debug\Clock_PWM.o"
Deleting file ".\CortexM0\ARM_GCC_541\Debug\PWM_Blue.o"
Deleting file ".\CortexM0\ARM_GCC_541\Debug\PWM_Blue_PM.o"
Deleting file ".\CortexM0\ARM_GCC_541\Debug\PWM_Green.o"
Deleting file ".\CortexM0\ARM_GCC_541\Debug\PWM_Green_PM.o"
Deleting file ".\CortexM0\ARM_GCC_541\Debug\PWM_Red.o"
Deleting file ".\CortexM0\ARM_GCC_541\Debug\PWM_Red_PM.o"
Deleting file ".\CortexM0\ARM_GCC_541\Debug\Pin_BlueLED.o"
Deleting file ".\CortexM0\ARM_GCC_541\Debug\Pin_GreenLED.o"
Deleting file ".\CortexM0\ARM_GCC_541\Debug\Pin_RedLED.o"
Deleting file ".\CortexM0\ARM_GCC_541\Debug\Accel_Pin.o"
Deleting file ".\CortexM0\ARM_GCC_541\Debug\I2C.o"
Deleting file ".\CortexM0\ARM_GCC_541\Debug\I2C_I2C_INT.o"
Deleting file ".\CortexM0\ARM_GCC_541\Debug\I2C_I2C.o"
Deleting file ".\CortexM0\ARM_GCC_541\Debug\I2C_I2C_BOOT.o"
Deleting file ".\CortexM0\ARM_GCC_541\Debug\I2C_I2C_MASTER.o"
Deleting file ".\CortexM0\ARM_GCC_541\Debug\I2C_PM.o"
Deleting file ".\CortexM0\ARM_GCC_541\Debug\I2C_BOOT.o"
Deleting file ".\CortexM0\ARM_GCC_541\Debug\SW2.o"
Deleting file ".\CortexM0\ARM_GCC_541\Debug\Accel_ISR.o"
Deleting file ".\CortexM0\ARM_GCC_541\Debug\temp_raw.o"
Deleting file ".\CortexM0\ARM_GCC_541\Debug\temp_conv.o"
Deleting file ".\CortexM0\ARM_GCC_541\Debug\Clock_Temp.o"
Deleting file ".\CortexM0\ARM_GCC_541\Debug\Temp_Sensor.o"
Deleting file ".\CortexM0\ARM_GCC_541\Debug\Temp_Sensor_PM.o"
Deleting file ".\CortexM0\ARM_GCC_541\Debug\Temp_Sensor_INT.o"
Deleting file ".\CortexM0\ARM_GCC_541\Debug\DMA.o"
Deleting file ".\CortexM0\ARM_GCC_541\Debug\Pin_OA_Output.o"
Deleting file ".\CortexM0\ARM_GCC_541\Debug\Opamp.o"
Deleting file ".\CortexM0\ARM_GCC_541\Debug\Opamp_PM.o"
Deleting file ".\CortexM0\ARM_GCC_541\Debug\Pin_OA_NonInverting.o"
Deleting file ".\CortexM0\ARM_GCC_541\Debug\Pin_OA_Inverting.o"
Deleting file ".\CortexM0\ARM_GCC_541\Debug\ADC.o"
Deleting file ".\CortexM0\ARM_GCC_541\Debug\ADC_PM.o"
Deleting file ".\CortexM0\ARM_GCC_541\Debug\ADC_INT.o"
Deleting file ".\CortexM0\ARM_GCC_541\Debug\I2C_SCBCLK.o"
Deleting file ".\CortexM0\ARM_GCC_541\Debug\I2C_sda.o"
Deleting file ".\CortexM0\ARM_GCC_541\Debug\I2C_scl.o"
Deleting file ".\CortexM0\ARM_GCC_541\Debug\I2C_SCB_IRQ.o"
Deleting file ".\CortexM0\ARM_GCC_541\Debug\Temp_Sensor_EOC_ISR.o"
Deleting file ".\CortexM0\ARM_GCC_541\Debug\ADC_IRQ.o"
Deleting file ".\CortexM0\ARM_GCC_541\Debug\ADC_intClock.o"
Deleting file ".\CortexM0\ARM_GCC_541\Debug\cy_em_eeprom.o"
Deleting file ".\CortexM0\ARM_GCC_541\Debug\Cm0Start.o"
Deleting file ".\CortexM0\ARM_GCC_541\Debug\CyBootAsmGnu.o"
Deleting file ".\CortexM0\ARM_GCC_541\Debug\CyFlash.o"
Deleting file ".\CortexM0\ARM_GCC_541\Debug\CyLib.o"
Deleting file ".\CortexM0\ARM_GCC_541\Debug\cyPm.o"
Deleting file ".\CortexM0\ARM_GCC_541\Debug\cyutils.o"
Deleting file ".\CortexM0\ARM_GCC_541\Debug\CyDMA.o"
Deleting file ".\CortexM0\ARM_GCC_541\Debug\CyLFClk.o"
Deleting file ".\CortexM0\ARM_GCC_541\Debug\OS3.hex"
Deleting file ".\CortexM0\ARM_GCC_541\Debug\OS3.elf"
Deleting file ".\CortexM0\ARM_GCC_541\Debug\OS3.map"
Deleting file ".\OS3.cycdx"
Deleting file ".\OS3.svd"
Deleting file ".\OS3.rpt"
Deleting file ".\OS3_timing.html"
Deleting file ".\CortexM0\ARM_GCC_541\Debug\.deps\SOURCE_C__ARM_GCC_GENERIC.P"
Deleting file ".\CortexM0\ARM_GCC_541\Debug\.deps\SOURCE_ASM__ARM_GCC_GENERIC.P"
cydsfit.exe -.appdatapath "C:\Users\Administrator\AppData\Local\Cypress Semiconductor\PSoC Creator\4.2" -.fdsnotice -.fdswarpdepfile=warp_dependencies.txt -.fdselabdepfile=elab_dependencies.txt -.fdsbldfile=generated_files.txt -.fdsreffile=referenced_files.txt -p D:\CYTEST\Micrium_CY8CKIT-044_OS3\Examples\Cypress\CY8CKIT-044\OS3\PSoC\OS3.cydsn\OS3.cyprj -d CY8C4247AZS-M485 -s D:\CYTEST\Micrium_CY8CKIT-044_OS3\Examples\Cypress\CY8CKIT-044\OS3\PSoC\OS3.cydsn\Generated_Source\PSoC4 -- -yv2 -q10 -ygs -o2 -v3 -.fftcfgtype=LE
Elaborating Design...
HDL Generation...
Synthesis...
Tech Mapping...
Analog Placement...
Info: plm.M0038: The pin named temp_raw(0) at location [IOP=(1)][IoId=(4)] prevents usage of special purposes: F(OA,1). (App=cydsfit)
Analog Routing...
Analog Code Generation...
Digital Placement...
Digital Routing...
Bitstream Generation...
Bitstream Verification...
Static timing analysis...
API Generation...
Dependency Generation...
Cleanup...
arm-none-eabi-gcc.exe -mcpu=cortex-m0 -mthumb -I..\..\ -I..\..\..\BSP -I..\..\..\BSP\OS\uCOS-III -I..\..\..\..\..\..\Software\uC-CPU -I..\..\..\..\..\..\Software\uC-CPU\ARM-Cortex-M0\GNU -I..\..\..\..\..\..\Software\uC-LIB -I..\..\..\..\..\..\Software\uCOS-III\Source -I..\..\..\..\..\..\Software\uCOS-III\Ports\ARM-Cortex-M0\Generic\GNU -I. -IGenerated_Source\PSoC4 -Wa,-alh=.\CortexM0\ARM_GCC_541\Debug/app.lst -g -D DEBUG -ffunction-sections -ffat-lto-objects -O0 -c ..\..\app.c -o .\CortexM0\ARM_GCC_541\Debug\app.o
arm-none-eabi-gcc.exe -mcpu=cortex-m0 -mthumb -I..\..\ -I..\..\..\BSP -I..\..\..\BSP\OS\uCOS-III -I..\..\..\..\..\..\Software\uC-CPU -I..\..\..\..\..\..\Software\uC-CPU\ARM-Cortex-M0\GNU -I..\..\..\..\..\..\Software\uC-LIB -I..\..\..\..\..\..\Software\uCOS-III\Source -I..\..\..\..\..\..\Software\uCOS-III\Ports\ARM-Cortex-M0\Generic\GNU -I. -IGenerated_Source\PSoC4 -Wa,-alh=.\CortexM0\ARM_GCC_541\Debug/os_app_hooks.lst -g -D DEBUG -ffunction-sections -ffat-lto-objects -O0 -c ..\..\os_app_hooks.c -o .\CortexM0\ARM_GCC_541\Debug\os_app_hooks.o
arm-none-eabi-gcc.exe -mcpu=cortex-m0 -mthumb -I..\..\ -I..\..\..\BSP -I..\..\..\BSP\OS\uCOS-III -I..\..\..\..\..\..\Software\uC-CPU -I..\..\..\..\..\..\Software\uC-CPU\ARM-Cortex-M0\GNU -I..\..\..\..\..\..\Software\uC-LIB -I..\..\..\..\..\..\Software\uCOS-III\Source -I..\..\..\..\..\..\Software\uCOS-III\Ports\ARM-Cortex-M0\Generic\GNU -I. -IGenerated_Source\PSoC4 -Wa,-alh=.\CortexM0\ARM_GCC_541\Debug/bsp_os.lst -g -D DEBUG -ffunction-sections -ffat-lto-objects -O0 -c ..\..\..\BSP\OS\uCOS-III\bsp_os.c -o .\CortexM0\ARM_GCC_541\Debug\bsp_os.o
arm-none-eabi-gcc.exe -mcpu=cortex-m0 -mthumb -I..\..\ -I..\..\..\BSP -I..\..\..\BSP\OS\uCOS-III -I..\..\..\..\..\..\Software\uC-CPU -I..\..\..\..\..\..\Software\uC-CPU\ARM-Cortex-M0\GNU -I..\..\..\..\..\..\Software\uC-LIB -I..\..\..\..\..\..\Software\uCOS-III\Source -I..\..\..\..\..\..\Software\uCOS-III\Ports\ARM-Cortex-M0\Generic\GNU -I. -IGenerated_Source\PSoC4 -Wa,-alh=.\CortexM0\ARM_GCC_541\Debug/cpu_bsp.lst -g -D DEBUG -ffunction-sections -ffat-lto-objects -O0 -c ..\..\..\BSP\cpu_bsp.c -o .\CortexM0\ARM_GCC_541\Debug\cpu_bsp.o
arm-none-eabi-gcc.exe -mcpu=cortex-m0 -mthumb -I..\..\ -I..\..\..\BSP -I..\..\..\BSP\OS\uCOS-III -I..\..\..\..\..\..\Software\uC-CPU -I..\..\..\..\..\..\Software\uC-CPU\ARM-Cortex-M0\GNU -I..\..\..\..\..\..\Software\uC-LIB -I..\..\..\..\..\..\Software\uCOS-III\Source -I..\..\..\..\..\..\Software\uCOS-III\Ports\ARM-Cortex-M0\Generic\GNU -I. -IGenerated_Source\PSoC4 -Wa,-alh=.\CortexM0\ARM_GCC_541\Debug/bsp.lst -g -D DEBUG -ffunction-sections -ffat-lto-objects -O0 -c ..\..\..\BSP\bsp.c -o .\CortexM0\ARM_GCC_541\Debug\bsp.o
arm-none-eabi-gcc.exe -mcpu=cortex-m0 -mthumb -I..\..\ -I..\..\..\BSP -I..\..\..\BSP\OS\uCOS-III -I..\..\..\..\..\..\Software\uC-CPU -I..\..\..\..\..\..\Software\uC-CPU\ARM-Cortex-M0\GNU -I..\..\..\..\..\..\Software\uC-LIB -I..\..\..\..\..\..\Software\uCOS-III\Source -I..\..\..\..\..\..\Software\uCOS-III\Ports\ARM-Cortex-M0\Generic\GNU -I. -IGenerated_Source\PSoC4 -Wa,-alh=.\CortexM0\ARM_GCC_541\Debug/cpu_c.lst -g -D DEBUG -ffunction-sections -ffat-lto-objects -O0 -c ..\..\..\..\..\..\Software\uC-CPU\ARM-Cortex-M0\GNU\cpu_c.c -o .\CortexM0\ARM_GCC_541\Debug\cpu_c.o
arm-none-eabi-gcc.exe -mcpu=cortex-m0 -mthumb -I..\..\ -I..\..\..\BSP -I..\..\..\BSP\OS\uCOS-III -I..\..\..\..\..\..\Software\uC-CPU -I..\..\..\..\..\..\Software\uC-CPU\ARM-Cortex-M0\GNU -I..\..\..\..\..\..\Software\uC-LIB -I..\..\..\..\..\..\Software\uCOS-III\Source -I..\..\..\..\..\..\Software\uCOS-III\Ports\ARM-Cortex-M0\Generic\GNU -I. -IGenerated_Source\PSoC4 -Wa,-alh=.\CortexM0\ARM_GCC_541\Debug/cpu_core.lst -g -D DEBUG -ffunction-sections -ffat-lto-objects -O0 -c ..\..\..\..\..\..\Software\uC-CPU\cpu_core.c -o .\CortexM0\ARM_GCC_541\Debug\cpu_core.o
arm-none-eabi-gcc.exe -mcpu=cortex-m0 -mthumb -I..\..\ -I..\..\..\BSP -I..\..\..\BSP\OS\uCOS-III -I..\..\..\..\..\..\Software\uC-CPU -I..\..\..\..\..\..\Software\uC-CPU\ARM-Cortex-M0\GNU -I..\..\..\..\..\..\Software\uC-LIB -I..\..\..\..\..\..\Software\uCOS-III\Source -I..\..\..\..\..\..\Software\uCOS-III\Ports\ARM-Cortex-M0\Generic\GNU -I. -IGenerated_Source\PSoC4 -Wa,-alh=.\CortexM0\ARM_GCC_541\Debug/os_cpu_c.lst -g -D DEBUG -ffunction-sections -ffat-lto-objects -O0 -c ..\..\..\..\..\..\Software\uCOS-III\Ports\ARM-Cortex-M0\Generic\GNU\os_cpu_c.c -o .\CortexM0\ARM_GCC_541\Debug\os_cpu_c.o
arm-none-eabi-gcc.exe -mcpu=cortex-m0 -mthumb -I..\..\ -I..\..\..\BSP -I..\..\..\BSP\OS\uCOS-III -I..\..\..\..\..\..\Software\uC-CPU -I..\..\..\..\..\..\Software\uC-CPU\ARM-Cortex-M0\GNU -I..\..\..\..\..\..\Software\uC-LIB -I..\..\..\..\..\..\Software\uCOS-III\Source -I..\..\..\..\..\..\Software\uCOS-III\Ports\ARM-Cortex-M0\Generic\GNU -I. -IGenerated_Source\PSoC4 -Wa,-alh=.\CortexM0\ARM_GCC_541\Debug/os_cfg_app.lst -g -D DEBUG -ffunction-sections -ffat-lto-objects -O0 -c ..\..\..\..\..\..\Software\uCOS-III\Source\os_cfg_app.c -o .\CortexM0\ARM_GCC_541\Debug\os_cfg_app.o
arm-none-eabi-gcc.exe -mcpu=cortex-m0 -mthumb -I..\..\ -I..\..\..\BSP -I..\..\..\BSP\OS\uCOS-III -I..\..\..\..\..\..\Software\uC-CPU -I..\..\..\..\..\..\Software\uC-CPU\ARM-Cortex-M0\GNU -I..\..\..\..\..\..\Software\uC-LIB -I..\..\..\..\..\..\Software\uCOS-III\Source -I..\..\..\..\..\..\Software\uCOS-III\Ports\ARM-Cortex-M0\Generic\GNU -I. -IGenerated_Source\PSoC4 -Wa,-alh=.\CortexM0\ARM_GCC_541\Debug/os_core.lst -g -D DEBUG -ffunction-sections -ffat-lto-objects -O0 -c ..\..\..\..\..\..\Software\uCOS-III\Source\os_core.c -o .\CortexM0\ARM_GCC_541\Debug\os_core.o
arm-none-eabi-gcc.exe -mcpu=cortex-m0 -mthumb -I..\..\ -I..\..\..\BSP -I..\..\..\BSP\OS\uCOS-III -I..\..\..\..\..\..\Software\uC-CPU -I..\..\..\..\..\..\Software\uC-CPU\ARM-Cortex-M0\GNU -I..\..\..\..\..\..\Software\uC-LIB -I..\..\..\..\..\..\Software\uCOS-III\Source -I..\..\..\..\..\..\Software\uCOS-III\Ports\ARM-Cortex-M0\Generic\GNU -I. -IGenerated_Source\PSoC4 -Wa,-alh=.\CortexM0\ARM_GCC_541\Debug/os_dbg.lst -g -D DEBUG -ffunction-sections -ffat-lto-objects -O0 -c ..\..\..\..\..\..\Software\uCOS-III\Source\os_dbg.c -o .\CortexM0\ARM_GCC_541\Debug\os_dbg.o
arm-none-eabi-gcc.exe -mcpu=cortex-m0 -mthumb -I..\..\ -I..\..\..\BSP -I..\..\..\BSP\OS\uCOS-III -I..\..\..\..\..\..\Software\uC-CPU -I..\..\..\..\..\..\Software\uC-CPU\ARM-Cortex-M0\GNU -I..\..\..\..\..\..\Software\uC-LIB -I..\..\..\..\..\..\Software\uCOS-III\Source -I..\..\..\..\..\..\Software\uCOS-III\Ports\ARM-Cortex-M0\Generic\GNU -I. -IGenerated_Source\PSoC4 -Wa,-alh=.\CortexM0\ARM_GCC_541\Debug/os_flag.lst -g -D DEBUG -ffunction-sections -ffat-lto-objects -O0 -c ..\..\..\..\..\..\Software\uCOS-III\Source\os_flag.c -o .\CortexM0\ARM_GCC_541\Debug\os_flag.o
arm-none-eabi-gcc.exe -mcpu=cortex-m0 -mthumb -I..\..\ -I..\..\..\BSP -I..\..\..\BSP\OS\uCOS-III -I..\..\..\..\..\..\Software\uC-CPU -I..\..\..\..\..\..\Software\uC-CPU\ARM-Cortex-M0\GNU -I..\..\..\..\..\..\Software\uC-LIB -I..\..\..\..\..\..\Software\uCOS-III\Source -I..\..\..\..\..\..\Software\uCOS-III\Ports\ARM-Cortex-M0\Generic\GNU -I. -IGenerated_Source\PSoC4 -Wa,-alh=.\CortexM0\ARM_GCC_541\Debug/os_int.lst -g -D DEBUG -ffunction-sections -ffat-lto-objects -O0 -c ..\..\..\..\..\..\Software\uCOS-III\Source\os_int.c -o .\CortexM0\ARM_GCC_541\Debug\os_int.o
arm-none-eabi-gcc.exe -mcpu=cortex-m0 -mthumb -I..\..\ -I..\..\..\BSP -I..\..\..\BSP\OS\uCOS-III -I..\..\..\..\..\..\Software\uC-CPU -I..\..\..\..\..\..\Software\uC-CPU\ARM-Cortex-M0\GNU -I..\..\..\..\..\..\Software\uC-LIB -I..\..\..\..\..\..\Software\uCOS-III\Source -I..\..\..\..\..\..\Software\uCOS-III\Ports\ARM-Cortex-M0\Generic\GNU -I. -IGenerated_Source\PSoC4 -Wa,-alh=.\CortexM0\ARM_GCC_541\Debug/os_mem.lst -g -D DEBUG -ffunction-sections -ffat-lto-objects -O0 -c ..\..\..\..\..\..\Software\uCOS-III\Source\os_mem.c -o .\CortexM0\ARM_GCC_541\Debug\os_mem.o
arm-none-eabi-gcc.exe -mcpu=cortex-m0 -mthumb -I..\..\ -I..\..\..\BSP -I..\..\..\BSP\OS\uCOS-III -I..\..\..\..\..\..\Software\uC-CPU -I..\..\..\..\..\..\Software\uC-CPU\ARM-Cortex-M0\GNU -I..\..\..\..\..\..\Software\uC-LIB -I..\..\..\..\..\..\Software\uCOS-III\Source -I..\..\..\..\..\..\Software\uCOS-III\Ports\ARM-Cortex-M0\Generic\GNU -I. -IGenerated_Source\PSoC4 -Wa,-alh=.\CortexM0\ARM_GCC_541\Debug/os_mon.lst -g -D DEBUG -ffunction-sections -ffat-lto-objects -O0 -c ..\..\..\..\..\..\Software\uCOS-III\Source\os_mon.c -o .\CortexM0\ARM_GCC_541\Debug\os_mon.o
arm-none-eabi-gcc.exe -mcpu=cortex-m0 -mthumb -I..\..\ -I..\..\..\BSP -I..\..\..\BSP\OS\uCOS-III -I..\..\..\..\..\..\Software\uC-CPU -I..\..\..\..\..\..\Software\uC-CPU\ARM-Cortex-M0\GNU -I..\..\..\..\..\..\Software\uC-LIB -I..\..\..\..\..\..\Software\uCOS-III\Source -I..\..\..\..\..\..\Software\uCOS-III\Ports\ARM-Cortex-M0\Generic\GNU -I. -IGenerated_Source\PSoC4 -Wa,-alh=.\CortexM0\ARM_GCC_541\Debug/os_msg.lst -g -D DEBUG -ffunction-sections -ffat-lto-objects -O0 -c ..\..\..\..\..\..\Software\uCOS-III\Source\os_msg.c -o .\CortexM0\ARM_GCC_541\Debug\os_msg.o
arm-none-eabi-gcc.exe -mcpu=cortex-m0 -mthumb -I..\..\ -I..\..\..\BSP -I..\..\..\BSP\OS\uCOS-III -I..\..\..\..\..\..\Software\uC-CPU -I..\..\..\..\..\..\Software\uC-CPU\ARM-Cortex-M0\GNU -I..\..\..\..\..\..\Software\uC-LIB -I..\..\..\..\..\..\Software\uCOS-III\Source -I..\..\..\..\..\..\Software\uCOS-III\Ports\ARM-Cortex-M0\Generic\GNU -I. -IGenerated_Source\PSoC4 -Wa,-alh=.\CortexM0\ARM_GCC_541\Debug/os_mutex.lst -g -D DEBUG -ffunction-sections -ffat-lto-objects -O0 -c ..\..\..\..\..\..\Software\uCOS-III\Source\os_mutex.c -o .\CortexM0\ARM_GCC_541\Debug\os_mutex.o
arm-none-eabi-gcc.exe -mcpu=cortex-m0 -mthumb -I..\..\ -I..\..\..\BSP -I..\..\..\BSP\OS\uCOS-III -I..\..\..\..\..\..\Software\uC-CPU -I..\..\..\..\..\..\Software\uC-CPU\ARM-Cortex-M0\GNU -I..\..\..\..\..\..\Software\uC-LIB -I..\..\..\..\..\..\Software\uCOS-III\Source -I..\..\..\..\..\..\Software\uCOS-III\Ports\ARM-Cortex-M0\Generic\GNU -I. -IGenerated_Source\PSoC4 -Wa,-alh=.\CortexM0\ARM_GCC_541\Debug/os_pend_multi.lst -g -D DEBUG -ffunction-sections -ffat-lto-objects -O0 -c ..\..\..\..\..\..\Software\uCOS-III\Source\os_pend_multi.c -o .\CortexM0\ARM_GCC_541\Debug\os_pend_multi.o
arm-none-eabi-gcc.exe -mcpu=cortex-m0 -mthumb -I..\..\ -I..\..\..\BSP -I..\..\..\BSP\OS\uCOS-III -I..\..\..\..\..\..\Software\uC-CPU -I..\..\..\..\..\..\Software\uC-CPU\ARM-Cortex-M0\GNU -I..\..\..\..\..\..\Software\uC-LIB -I..\..\..\..\..\..\Software\uCOS-III\Source -I..\..\..\..\..\..\Software\uCOS-III\Ports\ARM-Cortex-M0\Generic\GNU -I. -IGenerated_Source\PSoC4 -Wa,-alh=.\CortexM0\ARM_GCC_541\Debug/os_prio.lst -g -D DEBUG -ffunction-sections -ffat-lto-objects -O0 -c ..\..\..\..\..\..\Software\uCOS-III\Source\os_prio.c -o .\CortexM0\ARM_GCC_541\Debug\os_prio.o
arm-none-eabi-gcc.exe -mcpu=cortex-m0 -mthumb -I..\..\ -I..\..\..\BSP -I..\..\..\BSP\OS\uCOS-III -I..\..\..\..\..\..\Software\uC-CPU -I..\..\..\..\..\..\Software\uC-CPU\ARM-Cortex-M0\GNU -I..\..\..\..\..\..\Software\uC-LIB -I..\..\..\..\..\..\Software\uCOS-III\Source -I..\..\..\..\..\..\Software\uCOS-III\Ports\ARM-Cortex-M0\Generic\GNU -I. -IGenerated_Source\PSoC4 -Wa,-alh=.\CortexM0\ARM_GCC_541\Debug/os_q.lst -g -D DEBUG -ffunction-sections -ffat-lto-objects -O0 -c ..\..\..\..\..\..\Software\uCOS-III\Source\os_q.c -o .\CortexM0\ARM_GCC_541\Debug\os_q.o
arm-none-eabi-gcc.exe -mcpu=cortex-m0 -mthumb -I..\..\ -I..\..\..\BSP -I..\..\..\BSP\OS\uCOS-III -I..\..\..\..\..\..\Software\uC-CPU -I..\..\..\..\..\..\Software\uC-CPU\ARM-Cortex-M0\GNU -I..\..\..\..\..\..\Software\uC-LIB -I..\..\..\..\..\..\Software\uCOS-III\Source -I..\..\..\..\..\..\Software\uCOS-III\Ports\ARM-Cortex-M0\Generic\GNU -I. -IGenerated_Source\PSoC4 -Wa,-alh=.\CortexM0\ARM_GCC_541\Debug/os_sem.lst -g -D DEBUG -ffunction-sections -ffat-lto-objects -O0 -c ..\..\..\..\..\..\Software\uCOS-III\Source\os_sem.c -o .\CortexM0\ARM_GCC_541\Debug\os_sem.o
arm-none-eabi-gcc.exe -mcpu=cortex-m0 -mthumb -I..\..\ -I..\..\..\BSP -I..\..\..\BSP\OS\uCOS-III -I..\..\..\..\..\..\Software\uC-CPU -I..\..\..\..\..\..\Software\uC-CPU\ARM-Cortex-M0\GNU -I..\..\..\..\..\..\Software\uC-LIB -I..\..\..\..\..\..\Software\uCOS-III\Source -I..\..\..\..\..\..\Software\uCOS-III\Ports\ARM-Cortex-M0\Generic\GNU -I. -IGenerated_Source\PSoC4 -Wa,-alh=.\CortexM0\ARM_GCC_541\Debug/os_stat.lst -g -D DEBUG -ffunction-sections -ffat-lto-objects -O0 -c ..\..\..\..\..\..\Software\uCOS-III\Source\os_stat.c -o .\CortexM0\ARM_GCC_541\Debug\os_stat.o
arm-none-eabi-gcc.exe -mcpu=cortex-m0 -mthumb -I..\..\ -I..\..\..\BSP -I..\..\..\BSP\OS\uCOS-III -I..\..\..\..\..\..\Software\uC-CPU -I..\..\..\..\..\..\Software\uC-CPU\ARM-Cortex-M0\GNU -I..\..\..\..\..\..\Software\uC-LIB -I..\..\..\..\..\..\Software\uCOS-III\Source -I..\..\..\..\..\..\Software\uCOS-III\Ports\ARM-Cortex-M0\Generic\GNU -I. -IGenerated_Source\PSoC4 -Wa,-alh=.\CortexM0\ARM_GCC_541\Debug/os_task.lst -g -D DEBUG -ffunction-sections -ffat-lto-objects -O0 -c ..\..\..\..\..\..\Software\uCOS-III\Source\os_task.c -o .\CortexM0\ARM_GCC_541\Debug\os_task.o
arm-none-eabi-gcc.exe -mcpu=cortex-m0 -mthumb -I..\..\ -I..\..\..\BSP -I..\..\..\BSP\OS\uCOS-III -I..\..\..\..\..\..\Software\uC-CPU -I..\..\..\..\..\..\Software\uC-CPU\ARM-Cortex-M0\GNU -I..\..\..\..\..\..\Software\uC-LIB -I..\..\..\..\..\..\Software\uCOS-III\Source -I..\..\..\..\..\..\Software\uCOS-III\Ports\ARM-Cortex-M0\Generic\GNU -I. -IGenerated_Source\PSoC4 -Wa,-alh=.\CortexM0\ARM_GCC_541\Debug/os_tick.lst -g -D DEBUG -ffunction-sections -ffat-lto-objects -O0 -c ..\..\..\..\..\..\Software\uCOS-III\Source\os_tick.c -o .\CortexM0\ARM_GCC_541\Debug\os_tick.o
arm-none-eabi-gcc.exe -mcpu=cortex-m0 -mthumb -I..\..\ -I..\..\..\BSP -I..\..\..\BSP\OS\uCOS-III -I..\..\..\..\..\..\Software\uC-CPU -I..\..\..\..\..\..\Software\uC-CPU\ARM-Cortex-M0\GNU -I..\..\..\..\..\..\Software\uC-LIB -I..\..\..\..\..\..\Software\uCOS-III\Source -I..\..\..\..\..\..\Software\uCOS-III\Ports\ARM-Cortex-M0\Generic\GNU -I. -IGenerated_Source\PSoC4 -Wa,-alh=.\CortexM0\ARM_GCC_541\Debug/os_time.lst -g -D DEBUG -ffunction-sections -ffat-lto-objects -O0 -c ..\..\..\..\..\..\Software\uCOS-III\Source\os_time.c -o .\CortexM0\ARM_GCC_541\Debug\os_time.o
arm-none-eabi-gcc.exe -mcpu=cortex-m0 -mthumb -I..\..\ -I..\..\..\BSP -I..\..\..\BSP\OS\uCOS-III -I..\..\..\..\..\..\Software\uC-CPU -I..\..\..\..\..\..\Software\uC-CPU\ARM-Cortex-M0\GNU -I..\..\..\..\..\..\Software\uC-LIB -I..\..\..\..\..\..\Software\uCOS-III\Source -I..\..\..\..\..\..\Software\uCOS-III\Ports\ARM-Cortex-M0\Generic\GNU -I. -IGenerated_Source\PSoC4 -Wa,-alh=.\CortexM0\ARM_GCC_541\Debug/os_tmr.lst -g -D DEBUG -ffunction-sections -ffat-lto-objects -O0 -c ..\..\..\..\..\..\Software\uCOS-III\Source\os_tmr.c -o .\CortexM0\ARM_GCC_541\Debug\os_tmr.o
arm-none-eabi-gcc.exe -mcpu=cortex-m0 -mthumb -I..\..\ -I..\..\..\BSP -I..\..\..\BSP\OS\uCOS-III -I..\..\..\..\..\..\Software\uC-CPU -I..\..\..\..\..\..\Software\uC-CPU\ARM-Cortex-M0\GNU -I..\..\..\..\..\..\Software\uC-LIB -I..\..\..\..\..\..\Software\uCOS-III\Source -I..\..\..\..\..\..\Software\uCOS-III\Ports\ARM-Cortex-M0\Generic\GNU -I. -IGenerated_Source\PSoC4 -Wa,-alh=.\CortexM0\ARM_GCC_541\Debug/os_var.lst -g -D DEBUG -ffunction-sections -ffat-lto-objects -O0 -c ..\..\..\..\..\..\Software\uCOS-III\Source\os_var.c -o .\CortexM0\ARM_GCC_541\Debug\os_var.o
arm-none-eabi-gcc.exe -mcpu=cortex-m0 -mthumb -I..\..\ -I..\..\..\BSP -I..\..\..\BSP\OS\uCOS-III -I..\..\..\..\..\..\Software\uC-CPU -I..\..\..\..\..\..\Software\uC-CPU\ARM-Cortex-M0\GNU -I..\..\..\..\..\..\Software\uC-LIB -I..\..\..\..\..\..\Software\uCOS-III\Source -I..\..\..\..\..\..\Software\uCOS-III\Ports\ARM-Cortex-M0\Generic\GNU -I. -IGenerated_Source\PSoC4 -Wa,-alh=.\CortexM0\ARM_GCC_541\Debug/lib_ascii.lst -g -D DEBUG -ffunction-sections -ffat-lto-objects -O0 -c ..\..\..\..\..\..\Software\uC-LIB\lib_ascii.c -o .\CortexM0\ARM_GCC_541\Debug\lib_ascii.o
arm-none-eabi-gcc.exe -mcpu=cortex-m0 -mthumb -I..\..\ -I..\..\..\BSP -I..\..\..\BSP\OS\uCOS-III -I..\..\..\..\..\..\Software\uC-CPU -I..\..\..\..\..\..\Software\uC-CPU\ARM-Cortex-M0\GNU -I..\..\..\..\..\..\Software\uC-LIB -I..\..\..\..\..\..\Software\uCOS-III\Source -I..\..\..\..\..\..\Software\uCOS-III\Ports\ARM-Cortex-M0\Generic\GNU -I. -IGenerated_Source\PSoC4 -Wa,-alh=.\CortexM0\ARM_GCC_541\Debug/lib_math.lst -g -D DEBUG -ffunction-sections -ffat-lto-objects -O0 -c ..\..\..\..\..\..\Software\uC-LIB\lib_math.c -o .\CortexM0\ARM_GCC_541\Debug\lib_math.o
arm-none-eabi-gcc.exe -mcpu=cortex-m0 -mthumb -I..\..\ -I..\..\..\BSP -I..\..\..\BSP\OS\uCOS-III -I..\..\..\..\..\..\Software\uC-CPU -I..\..\..\..\..\..\Software\uC-CPU\ARM-Cortex-M0\GNU -I..\..\..\..\..\..\Software\uC-LIB -I..\..\..\..\..\..\Software\uCOS-III\Source -I..\..\..\..\..\..\Software\uCOS-III\Ports\ARM-Cortex-M0\Generic\GNU -I. -IGenerated_Source\PSoC4 -Wa,-alh=.\CortexM0\ARM_GCC_541\Debug/lib_mem.lst -g -D DEBUG -ffunction-sections -ffat-lto-objects -O0 -c ..\..\..\..\..\..\Software\uC-LIB\lib_mem.c -o .\CortexM0\ARM_GCC_541\Debug\lib_mem.o
arm-none-eabi-gcc.exe -mcpu=cortex-m0 -mthumb -I..\..\ -I..\..\..\BSP -I..\..\..\BSP\OS\uCOS-III -I..\..\..\..\..\..\Software\uC-CPU -I..\..\..\..\..\..\Software\uC-CPU\ARM-Cortex-M0\GNU -I..\..\..\..\..\..\Software\uC-LIB -I..\..\..\..\..\..\Software\uCOS-III\Source -I..\..\..\..\..\..\Software\uCOS-III\Ports\ARM-Cortex-M0\Generic\GNU -I. -IGenerated_Source\PSoC4 -Wa,-alh=.\CortexM0\ARM_GCC_541\Debug/lib_str.lst -g -D DEBUG -ffunction-sections -ffat-lto-objects -O0 -c ..\..\..\..\..\..\Software\uC-LIB\lib_str.c -o .\CortexM0\ARM_GCC_541\Debug\lib_str.o
arm-none-eabi-gcc.exe -mcpu=cortex-m0 -mthumb -I..\..\ -I..\..\..\BSP -I..\..\..\BSP\OS\uCOS-III -I..\..\..\..\..\..\Software\uC-CPU -I..\..\..\..\..\..\Software\uC-CPU\ARM-Cortex-M0\GNU -I..\..\..\..\..\..\Software\uC-LIB -I..\..\..\..\..\..\Software\uCOS-III\Source -I..\..\..\..\..\..\Software\uCOS-III\Ports\ARM-Cortex-M0\Generic\GNU -I. -IGenerated_Source\PSoC4 -Wa,-alh=.\CortexM0\ARM_GCC_541\Debug/cyfitter_cfg.lst -g -D DEBUG -ffunction-sections -ffat-lto-objects -O0 -c Generated_Source\PSoC4\cyfitter_cfg.c -o .\CortexM0\ARM_GCC_541\Debug\cyfitter_cfg.o
arm-none-eabi-gcc.exe -mcpu=cortex-m0 -mthumb -I..\..\ -I..\..\..\BSP -I..\..\..\BSP\OS\uCOS-III -I..\..\..\..\..\..\Software\uC-CPU -I..\..\..\..\..\..\Software\uC-CPU\ARM-Cortex-M0\GNU -I..\..\..\..\..\..\Software\uC-LIB -I..\..\..\..\..\..\Software\uCOS-III\Source -I..\..\..\..\..\..\Software\uCOS-III\Ports\ARM-Cortex-M0\Generic\GNU -I. -IGenerated_Source\PSoC4 -Wa,-alh=.\CortexM0\ARM_GCC_541\Debug/cymetadata.lst -g -D DEBUG -ffunction-sections -ffat-lto-objects -O0 -c Generated_Source\PSoC4\cymetadata.c -o .\CortexM0\ARM_GCC_541\Debug\cymetadata.o
arm-none-eabi-gcc.exe -mcpu=cortex-m0 -mthumb -I..\..\ -I..\..\..\BSP -I..\..\..\BSP\OS\uCOS-III -I..\..\..\..\..\..\Software\uC-CPU -I..\..\..\..\..\..\Software\uC-CPU\ARM-Cortex-M0\GNU -I..\..\..\..\..\..\Software\uC-LIB -I..\..\..\..\..\..\Software\uCOS-III\Source -I..\..\..\..\..\..\Software\uCOS-III\Ports\ARM-Cortex-M0\Generic\GNU -I. -IGenerated_Source\PSoC4 -Wa,-alh=.\CortexM0\ARM_GCC_541\Debug/Clock_PWM.lst -g -D DEBUG -ffunction-sections -ffat-lto-objects -O0 -c Generated_Source\PSoC4\Clock_PWM.c -o .\CortexM0\ARM_GCC_541\Debug\Clock_PWM.o
arm-none-eabi-gcc.exe -mcpu=cortex-m0 -mthumb -I..\..\ -I..\..\..\BSP -I..\..\..\BSP\OS\uCOS-III -I..\..\..\..\..\..\Software\uC-CPU -I..\..\..\..\..\..\Software\uC-CPU\ARM-Cortex-M0\GNU -I..\..\..\..\..\..\Software\uC-LIB -I..\..\..\..\..\..\Software\uCOS-III\Source -I..\..\..\..\..\..\Software\uCOS-III\Ports\ARM-Cortex-M0\Generic\GNU -I. -IGenerated_Source\PSoC4 -Wa,-alh=.\CortexM0\ARM_GCC_541\Debug/PWM_Blue.lst -g -D DEBUG -ffunction-sections -ffat-lto-objects -O0 -c Generated_Source\PSoC4\PWM_Blue.c -o .\CortexM0\ARM_GCC_541\Debug\PWM_Blue.o
arm-none-eabi-gcc.exe -mcpu=cortex-m0 -mthumb -I..\..\ -I..\..\..\BSP -I..\..\..\BSP\OS\uCOS-III -I..\..\..\..\..\..\Software\uC-CPU -I..\..\..\..\..\..\Software\uC-CPU\ARM-Cortex-M0\GNU -I..\..\..\..\..\..\Software\uC-LIB -I..\..\..\..\..\..\Software\uCOS-III\Source -I..\..\..\..\..\..\Software\uCOS-III\Ports\ARM-Cortex-M0\Generic\GNU -I. -IGenerated_Source\PSoC4 -Wa,-alh=.\CortexM0\ARM_GCC_541\Debug/PWM_Blue_PM.lst -g -D DEBUG -ffunction-sections -ffat-lto-objects -O0 -c Generated_Source\PSoC4\PWM_Blue_PM.c -o .\CortexM0\ARM_GCC_541\Debug\PWM_Blue_PM.o
arm-none-eabi-gcc.exe -mcpu=cortex-m0 -mthumb -I..\..\ -I..\..\..\BSP -I..\..\..\BSP\OS\uCOS-III -I..\..\..\..\..\..\Software\uC-CPU -I..\..\..\..\..\..\Software\uC-CPU\ARM-Cortex-M0\GNU -I..\..\..\..\..\..\Software\uC-LIB -I..\..\..\..\..\..\Software\uCOS-III\Source -I..\..\..\..\..\..\Software\uCOS-III\Ports\ARM-Cortex-M0\Generic\GNU -I. -IGenerated_Source\PSoC4 -Wa,-alh=.\CortexM0\ARM_GCC_541\Debug/PWM_Green.lst -g -D DEBUG -ffunction-sections -ffat-lto-objects -O0 -c Generated_Source\PSoC4\PWM_Green.c -o .\CortexM0\ARM_GCC_541\Debug\PWM_Green.o
arm-none-eabi-gcc.exe -mcpu=cortex-m0 -mthumb -I..\..\ -I..\..\..\BSP -I..\..\..\BSP\OS\uCOS-III -I..\..\..\..\..\..\Software\uC-CPU -I..\..\..\..\..\..\Software\uC-CPU\ARM-Cortex-M0\GNU -I..\..\..\..\..\..\Software\uC-LIB -I..\..\..\..\..\..\Software\uCOS-III\Source -I..\..\..\..\..\..\Software\uCOS-III\Ports\ARM-Cortex-M0\Generic\GNU -I. -IGenerated_Source\PSoC4 -Wa,-alh=.\CortexM0\ARM_GCC_541\Debug/PWM_Green_PM.lst -g -D DEBUG -ffunction-sections -ffat-lto-objects -O0 -c Generated_Source\PSoC4\PWM_Green_PM.c -o .\CortexM0\ARM_GCC_541\Debug\PWM_Green_PM.o
arm-none-eabi-gcc.exe -mcpu=cortex-m0 -mthumb -I..\..\ -I..\..\..\BSP -I..\..\..\BSP\OS\uCOS-III -I..\..\..\..\..\..\Software\uC-CPU -I..\..\..\..\..\..\Software\uC-CPU\ARM-Cortex-M0\GNU -I..\..\..\..\..\..\Software\uC-LIB -I..\..\..\..\..\..\Software\uCOS-III\Source -I..\..\..\..\..\..\Software\uCOS-III\Ports\ARM-Cortex-M0\Generic\GNU -I. -IGenerated_Source\PSoC4 -Wa,-alh=.\CortexM0\ARM_GCC_541\Debug/PWM_Red.lst -g -D DEBUG -ffunction-sections -ffat-lto-objects -O0 -c Generated_Source\PSoC4\PWM_Red.c -o .\CortexM0\ARM_GCC_541\Debug\PWM_Red.o
arm-none-eabi-gcc.exe -mcpu=cortex-m0 -mthumb -I..\..\ -I..\..\..\BSP -I..\..\..\BSP\OS\uCOS-III -I..\..\..\..\..\..\Software\uC-CPU -I..\..\..\..\..\..\Software\uC-CPU\ARM-Cortex-M0\GNU -I..\..\..\..\..\..\Software\uC-LIB -I..\..\..\..\..\..\Software\uCOS-III\Source -I..\..\..\..\..\..\Software\uCOS-III\Ports\ARM-Cortex-M0\Generic\GNU -I. -IGenerated_Source\PSoC4 -Wa,-alh=.\CortexM0\ARM_GCC_541\Debug/PWM_Red_PM.lst -g -D DEBUG -ffunction-sections -ffat-lto-objects -O0 -c Generated_Source\PSoC4\PWM_Red_PM.c -o .\CortexM0\ARM_GCC_541\Debug\PWM_Red_PM.o
arm-none-eabi-gcc.exe -mcpu=cortex-m0 -mthumb -I..\..\ -I..\..\..\BSP -I..\..\..\BSP\OS\uCOS-III -I..\..\..\..\..\..\Software\uC-CPU -I..\..\..\..\..\..\Software\uC-CPU\ARM-Cortex-M0\GNU -I..\..\..\..\..\..\Software\uC-LIB -I..\..\..\..\..\..\Software\uCOS-III\Source -I..\..\..\..\..\..\Software\uCOS-III\Ports\ARM-Cortex-M0\Generic\GNU -I. -IGenerated_Source\PSoC4 -Wa,-alh=.\CortexM0\ARM_GCC_541\Debug/Pin_BlueLED.lst -g -D DEBUG -ffunction-sections -ffat-lto-objects -O0 -c Generated_Source\PSoC4\Pin_BlueLED.c -o .\CortexM0\ARM_GCC_541\Debug\Pin_BlueLED.o
arm-none-eabi-gcc.exe -mcpu=cortex-m0 -mthumb -I..\..\ -I..\..\..\BSP -I..\..\..\BSP\OS\uCOS-III -I..\..\..\..\..\..\Software\uC-CPU -I..\..\..\..\..\..\Software\uC-CPU\ARM-Cortex-M0\GNU -I..\..\..\..\..\..\Software\uC-LIB -I..\..\..\..\..\..\Software\uCOS-III\Source -I..\..\..\..\..\..\Software\uCOS-III\Ports\ARM-Cortex-M0\Generic\GNU -I. -IGenerated_Source\PSoC4 -Wa,-alh=.\CortexM0\ARM_GCC_541\Debug/Pin_GreenLED.lst -g -D DEBUG -ffunction-sections -ffat-lto-objects -O0 -c Generated_Source\PSoC4\Pin_GreenLED.c -o .\CortexM0\ARM_GCC_541\Debug\Pin_GreenLED.o
arm-none-eabi-gcc.exe -mcpu=cortex-m0 -mthumb -I..\..\ -I..\..\..\BSP -I..\..\..\BSP\OS\uCOS-III -I..\..\..\..\..\..\Software\uC-CPU -I..\..\..\..\..\..\Software\uC-CPU\ARM-Cortex-M0\GNU -I..\..\..\..\..\..\Software\uC-LIB -I..\..\..\..\..\..\Software\uCOS-III\Source -I..\..\..\..\..\..\Software\uCOS-III\Ports\ARM-Cortex-M0\Generic\GNU -I. -IGenerated_Source\PSoC4 -Wa,-alh=.\CortexM0\ARM_GCC_541\Debug/Pin_RedLED.lst -g -D DEBUG -ffunction-sections -ffat-lto-objects -O0 -c Generated_Source\PSoC4\Pin_RedLED.c -o .\CortexM0\ARM_GCC_541\Debug\Pin_RedLED.o
arm-none-eabi-gcc.exe -mcpu=cortex-m0 -mthumb -I..\..\ -I..\..\..\BSP -I..\..\..\BSP\OS\uCOS-III -I..\..\..\..\..\..\Software\uC-CPU -I..\..\..\..\..\..\Software\uC-CPU\ARM-Cortex-M0\GNU -I..\..\..\..\..\..\Software\uC-LIB -I..\..\..\..\..\..\Software\uCOS-III\Source -I..\..\..\..\..\..\Software\uCOS-III\Ports\ARM-Cortex-M0\Generic\GNU -I. -IGenerated_Source\PSoC4 -Wa,-alh=.\CortexM0\ARM_GCC_541\Debug/Accel_Pin.lst -g -D DEBUG -ffunction-sections -ffat-lto-objects -O0 -c Generated_Source\PSoC4\Accel_Pin.c -o .\CortexM0\ARM_GCC_541\Debug\Accel_Pin.o
arm-none-eabi-gcc.exe -mcpu=cortex-m0 -mthumb -I..\..\ -I..\..\..\BSP -I..\..\..\BSP\OS\uCOS-III -I..\..\..\..\..\..\Software\uC-CPU -I..\..\..\..\..\..\Software\uC-CPU\ARM-Cortex-M0\GNU -I..\..\..\..\..\..\Software\uC-LIB -I..\..\..\..\..\..\Software\uCOS-III\Source -I..\..\..\..\..\..\Software\uCOS-III\Ports\ARM-Cortex-M0\Generic\GNU -I. -IGenerated_Source\PSoC4 -Wa,-alh=.\CortexM0\ARM_GCC_541\Debug/I2C.lst -g -D DEBUG -ffunction-sections -ffat-lto-objects -O0 -c Generated_Source\PSoC4\I2C.c -o .\CortexM0\ARM_GCC_541\Debug\I2C.o
arm-none-eabi-gcc.exe -mcpu=cortex-m0 -mthumb -I..\..\ -I..\..\..\BSP -I..\..\..\BSP\OS\uCOS-III -I..\..\..\..\..\..\Software\uC-CPU -I..\..\..\..\..\..\Software\uC-CPU\ARM-Cortex-M0\GNU -I..\..\..\..\..\..\Software\uC-LIB -I..\..\..\..\..\..\Software\uCOS-III\Source -I..\..\..\..\..\..\Software\uCOS-III\Ports\ARM-Cortex-M0\Generic\GNU -I. -IGenerated_Source\PSoC4 -Wa,-alh=.\CortexM0\ARM_GCC_541\Debug/I2C_I2C_INT.lst -g -D DEBUG -ffunction-sections -ffat-lto-objects -O0 -c Generated_Source\PSoC4\I2C_I2C_INT.c -o .\CortexM0\ARM_GCC_541\Debug\I2C_I2C_INT.o
arm-none-eabi-gcc.exe -mcpu=cortex-m0 -mthumb -I..\..\ -I..\..\..\BSP -I..\..\..\BSP\OS\uCOS-III -I..\..\..\..\..\..\Software\uC-CPU -I..\..\..\..\..\..\Software\uC-CPU\ARM-Cortex-M0\GNU -I..\..\..\..\..\..\Software\uC-LIB -I..\..\..\..\..\..\Software\uCOS-III\Source -I..\..\..\..\..\..\Software\uCOS-III\Ports\ARM-Cortex-M0\Generic\GNU -I. -IGenerated_Source\PSoC4 -Wa,-alh=.\CortexM0\ARM_GCC_541\Debug/I2C_I2C.lst -g -D DEBUG -ffunction-sections -ffat-lto-objects -O0 -c Generated_Source\PSoC4\I2C_I2C.c -o .\CortexM0\ARM_GCC_541\Debug\I2C_I2C.o
arm-none-eabi-gcc.exe -mcpu=cortex-m0 -mthumb -I..\..\ -I..\..\..\BSP -I..\..\..\BSP\OS\uCOS-III -I..\..\..\..\..\..\Software\uC-CPU -I..\..\..\..\..\..\Software\uC-CPU\ARM-Cortex-M0\GNU -I..\..\..\..\..\..\Software\uC-LIB -I..\..\..\..\..\..\Software\uCOS-III\Source -I..\..\..\..\..\..\Software\uCOS-III\Ports\ARM-Cortex-M0\Generic\GNU -I. -IGenerated_Source\PSoC4 -Wa,-alh=.\CortexM0\ARM_GCC_541\Debug/I2C_I2C_BOOT.lst -g -D DEBUG -ffunction-sections -ffat-lto-objects -O0 -c Generated_Source\PSoC4\I2C_I2C_BOOT.c -o .\CortexM0\ARM_GCC_541\Debug\I2C_I2C_BOOT.o
arm-none-eabi-gcc.exe -mcpu=cortex-m0 -mthumb -I..\..\ -I..\..\..\BSP -I..\..\..\BSP\OS\uCOS-III -I..\..\..\..\..\..\Software\uC-CPU -I..\..\..\..\..\..\Software\uC-CPU\ARM-Cortex-M0\GNU -I..\..\..\..\..\..\Software\uC-LIB -I..\..\..\..\..\..\Software\uCOS-III\Source -I..\..\..\..\..\..\Software\uCOS-III\Ports\ARM-Cortex-M0\Generic\GNU -I. -IGenerated_Source\PSoC4 -Wa,-alh=.\CortexM0\ARM_GCC_541\Debug/I2C_I2C_MASTER.lst -g -D DEBUG -ffunction-sections -ffat-lto-objects -O0 -c Generated_Source\PSoC4\I2C_I2C_MASTER.c -o .\CortexM0\ARM_GCC_541\Debug\I2C_I2C_MASTER.o
arm-none-eabi-gcc.exe -mcpu=cortex-m0 -mthumb -I..\..\ -I..\..\..\BSP -I..\..\..\BSP\OS\uCOS-III -I..\..\..\..\..\..\Software\uC-CPU -I..\..\..\..\..\..\Software\uC-CPU\ARM-Cortex-M0\GNU -I..\..\..\..\..\..\Software\uC-LIB -I..\..\..\..\..\..\Software\uCOS-III\Source -I..\..\..\..\..\..\Software\uCOS-III\Ports\ARM-Cortex-M0\Generic\GNU -I. -IGenerated_Source\PSoC4 -Wa,-alh=.\CortexM0\ARM_GCC_541\Debug/I2C_PM.lst -g -D DEBUG -ffunction-sections -ffat-lto-objects -O0 -c Generated_Source\PSoC4\I2C_PM.c -o .\CortexM0\ARM_GCC_541\Debug\I2C_PM.o
arm-none-eabi-gcc.exe -mcpu=cortex-m0 -mthumb -I..\..\ -I..\..\..\BSP -I..\..\..\BSP\OS\uCOS-III -I..\..\..\..\..\..\Software\uC-CPU -I..\..\..\..\..\..\Software\uC-CPU\ARM-Cortex-M0\GNU -I..\..\..\..\..\..\Software\uC-LIB -I..\..\..\..\..\..\Software\uCOS-III\Source -I..\..\..\..\..\..\Software\uCOS-III\Ports\ARM-Cortex-M0\Generic\GNU -I. -IGenerated_Source\PSoC4 -Wa,-alh=.\CortexM0\ARM_GCC_541\Debug/I2C_BOOT.lst -g -D DEBUG -ffunction-sections -ffat-lto-objects -O0 -c Generated_Source\PSoC4\I2C_BOOT.c -o .\CortexM0\ARM_GCC_541\Debug\I2C_BOOT.o
arm-none-eabi-gcc.exe -mcpu=cortex-m0 -mthumb -I..\..\ -I..\..\..\BSP -I..\..\..\BSP\OS\uCOS-III -I..\..\..\..\..\..\Software\uC-CPU -I..\..\..\..\..\..\Software\uC-CPU\ARM-Cortex-M0\GNU -I..\..\..\..\..\..\Software\uC-LIB -I..\..\..\..\..\..\Software\uCOS-III\Source -I..\..\..\..\..\..\Software\uCOS-III\Ports\ARM-Cortex-M0\Generic\GNU -I. -IGenerated_Source\PSoC4 -Wa,-alh=.\CortexM0\ARM_GCC_541\Debug/SW2.lst -g -D DEBUG -ffunction-sections -ffat-lto-objects -O0 -c Generated_Source\PSoC4\SW2.c -o .\CortexM0\ARM_GCC_541\Debug\SW2.o
arm-none-eabi-gcc.exe -mcpu=cortex-m0 -mthumb -I..\..\ -I..\..\..\BSP -I..\..\..\BSP\OS\uCOS-III -I..\..\..\..\..\..\Software\uC-CPU -I..\..\..\..\..\..\Software\uC-CPU\ARM-Cortex-M0\GNU -I..\..\..\..\..\..\Software\uC-LIB -I..\..\..\..\..\..\Software\uCOS-III\Source -I..\..\..\..\..\..\Software\uCOS-III\Ports\ARM-Cortex-M0\Generic\GNU -I. -IGenerated_Source\PSoC4 -Wa,-alh=.\CortexM0\ARM_GCC_541\Debug/Accel_ISR.lst -g -D DEBUG -ffunction-sections -ffat-lto-objects -O0 -c Generated_Source\PSoC4\Accel_ISR.c -o .\CortexM0\ARM_GCC_541\Debug\Accel_ISR.o
arm-none-eabi-gcc.exe -mcpu=cortex-m0 -mthumb -I..\..\ -I..\..\..\BSP -I..\..\..\BSP\OS\uCOS-III -I..\..\..\..\..\..\Software\uC-CPU -I..\..\..\..\..\..\Software\uC-CPU\ARM-Cortex-M0\GNU -I..\..\..\..\..\..\Software\uC-LIB -I..\..\..\..\..\..\Software\uCOS-III\Source -I..\..\..\..\..\..\Software\uCOS-III\Ports\ARM-Cortex-M0\Generic\GNU -I. -IGenerated_Source\PSoC4 -Wa,-alh=.\CortexM0\ARM_GCC_541\Debug/temp_raw.lst -g -D DEBUG -ffunction-sections -ffat-lto-objects -O0 -c Generated_Source\PSoC4\temp_raw.c -o .\CortexM0\ARM_GCC_541\Debug\temp_raw.o
arm-none-eabi-gcc.exe -mcpu=cortex-m0 -mthumb -I..\..\ -I..\..\..\BSP -I..\..\..\BSP\OS\uCOS-III -I..\..\..\..\..\..\Software\uC-CPU -I..\..\..\..\..\..\Software\uC-CPU\ARM-Cortex-M0\GNU -I..\..\..\..\..\..\Software\uC-LIB -I..\..\..\..\..\..\Software\uCOS-III\Source -I..\..\..\..\..\..\Software\uCOS-III\Ports\ARM-Cortex-M0\Generic\GNU -I. -IGenerated_Source\PSoC4 -Wa,-alh=.\CortexM0\ARM_GCC_541\Debug/temp_conv.lst -g -D DEBUG -ffunction-sections -ffat-lto-objects -O0 -c Generated_Source\PSoC4\temp_conv.c -o .\CortexM0\ARM_GCC_541\Debug\temp_conv.o
arm-none-eabi-gcc.exe -mcpu=cortex-m0 -mthumb -I..\..\ -I..\..\..\BSP -I..\..\..\BSP\OS\uCOS-III -I..\..\..\..\..\..\Software\uC-CPU -I..\..\..\..\..\..\Software\uC-CPU\ARM-Cortex-M0\GNU -I..\..\..\..\..\..\Software\uC-LIB -I..\..\..\..\..\..\Software\uCOS-III\Source -I..\..\..\..\..\..\Software\uCOS-III\Ports\ARM-Cortex-M0\Generic\GNU -I. -IGenerated_Source\PSoC4 -Wa,-alh=.\CortexM0\ARM_GCC_541\Debug/Clock_Temp.lst -g -D DEBUG -ffunction-sections -ffat-lto-objects -O0 -c Generated_Source\PSoC4\Clock_Temp.c -o .\CortexM0\ARM_GCC_541\Debug\Clock_Temp.o
arm-none-eabi-gcc.exe -mcpu=cortex-m0 -mthumb -I..\..\ -I..\..\..\BSP -I..\..\..\BSP\OS\uCOS-III -I..\..\..\..\..\..\Software\uC-CPU -I..\..\..\..\..\..\Software\uC-CPU\ARM-Cortex-M0\GNU -I..\..\..\..\..\..\Software\uC-LIB -I..\..\..\..\..\..\Software\uCOS-III\Source -I..\..\..\..\..\..\Software\uCOS-III\Ports\ARM-Cortex-M0\Generic\GNU -I. -IGenerated_Source\PSoC4 -Wa,-alh=.\CortexM0\ARM_GCC_541\Debug/Temp_Sensor.lst -g -D DEBUG -ffunction-sections -ffat-lto-objects -O0 -c Generated_Source\PSoC4\Temp_Sensor.c -o .\CortexM0\ARM_GCC_541\Debug\Temp_Sensor.o
arm-none-eabi-gcc.exe -mcpu=cortex-m0 -mthumb -I..\..\ -I..\..\..\BSP -I..\..\..\BSP\OS\uCOS-III -I..\..\..\..\..\..\Software\uC-CPU -I..\..\..\..\..\..\Software\uC-CPU\ARM-Cortex-M0\GNU -I..\..\..\..\..\..\Software\uC-LIB -I..\..\..\..\..\..\Software\uCOS-III\Source -I..\..\..\..\..\..\Software\uCOS-III\Ports\ARM-Cortex-M0\Generic\GNU -I. -IGenerated_Source\PSoC4 -Wa,-alh=.\CortexM0\ARM_GCC_541\Debug/Temp_Sensor_PM.lst -g -D DEBUG -ffunction-sections -ffat-lto-objects -O0 -c Generated_Source\PSoC4\Temp_Sensor_PM.c -o .\CortexM0\ARM_GCC_541\Debug\Temp_Sensor_PM.o
arm-none-eabi-gcc.exe -mcpu=cortex-m0 -mthumb -I..\..\ -I..\..\..\BSP -I..\..\..\BSP\OS\uCOS-III -I..\..\..\..\..\..\Software\uC-CPU -I..\..\..\..\..\..\Software\uC-CPU\ARM-Cortex-M0\GNU -I..\..\..\..\..\..\Software\uC-LIB -I..\..\..\..\..\..\Software\uCOS-III\Source -I..\..\..\..\..\..\Software\uCOS-III\Ports\ARM-Cortex-M0\Generic\GNU -I. -IGenerated_Source\PSoC4 -Wa,-alh=.\CortexM0\ARM_GCC_541\Debug/Temp_Sensor_INT.lst -g -D DEBUG -ffunction-sections -ffat-lto-objects -O0 -c Generated_Source\PSoC4\Temp_Sensor_INT.c -o .\CortexM0\ARM_GCC_541\Debug\Temp_Sensor_INT.o
arm-none-eabi-gcc.exe -mcpu=cortex-m0 -mthumb -I..\..\ -I..\..\..\BSP -I..\..\..\BSP\OS\uCOS-III -I..\..\..\..\..\..\Software\uC-CPU -I..\..\..\..\..\..\Software\uC-CPU\ARM-Cortex-M0\GNU -I..\..\..\..\..\..\Software\uC-LIB -I..\..\..\..\..\..\Software\uCOS-III\Source -I..\..\..\..\..\..\Software\uCOS-III\Ports\ARM-Cortex-M0\Generic\GNU -I. -IGenerated_Source\PSoC4 -Wa,-alh=.\CortexM0\ARM_GCC_541\Debug/DMA.lst -g -D DEBUG -ffunction-sections -ffat-lto-objects -O0 -c Generated_Source\PSoC4\DMA.c -o .\CortexM0\ARM_GCC_541\Debug\DMA.o
arm-none-eabi-gcc.exe -mcpu=cortex-m0 -mthumb -I..\..\ -I..\..\..\BSP -I..\..\..\BSP\OS\uCOS-III -I..\..\..\..\..\..\Software\uC-CPU -I..\..\..\..\..\..\Software\uC-CPU\ARM-Cortex-M0\GNU -I..\..\..\..\..\..\Software\uC-LIB -I..\..\..\..\..\..\Software\uCOS-III\Source -I..\..\..\..\..\..\Software\uCOS-III\Ports\ARM-Cortex-M0\Generic\GNU -I. -IGenerated_Source\PSoC4 -Wa,-alh=.\CortexM0\ARM_GCC_541\Debug/Pin_OA_Output.lst -g -D DEBUG -ffunction-sections -ffat-lto-objects -O0 -c Generated_Source\PSoC4\Pin_OA_Output.c -o .\CortexM0\ARM_GCC_541\Debug\Pin_OA_Output.o
arm-none-eabi-gcc.exe -mcpu=cortex-m0 -mthumb -I..\..\ -I..\..\..\BSP -I..\..\..\BSP\OS\uCOS-III -I..\..\..\..\..\..\Software\uC-CPU -I..\..\..\..\..\..\Software\uC-CPU\ARM-Cortex-M0\GNU -I..\..\..\..\..\..\Software\uC-LIB -I..\..\..\..\..\..\Software\uCOS-III\Source -I..\..\..\..\..\..\Software\uCOS-III\Ports\ARM-Cortex-M0\Generic\GNU -I. -IGenerated_Source\PSoC4 -Wa,-alh=.\CortexM0\ARM_GCC_541\Debug/Opamp.lst -g -D DEBUG -ffunction-sections -ffat-lto-objects -O0 -c Generated_Source\PSoC4\Opamp.c -o .\CortexM0\ARM_GCC_541\Debug\Opamp.o
arm-none-eabi-gcc.exe -mcpu=cortex-m0 -mthumb -I..\..\ -I..\..\..\BSP -I..\..\..\BSP\OS\uCOS-III -I..\..\..\..\..\..\Software\uC-CPU -I..\..\..\..\..\..\Software\uC-CPU\ARM-Cortex-M0\GNU -I..\..\..\..\..\..\Software\uC-LIB -I..\..\..\..\..\..\Software\uCOS-III\Source -I..\..\..\..\..\..\Software\uCOS-III\Ports\ARM-Cortex-M0\Generic\GNU -I. -IGenerated_Source\PSoC4 -Wa,-alh=.\CortexM0\ARM_GCC_541\Debug/Opamp_PM.lst -g -D DEBUG -ffunction-sections -ffat-lto-objects -O0 -c Generated_Source\PSoC4\Opamp_PM.c -o .\CortexM0\ARM_GCC_541\Debug\Opamp_PM.o
arm-none-eabi-gcc.exe -mcpu=cortex-m0 -mthumb -I..\..\ -I..\..\..\BSP -I..\..\..\BSP\OS\uCOS-III -I..\..\..\..\..\..\Software\uC-CPU -I..\..\..\..\..\..\Software\uC-CPU\ARM-Cortex-M0\GNU -I..\..\..\..\..\..\Software\uC-LIB -I..\..\..\..\..\..\Software\uCOS-III\Source -I..\..\..\..\..\..\Software\uCOS-III\Ports\ARM-Cortex-M0\Generic\GNU -I. -IGenerated_Source\PSoC4 -Wa,-alh=.\CortexM0\ARM_GCC_541\Debug/Pin_OA_NonInverting.lst -g -D DEBUG -ffunction-sections -ffat-lto-objects -O0 -c Generated_Source\PSoC4\Pin_OA_NonInverting.c -o .\CortexM0\ARM_GCC_541\Debug\Pin_OA_NonInverting.o
arm-none-eabi-gcc.exe -mcpu=cortex-m0 -mthumb -I..\..\ -I..\..\..\BSP -I..\..\..\BSP\OS\uCOS-III -I..\..\..\..\..\..\Software\uC-CPU -I..\..\..\..\..\..\Software\uC-CPU\ARM-Cortex-M0\GNU -I..\..\..\..\..\..\Software\uC-LIB -I..\..\..\..\..\..\Software\uCOS-III\Source -I..\..\..\..\..\..\Software\uCOS-III\Ports\ARM-Cortex-M0\Generic\GNU -I. -IGenerated_Source\PSoC4 -Wa,-alh=.\CortexM0\ARM_GCC_541\Debug/Pin_OA_Inverting.lst -g -D DEBUG -ffunction-sections -ffat-lto-objects -O0 -c Generated_Source\PSoC4\Pin_OA_Inverting.c -o .\CortexM0\ARM_GCC_541\Debug\Pin_OA_Inverting.o
arm-none-eabi-gcc.exe -mcpu=cortex-m0 -mthumb -I..\..\ -I..\..\..\BSP -I..\..\..\BSP\OS\uCOS-III -I..\..\..\..\..\..\Software\uC-CPU -I..\..\..\..\..\..\Software\uC-CPU\ARM-Cortex-M0\GNU -I..\..\..\..\..\..\Software\uC-LIB -I..\..\..\..\..\..\Software\uCOS-III\Source -I..\..\..\..\..\..\Software\uCOS-III\Ports\ARM-Cortex-M0\Generic\GNU -I. -IGenerated_Source\PSoC4 -Wa,-alh=.\CortexM0\ARM_GCC_541\Debug/ADC.lst -g -D DEBUG -ffunction-sections -ffat-lto-objects -O0 -c Generated_Source\PSoC4\ADC.c -o .\CortexM0\ARM_GCC_541\Debug\ADC.o
arm-none-eabi-gcc.exe -mcpu=cortex-m0 -mthumb -I..\..\ -I..\..\..\BSP -I..\..\..\BSP\OS\uCOS-III -I..\..\..\..\..\..\Software\uC-CPU -I..\..\..\..\..\..\Software\uC-CPU\ARM-Cortex-M0\GNU -I..\..\..\..\..\..\Software\uC-LIB -I..\..\..\..\..\..\Software\uCOS-III\Source -I..\..\..\..\..\..\Software\uCOS-III\Ports\ARM-Cortex-M0\Generic\GNU -I. -IGenerated_Source\PSoC4 -Wa,-alh=.\CortexM0\ARM_GCC_541\Debug/ADC_PM.lst -g -D DEBUG -ffunction-sections -ffat-lto-objects -O0 -c Generated_Source\PSoC4\ADC_PM.c -o .\CortexM0\ARM_GCC_541\Debug\ADC_PM.o
arm-none-eabi-gcc.exe -mcpu=cortex-m0 -mthumb -I..\..\ -I..\..\..\BSP -I..\..\..\BSP\OS\uCOS-III -I..\..\..\..\..\..\Software\uC-CPU -I..\..\..\..\..\..\Software\uC-CPU\ARM-Cortex-M0\GNU -I..\..\..\..\..\..\Software\uC-LIB -I..\..\..\..\..\..\Software\uCOS-III\Source -I..\..\..\..\..\..\Software\uCOS-III\Ports\ARM-Cortex-M0\Generic\GNU -I. -IGenerated_Source\PSoC4 -Wa,-alh=.\CortexM0\ARM_GCC_541\Debug/ADC_INT.lst -g -D DEBUG -ffunction-sections -ffat-lto-objects -O0 -c Generated_Source\PSoC4\ADC_INT.c -o .\CortexM0\ARM_GCC_541\Debug\ADC_INT.o
arm-none-eabi-gcc.exe -mcpu=cortex-m0 -mthumb -I..\..\ -I..\..\..\BSP -I..\..\..\BSP\OS\uCOS-III -I..\..\..\..\..\..\Software\uC-CPU -I..\..\..\..\..\..\Software\uC-CPU\ARM-Cortex-M0\GNU -I..\..\..\..\..\..\Software\uC-LIB -I..\..\..\..\..\..\Software\uCOS-III\Source -I..\..\..\..\..\..\Software\uCOS-III\Ports\ARM-Cortex-M0\Generic\GNU -I. -IGenerated_Source\PSoC4 -Wa,-alh=.\CortexM0\ARM_GCC_541\Debug/I2C_SCBCLK.lst -g -D DEBUG -ffunction-sections -ffat-lto-objects -O0 -c Generated_Source\PSoC4\I2C_SCBCLK.c -o .\CortexM0\ARM_GCC_541\Debug\I2C_SCBCLK.o
arm-none-eabi-gcc.exe -mcpu=cortex-m0 -mthumb -I..\..\ -I..\..\..\BSP -I..\..\..\BSP\OS\uCOS-III -I..\..\..\..\..\..\Software\uC-CPU -I..\..\..\..\..\..\Software\uC-CPU\ARM-Cortex-M0\GNU -I..\..\..\..\..\..\Software\uC-LIB -I..\..\..\..\..\..\Software\uCOS-III\Source -I..\..\..\..\..\..\Software\uCOS-III\Ports\ARM-Cortex-M0\Generic\GNU -I. -IGenerated_Source\PSoC4 -Wa,-alh=.\CortexM0\ARM_GCC_541\Debug/I2C_sda.lst -g -D DEBUG -ffunction-sections -ffat-lto-objects -O0 -c Generated_Source\PSoC4\I2C_sda.c -o .\CortexM0\ARM_GCC_541\Debug\I2C_sda.o
arm-none-eabi-gcc.exe -mcpu=cortex-m0 -mthumb -I..\..\ -I..\..\..\BSP -I..\..\..\BSP\OS\uCOS-III -I..\..\..\..\..\..\Software\uC-CPU -I..\..\..\..\..\..\Software\uC-CPU\ARM-Cortex-M0\GNU -I..\..\..\..\..\..\Software\uC-LIB -I..\..\..\..\..\..\Software\uCOS-III\Source -I..\..\..\..\..\..\Software\uCOS-III\Ports\ARM-Cortex-M0\Generic\GNU -I. -IGenerated_Source\PSoC4 -Wa,-alh=.\CortexM0\ARM_GCC_541\Debug/I2C_scl.lst -g -D DEBUG -ffunction-sections -ffat-lto-objects -O0 -c Generated_Source\PSoC4\I2C_scl.c -o .\CortexM0\ARM_GCC_541\Debug\I2C_scl.o
arm-none-eabi-gcc.exe -mcpu=cortex-m0 -mthumb -I..\..\ -I..\..\..\BSP -I..\..\..\BSP\OS\uCOS-III -I..\..\..\..\..\..\Software\uC-CPU -I..\..\..\..\..\..\Software\uC-CPU\ARM-Cortex-M0\GNU -I..\..\..\..\..\..\Software\uC-LIB -I..\..\..\..\..\..\Software\uCOS-III\Source -I..\..\..\..\..\..\Software\uCOS-III\Ports\ARM-Cortex-M0\Generic\GNU -I. -IGenerated_Source\PSoC4 -Wa,-alh=.\CortexM0\ARM_GCC_541\Debug/I2C_SCB_IRQ.lst -g -D DEBUG -ffunction-sections -ffat-lto-objects -O0 -c Generated_Source\PSoC4\I2C_SCB_IRQ.c -o .\CortexM0\ARM_GCC_541\Debug\I2C_SCB_IRQ.o
arm-none-eabi-gcc.exe -mcpu=cortex-m0 -mthumb -I..\..\ -I..\..\..\BSP -I..\..\..\BSP\OS\uCOS-III -I..\..\..\..\..\..\Software\uC-CPU -I..\..\..\..\..\..\Software\uC-CPU\ARM-Cortex-M0\GNU -I..\..\..\..\..\..\Software\uC-LIB -I..\..\..\..\..\..\Software\uCOS-III\Source -I..\..\..\..\..\..\Software\uCOS-III\Ports\ARM-Cortex-M0\Generic\GNU -I. -IGenerated_Source\PSoC4 -Wa,-alh=.\CortexM0\ARM_GCC_541\Debug/Temp_Sensor_EOC_ISR.lst -g -D DEBUG -ffunction-sections -ffat-lto-objects -O0 -c Generated_Source\PSoC4\Temp_Sensor_EOC_ISR.c -o .\CortexM0\ARM_GCC_541\Debug\Temp_Sensor_EOC_ISR.o
arm-none-eabi-gcc.exe -mcpu=cortex-m0 -mthumb -I..\..\ -I..\..\..\BSP -I..\..\..\BSP\OS\uCOS-III -I..\..\..\..\..\..\Software\uC-CPU -I..\..\..\..\..\..\Software\uC-CPU\ARM-Cortex-M0\GNU -I..\..\..\..\..\..\Software\uC-LIB -I..\..\..\..\..\..\Software\uCOS-III\Source -I..\..\..\..\..\..\Software\uCOS-III\Ports\ARM-Cortex-M0\Generic\GNU -I. -IGenerated_Source\PSoC4 -Wa,-alh=.\CortexM0\ARM_GCC_541\Debug/ADC_IRQ.lst -g -D DEBUG -ffunction-sections -ffat-lto-objects -O0 -c Generated_Source\PSoC4\ADC_IRQ.c -o .\CortexM0\ARM_GCC_541\Debug\ADC_IRQ.o
arm-none-eabi-gcc.exe -mcpu=cortex-m0 -mthumb -I..\..\ -I..\..\..\BSP -I..\..\..\BSP\OS\uCOS-III -I..\..\..\..\..\..\Software\uC-CPU -I..\..\..\..\..\..\Software\uC-CPU\ARM-Cortex-M0\GNU -I..\..\..\..\..\..\Software\uC-LIB -I..\..\..\..\..\..\Software\uCOS-III\Source -I..\..\..\..\..\..\Software\uCOS-III\Ports\ARM-Cortex-M0\Generic\GNU -I. -IGenerated_Source\PSoC4 -Wa,-alh=.\CortexM0\ARM_GCC_541\Debug/ADC_intClock.lst -g -D DEBUG -ffunction-sections -ffat-lto-objects -O0 -c Generated_Source\PSoC4\ADC_intClock.c -o .\CortexM0\ARM_GCC_541\Debug\ADC_intClock.o
arm-none-eabi-gcc.exe -mcpu=cortex-m0 -mthumb -I..\..\ -I..\..\..\BSP -I..\..\..\BSP\OS\uCOS-III -I..\..\..\..\..\..\Software\uC-CPU -I..\..\..\..\..\..\Software\uC-CPU\ARM-Cortex-M0\GNU -I..\..\..\..\..\..\Software\uC-LIB -I..\..\..\..\..\..\Software\uCOS-III\Source -I..\..\..\..\..\..\Software\uCOS-III\Ports\ARM-Cortex-M0\Generic\GNU -I. -IGenerated_Source\PSoC4 -Wa,-alh=.\CortexM0\ARM_GCC_541\Debug/cy_em_eeprom.lst -g -D DEBUG -ffunction-sections -ffat-lto-objects -O0 -c Generated_Source\PSoC4\cy_em_eeprom.c -o .\CortexM0\ARM_GCC_541\Debug\cy_em_eeprom.o
arm-none-eabi-gcc.exe -mcpu=cortex-m0 -mthumb -I..\..\ -I..\..\..\BSP -I..\..\..\BSP\OS\uCOS-III -I..\..\..\..\..\..\Software\uC-CPU -I..\..\..\..\..\..\Software\uC-CPU\ARM-Cortex-M0\GNU -I..\..\..\..\..\..\Software\uC-LIB -I..\..\..\..\..\..\Software\uCOS-III\Source -I..\..\..\..\..\..\Software\uCOS-III\Ports\ARM-Cortex-M0\Generic\GNU -I. -IGenerated_Source\PSoC4 -Wa,-alh=.\CortexM0\ARM_GCC_541\Debug/Cm0Start.lst -g -D DEBUG -ffunction-sections -ffat-lto-objects -O0 -c Generated_Source\PSoC4\Cm0Start.c -o .\CortexM0\ARM_GCC_541\Debug\Cm0Start.o
arm-none-eabi-gcc.exe -mcpu=cortex-m0 -mthumb -I..\..\ -I..\..\..\BSP -I..\..\..\BSP\OS\uCOS-III -I..\..\..\..\..\..\Software\uC-CPU -I..\..\..\..\..\..\Software\uC-CPU\ARM-Cortex-M0\GNU -I..\..\..\..\..\..\Software\uC-LIB -I..\..\..\..\..\..\Software\uCOS-III\Source -I..\..\..\..\..\..\Software\uCOS-III\Ports\ARM-Cortex-M0\Generic\GNU -I. -IGenerated_Source\PSoC4 -Wa,-alh=.\CortexM0\ARM_GCC_541\Debug/CyFlash.lst -g -D DEBUG -ffunction-sections -ffat-lto-objects -O0 -c Generated_Source\PSoC4\CyFlash.c -o .\CortexM0\ARM_GCC_541\Debug\CyFlash.o
arm-none-eabi-gcc.exe -mcpu=cortex-m0 -mthumb -I..\..\ -I..\..\..\BSP -I..\..\..\BSP\OS\uCOS-III -I..\..\..\..\..\..\Software\uC-CPU -I..\..\..\..\..\..\Software\uC-CPU\ARM-Cortex-M0\GNU -I..\..\..\..\..\..\Software\uC-LIB -I..\..\..\..\..\..\Software\uCOS-III\Source -I..\..\..\..\..\..\Software\uCOS-III\Ports\ARM-Cortex-M0\Generic\GNU -I. -IGenerated_Source\PSoC4 -Wa,-alh=.\CortexM0\ARM_GCC_541\Debug/CyLib.lst -g -D DEBUG -ffunction-sections -ffat-lto-objects -O0 -c Generated_Source\PSoC4\CyLib.c -o .\CortexM0\ARM_GCC_541\Debug\CyLib.o
arm-none-eabi-gcc.exe -mcpu=cortex-m0 -mthumb -I..\..\ -I..\..\..\BSP -I..\..\..\BSP\OS\uCOS-III -I..\..\..\..\..\..\Software\uC-CPU -I..\..\..\..\..\..\Software\uC-CPU\ARM-Cortex-M0\GNU -I..\..\..\..\..\..\Software\uC-LIB -I..\..\..\..\..\..\Software\uCOS-III\Source -I..\..\..\..\..\..\Software\uCOS-III\Ports\ARM-Cortex-M0\Generic\GNU -I. -IGenerated_Source\PSoC4 -Wa,-alh=.\CortexM0\ARM_GCC_541\Debug/cyPm.lst -g -D DEBUG -ffunction-sections -ffat-lto-objects -O0 -c Generated_Source\PSoC4\cyPm.c -o .\CortexM0\ARM_GCC_541\Debug\cyPm.o
arm-none-eabi-gcc.exe -mcpu=cortex-m0 -mthumb -I..\..\ -I..\..\..\BSP -I..\..\..\BSP\OS\uCOS-III -I..\..\..\..\..\..\Software\uC-CPU -I..\..\..\..\..\..\Software\uC-CPU\ARM-Cortex-M0\GNU -I..\..\..\..\..\..\Software\uC-LIB -I..\..\..\..\..\..\Software\uCOS-III\Source -I..\..\..\..\..\..\Software\uCOS-III\Ports\ARM-Cortex-M0\Generic\GNU -I. -IGenerated_Source\PSoC4 -Wa,-alh=.\CortexM0\ARM_GCC_541\Debug/cyutils.lst -g -D DEBUG -ffunction-sections -ffat-lto-objects -O0 -c Generated_Source\PSoC4\cyutils.c -o .\CortexM0\ARM_GCC_541\Debug\cyutils.o
arm-none-eabi-gcc.exe -mcpu=cortex-m0 -mthumb -I..\..\ -I..\..\..\BSP -I..\..\..\BSP\OS\uCOS-III -I..\..\..\..\..\..\Software\uC-CPU -I..\..\..\..\..\..\Software\uC-CPU\ARM-Cortex-M0\GNU -I..\..\..\..\..\..\Software\uC-LIB -I..\..\..\..\..\..\Software\uCOS-III\Source -I..\..\..\..\..\..\Software\uCOS-III\Ports\ARM-Cortex-M0\Generic\GNU -I. -IGenerated_Source\PSoC4 -Wa,-alh=.\CortexM0\ARM_GCC_541\Debug/CyDMA.lst -g -D DEBUG -ffunction-sections -ffat-lto-objects -O0 -c Generated_Source\PSoC4\CyDMA.c -o .\CortexM0\ARM_GCC_541\Debug\CyDMA.o
arm-none-eabi-gcc.exe -mcpu=cortex-m0 -mthumb -I..\..\ -I..\..\..\BSP -I..\..\..\BSP\OS\uCOS-III -I..\..\..\..\..\..\Software\uC-CPU -I..\..\..\..\..\..\Software\uC-CPU\ARM-Cortex-M0\GNU -I..\..\..\..\..\..\Software\uC-LIB -I..\..\..\..\..\..\Software\uCOS-III\Source -I..\..\..\..\..\..\Software\uCOS-III\Ports\ARM-Cortex-M0\Generic\GNU -I. -IGenerated_Source\PSoC4 -Wa,-alh=.\CortexM0\ARM_GCC_541\Debug/CyLFClk.lst -g -D DEBUG -ffunction-sections -ffat-lto-objects -O0 -c Generated_Source\PSoC4\CyLFClk.c -o .\CortexM0\ARM_GCC_541\Debug\CyLFClk.o
arm-none-eabi-as.exe -mcpu=cortex-m0 -mthumb -I..\..\..\..\..\..\Software\uC-CPU\ARM-Cortex-M0\GNU -I..\..\..\..\..\..\Software\uCOS-III\Ports\ARM-Cortex-M0\Generic\GNU -I. -IGenerated_Source\PSoC4 -alh=.\CortexM0\ARM_GCC_541\Debug/cpu_a.lst -g -o .\CortexM0\ARM_GCC_541\Debug\cpu_a.o ..\..\..\..\..\..\Software\uC-CPU\ARM-Cortex-M0\GNU\cpu_a.s
arm-none-eabi-as.exe -mcpu=cortex-m0 -mthumb -I..\..\..\..\..\..\Software\uC-CPU\ARM-Cortex-M0\GNU -I..\..\..\..\..\..\Software\uCOS-III\Ports\ARM-Cortex-M0\Generic\GNU -I. -IGenerated_Source\PSoC4 -alh=.\CortexM0\ARM_GCC_541\Debug/os_cpu_a.lst -g -o .\CortexM0\ARM_GCC_541\Debug\os_cpu_a.o ..\..\..\..\..\..\Software\uCOS-III\Ports\ARM-Cortex-M0\Generic\GNU\os_cpu_a.s
arm-none-eabi-as.exe -mcpu=cortex-m0 -mthumb -I..\..\..\..\..\..\Software\uC-CPU\ARM-Cortex-M0\GNU -I..\..\..\..\..\..\Software\uCOS-III\Ports\ARM-Cortex-M0\Generic\GNU -I. -IGenerated_Source\PSoC4 -alh=.\CortexM0\ARM_GCC_541\Debug/CyBootAsmGnu.lst -g -o .\CortexM0\ARM_GCC_541\Debug\CyBootAsmGnu.o Generated_Source\PSoC4\CyBootAsmGnu.s
arm-none-eabi-ar.exe -rs .\CortexM0\ARM_GCC_541\Debug\OS3.a .\CortexM0\ARM_GCC_541\Debug\Clock_PWM.o .\CortexM0\ARM_GCC_541\Debug\PWM_Blue.o .\CortexM0\ARM_GCC_541\Debug\PWM_Blue_PM.o .\CortexM0\ARM_GCC_541\Debug\PWM_Green.o .\CortexM0\ARM_GCC_541\Debug\PWM_Green_PM.o .\CortexM0\ARM_GCC_541\Debug\PWM_Red.o .\CortexM0\ARM_GCC_541\Debug\PWM_Red_PM.o .\CortexM0\ARM_GCC_541\Debug\Pin_BlueLED.o .\CortexM0\ARM_GCC_541\Debug\Pin_GreenLED.o .\CortexM0\ARM_GCC_541\Debug\Pin_RedLED.o .\CortexM0\ARM_GCC_541\Debug\Accel_Pin.o .\CortexM0\ARM_GCC_541\Debug\I2C.o .\CortexM0\ARM_GCC_541\Debug\I2C_I2C_INT.o .\CortexM0\ARM_GCC_541\Debug\I2C_I2C.o .\CortexM0\ARM_GCC_541\Debug\I2C_I2C_BOOT.o .\CortexM0\ARM_GCC_541\Debug\I2C_I2C_MASTER.o .\CortexM0\ARM_GCC_541\Debug\I2C_PM.o .\CortexM0\ARM_GCC_541\Debug\I2C_BOOT.o .\CortexM0\ARM_GCC_541\Debug\SW2.o .\CortexM0\ARM_GCC_541\Debug\Accel_ISR.o .\CortexM0\ARM_GCC_541\Debug\temp_raw.o .\CortexM0\ARM_GCC_541\Debug\temp_conv.o .\CortexM0\ARM_GCC_541\Debug\Clock_Temp.o .\CortexM0\ARM_GCC_541\Debug\Temp_Sensor.o .\CortexM0\ARM_GCC_541\Debug\Temp_Sensor_PM.o .\CortexM0\ARM_GCC_541\Debug\Temp_Sensor_INT.o .\CortexM0\ARM_GCC_541\Debug\DMA.o .\CortexM0\ARM_GCC_541\Debug\Pin_OA_Output.o .\CortexM0\ARM_GCC_541\Debug\Opamp.o .\CortexM0\ARM_GCC_541\Debug\Opamp_PM.o .\CortexM0\ARM_GCC_541\Debug\Pin_OA_NonInverting.o .\CortexM0\ARM_GCC_541\Debug\Pin_OA_Inverting.o .\CortexM0\ARM_GCC_541\Debug\ADC.o .\CortexM0\ARM_GCC_541\Debug\ADC_PM.o .\CortexM0\ARM_GCC_541\Debug\ADC_INT.o .\CortexM0\ARM_GCC_541\Debug\I2C_SCBCLK.o .\CortexM0\ARM_GCC_541\Debug\I2C_sda.o .\CortexM0\ARM_GCC_541\Debug\I2C_scl.o .\CortexM0\ARM_GCC_541\Debug\I2C_SCB_IRQ.o .\CortexM0\ARM_GCC_541\Debug\Temp_Sensor_EOC_ISR.o .\CortexM0\ARM_GCC_541\Debug\ADC_IRQ.o .\CortexM0\ARM_GCC_541\Debug\ADC_intClock.o .\CortexM0\ARM_GCC_541\Debug\cy_em_eeprom.o .\CortexM0\ARM_GCC_541\Debug\CyFlash.o .\CortexM0\ARM_GCC_541\Debug\CyLib.o .\CortexM0\ARM_GCC_541\Debug\cyPm.o .\CortexM0\ARM_GCC_541\Debug\cyutils.o .\CortexM0\ARM_GCC_541\Debug\CyDMA.o .\CortexM0\ARM_GCC_541\Debug\CyLFClk.o .\CortexM0\ARM_GCC_541\Debug\CyBootAsmGnu.o
arm-none-eabi-ar.exe: creating .\CortexM0\ARM_GCC_541\Debug\OS3.a
arm-none-eabi-gcc.exe -Wl,--start-group -o D:\CYTEST\Micrium_CY8CKIT-044_OS3\Examples\Cypress\CY8CKIT-044\OS3\PSoC\OS3.cydsn\CortexM0\ARM_GCC_541\Debug\OS3.elf .\CortexM0\ARM_GCC_541\Debug\app.o .\CortexM0\ARM_GCC_541\Debug\os_app_hooks.o .\CortexM0\ARM_GCC_541\Debug\bsp_os.o .\CortexM0\ARM_GCC_541\Debug\cpu_bsp.o .\CortexM0\ARM_GCC_541\Debug\bsp.o .\CortexM0\ARM_GCC_541\Debug\cpu_c.o .\CortexM0\ARM_GCC_541\Debug\cpu_core.o .\CortexM0\ARM_GCC_541\Debug\os_cpu_c.o .\CortexM0\ARM_GCC_541\Debug\os_cfg_app.o .\CortexM0\ARM_GCC_541\Debug\os_core.o .\CortexM0\ARM_GCC_541\Debug\os_dbg.o .\CortexM0\ARM_GCC_541\Debug\os_flag.o .\CortexM0\ARM_GCC_541\Debug\os_int.o .\CortexM0\ARM_GCC_541\Debug\os_mem.o .\CortexM0\ARM_GCC_541\Debug\os_mon.o .\CortexM0\ARM_GCC_541\Debug\os_msg.o .\CortexM0\ARM_GCC_541\Debug\os_mutex.o .\CortexM0\ARM_GCC_541\Debug\os_pend_multi.o .\CortexM0\ARM_GCC_541\Debug\os_prio.o .\CortexM0\ARM_GCC_541\Debug\os_q.o .\CortexM0\ARM_GCC_541\Debug\os_sem.o .\CortexM0\ARM_GCC_541\Debug\os_stat.o .\CortexM0\ARM_GCC_541\Debug\os_task.o .\CortexM0\ARM_GCC_541\Debug\os_tick.o .\CortexM0\ARM_GCC_541\Debug\os_time.o .\CortexM0\ARM_GCC_541\Debug\os_tmr.o .\CortexM0\ARM_GCC_541\Debug\os_var.o .\CortexM0\ARM_GCC_541\Debug\lib_ascii.o .\CortexM0\ARM_GCC_541\Debug\lib_math.o .\CortexM0\ARM_GCC_541\Debug\lib_mem.o .\CortexM0\ARM_GCC_541\Debug\lib_str.o .\CortexM0\ARM_GCC_541\Debug\cyfitter_cfg.o .\CortexM0\ARM_GCC_541\Debug\cymetadata.o .\CortexM0\ARM_GCC_541\Debug\Cm0Start.o .\CortexM0\ARM_GCC_541\Debug\cpu_a.o .\CortexM0\ARM_GCC_541\Debug\os_cpu_a.o .\CortexM0\ARM_GCC_541\Debug\OS3.a -mcpu=cortex-m0 -mthumb -L Generated_Source\PSoC4 -Wl,-Map,.\CortexM0\ARM_GCC_541\Debug/OS3.map -T Generated_Source\PSoC4\cm0gcc.ld -specs=nano.specs -g -ffunction-sections -O0 -ffat-lto-objects -Wl,--end-group
cyelftool.exe -C D:\CYTEST\Micrium_CY8CKIT-044_OS3\Examples\Cypress\CY8CKIT-044\OS3\PSoC\OS3.cydsn\CortexM0\ARM_GCC_541\Debug\OS3.elf --flash_row_size 128 --flash_size 131072 --flash_offset 0x00000000
No ELF section .cychecksum found, creating one
Application checksum calculated and stored in ELF section .cychecksum
Checksum calculated and stored in ELF section .cymeta
cyelftool.exe -S D:\CYTEST\Micrium_CY8CKIT-044_OS3\Examples\Cypress\CY8CKIT-044\OS3\PSoC\OS3.cydsn\CortexM0\ARM_GCC_541\Debug\OS3.elf
Flash used: 82334 of 131072 bytes (62.8%).
SRAM used: 11684 of 16384 bytes (71.3%). Stack: 2048 bytes. Heap: 128 bytes.
--------------- Rebuild Succeeded: 12/22/2018 15:32:32 ---------------
